CRITICAL - 2025-09-29 10:15:00 --> CodeIgniter\HTTP\Exceptions\BadRequestException: The URI you submitted has disallowed characters: "produk'"
[Method: GET, Route: produk%27]
in SYSTEMPATH\Router\Router.php on line 741.
 1 SYSTEMPATH\Router\Router.php(207): CodeIgniter\Router\Router->checkDisallowedChars('produk\'')
 2 SYSTEMPATH\CodeIgniter.php(832): CodeIgniter\Router\Router->handle('produk\'')
 3 SYSTEMPATH\CodeIgniter.php(455): CodeIgniter\CodeIgniter->tryToRouteIt(Object(CodeIgniter\Router\RouteCollection))
 4 SYSTEMPATH\CodeIgniter.php(354): CodeIgniter\CodeIgniter->handleRequest(null, Object(Config\Cache), false)
 5 SYSTEMPATH\Boot.php(363): CodeIgniter\CodeIgniter->run()
 6 SYSTEMPATH\Boot.php(68): CodeIgniter\Boot::runCodeIgniter(Object(CodeIgniter\CodeIgniter))
 7 FCPATH\index.php(59): CodeIgniter\Boot::bootWeb(Object(Config\Paths))
 8 SYSTEMPATH\rewrite.php(44): require_once('D:\\RONAL\\KULIAH\\SEMESTER 5\\WEB 2\\Pratikum1\\public\\index.php')
CRITICAL - 2025-09-29 10:15:02 --> CodeIgniter\View\Exceptions\ViewException: Invalid file: "prduk.php"
[Method: GET, Route: produk]
in SYSTEMPATH\Exceptions\FrameworkException.php on line 39.
 1 SYSTEMPATH\View\View.php(214): CodeIgniter\Exceptions\FrameworkException::forInvalidFile('prduk.php')
 2 SYSTEMPATH\Common.php(1167): CodeIgniter\View\View->render('prduk', [], true)
 3 APPPATH\Controllers\Entriproduk.php(12): view('prduk')
 4 SYSTEMPATH\CodeIgniter.php(933): App\Controllers\Entriproduk->index()
 5 SYSTEMPATH\CodeIgniter.php(507): CodeIgniter\CodeIgniter->runController(Object(App\Controllers\Entriproduk))
 6 SYSTEMPATH\CodeIgniter.php(354): CodeIgniter\CodeIgniter->handleRequest(null, Object(Config\Cache), false)
 7 SYSTEMPATH\Boot.php(363): CodeIgniter\CodeIgniter->run()
 8 SYSTEMPATH\Boot.php(68): CodeIgniter\Boot::runCodeIgniter(Object(CodeIgniter\CodeIgniter))
 9 FCPATH\index.php(59): CodeIgniter\Boot::bootWeb(Object(Config\Paths))
10 SYSTEMPATH\rewrite.php(44): require_once('D:\\RONAL\\KULIAH\\SEMESTER 5\\WEB 2\\Pratikum1\\public\\index.php')
CRITICAL - 2025-09-29 10:15:17 --> CodeIgniter\View\Exceptions\ViewException: Invalid file: "prduk.php"
[Method: GET, Route: produk]
in SYSTEMPATH\Exceptions\FrameworkException.php on line 39.
 1 SYSTEMPATH\View\View.php(214): CodeIgniter\Exceptions\FrameworkException::forInvalidFile('prduk.php')
 2 SYSTEMPATH\Common.php(1167): CodeIgniter\View\View->render('prduk', [], true)
 3 APPPATH\Controllers\Entriproduk.php(12): view('prduk')
 4 SYSTEMPATH\CodeIgniter.php(933): App\Controllers\Entriproduk->index()
 5 SYSTEMPATH\CodeIgniter.php(507): CodeIgniter\CodeIgniter->runController(Object(App\Controllers\Entriproduk))
 6 SYSTEMPATH\CodeIgniter.php(354): CodeIgniter\CodeIgniter->handleRequest(null, Object(Config\Cache), false)
 7 SYSTEMPATH\Boot.php(363): CodeIgniter\CodeIgniter->run()
 8 SYSTEMPATH\Boot.php(68): CodeIgniter\Boot::runCodeIgniter(Object(CodeIgniter\CodeIgniter))
 9 FCPATH\index.php(59): CodeIgniter\Boot::bootWeb(Object(Config\Paths))
10 SYSTEMPATH\rewrite.php(44): require_once('D:\\RONAL\\KULIAH\\SEMESTER 5\\WEB 2\\Pratikum1\\public\\index.php')
