CRITICAL - 2025-09-23 10:16:04 --> CodeIgniter\View\Exceptions\ViewException: Invalid file: "profil_saya.php"
[Method: GET, Route: biodata]
in SYSTEMPATH\Exceptions\FrameworkException.php on line 39.
 1 SYSTEMPATH\View\View.php(214): CodeIgniter\Exceptions\FrameworkException::forInvalidFile('profil_saya.php')
 2 SYSTEMPATH\Common.php(1167): CodeIgniter\View\View->render('profil_saya', [], true)
 3 APPPATH\Controllers\Biodata.php(23): view('profil_saya', [...])
 4 SYSTEMPATH\CodeIgniter.php(933): App\Controllers\Biodata->index()
 5 SYSTEMPATH\CodeIgniter.php(507): CodeIgniter\CodeIgniter->runController(Object(App\Controllers\Biodata))
 6 SYSTEMPATH\CodeIgniter.php(354): CodeIgniter\CodeIgniter->handleRequest(null, Object(Config\Cache), false)
 7 SYSTEMPATH\Boot.php(363): CodeIgniter\CodeIgniter->run()
 8 SYSTEMPATH\Boot.php(68): CodeIgniter\Boot::runCodeIgniter(Object(CodeIgniter\CodeIgniter))
 9 FCPATH\index.php(59): CodeIgniter\Boot::bootWeb(Object(Config\Paths))
10 SYSTEMPATH\rewrite.php(44): require_once('D:\\RONAL\\KULIAH\\SEMESTER 5\\WEB 2\\Pratikum1\\public\\index.php')
CRITICAL - 2025-09-23 10:16:06 --> CodeIgniter\View\Exceptions\ViewException: Invalid file: "profil_saya.php"
[Method: GET, Route: biodata]
in SYSTEMPATH\Exceptions\FrameworkException.php on line 39.
 1 SYSTEMPATH\View\View.php(214): CodeIgniter\Exceptions\FrameworkException::forInvalidFile('profil_saya.php')
 2 SYSTEMPATH\Common.php(1167): CodeIgniter\View\View->render('profil_saya', [], true)
 3 APPPATH\Controllers\Biodata.php(23): view('profil_saya', [...])
 4 SYSTEMPATH\CodeIgniter.php(933): App\Controllers\Biodata->index()
 5 SYSTEMPATH\CodeIgniter.php(507): CodeIgniter\CodeIgniter->runController(Object(App\Controllers\Biodata))
 6 SYSTEMPATH\CodeIgniter.php(354): CodeIgniter\CodeIgniter->handleRequest(null, Object(Config\Cache), false)
 7 SYSTEMPATH\Boot.php(363): CodeIgniter\CodeIgniter->run()
 8 SYSTEMPATH\Boot.php(68): CodeIgniter\Boot::runCodeIgniter(Object(CodeIgniter\CodeIgniter))
 9 FCPATH\index.php(59): CodeIgniter\Boot::bootWeb(Object(Config\Paths))
10 SYSTEMPATH\rewrite.php(44): require_once('D:\\RONAL\\KULIAH\\SEMESTER 5\\WEB 2\\Pratikum1\\public\\index.php')
