ERROR - 2025-10-20 09:56:34 --> Error connecting to the database: mysqli_sql_exception: No connection could be made because the target machine actively refused it in D:\RONAL\KULIAH\SEMESTER 5\WEB 2\Pratikum1\system\Database\MySQLi\Connection.php:201
Stack trace:
#0 D:\RONAL\KULIAH\SEMESTER 5\WEB 2\Pratikum1\system\Database\MySQLi\Connection.php(201): mysqli->real_connect('localhost', 'root', Object(SensitiveParameterValue), 'dbsppd', 3306, '', 0)
#1 D:\RONAL\KULIAH\SEMESTER 5\WEB 2\Pratikum1\system\Database\BaseConnection.php(419): CodeIgniter\Database\MySQLi\Connection->connect(false)
#2 D:\RONAL\KULIAH\SEMESTER 5\WEB 2\Pratikum1\system\Database\BaseConnection.php(614): CodeIgniter\Database\BaseConnection->initialize()
#3 D:\RONAL\KULIAH\SEMESTER 5\WEB 2\Pratikum1\system\Database\BaseConnection.php(1525): CodeIgniter\Database\BaseConnection->query('SHOW TABLES FRO...')
#4 D:\RONAL\KULIAH\SEMESTER 5\WEB 2\Pratikum1\system\Database\BaseConnection.php(1545): CodeIgniter\Database\BaseConnection->listTables()
#5 D:\RONAL\KULIAH\SEMESTER 5\WEB 2\Pratikum1\system\Database\MigrationRunner.php(768): CodeIgniter\Database\BaseConnection->tableExists('migrations')
#6 D:\RONAL\KULIAH\SEMESTER 5\WEB 2\Pratikum1\system\Database\MigrationRunner.php(162): CodeIgniter\Database\MigrationRunner->ensureTable()
#7 D:\RONAL\KULIAH\SEMESTER 5\WEB 2\Pratikum1\system\Commands\Database\Migrate.php(85): CodeIgniter\Database\MigrationRunner->latest(NULL)
#8 D:\RONAL\KULIAH\SEMESTER 5\WEB 2\Pratikum1\system\CLI\Commands.php(74): CodeIgniter\Commands\Database\Migrate->run(Array)
#9 D:\RONAL\KULIAH\SEMESTER 5\WEB 2\Pratikum1\system\CLI\Console.php(47): CodeIgniter\CLI\Commands->run('migrate', Array)
#10 D:\RONAL\KULIAH\SEMESTER 5\WEB 2\Pratikum1\system\Boot.php(388): CodeIgniter\CLI\Console->run()
#11 D:\RONAL\KULIAH\SEMESTER 5\WEB 2\Pratikum1\system\Boot.php(133): CodeIgniter\Boot::runCommand(Object(CodeIgniter\CLI\Console))
#12 D:\RONAL\KULIAH\SEMESTER 5\WEB 2\Pratikum1\spark(87): CodeIgniter\Boot::bootSpark(Object(Config\Paths))
#13 {main}

Next CodeIgniter\Database\Exceptions\DatabaseException: No connection could be made because the target machine actively refused it in D:\RONAL\KULIAH\SEMESTER 5\WEB 2\Pratikum1\system\Database\MySQLi\Connection.php:246
Stack trace:
#0 D:\RONAL\KULIAH\SEMESTER 5\WEB 2\Pratikum1\system\Database\BaseConnection.php(419): CodeIgniter\Database\MySQLi\Connection->connect(false)
#1 D:\RONAL\KULIAH\SEMESTER 5\WEB 2\Pratikum1\system\Database\BaseConnection.php(614): CodeIgniter\Database\BaseConnection->initialize()
#2 D:\RONAL\KULIAH\SEMESTER 5\WEB 2\Pratikum1\system\Database\BaseConnection.php(1525): CodeIgniter\Database\BaseConnection->query('SHOW TABLES FRO...')
#3 D:\RONAL\KULIAH\SEMESTER 5\WEB 2\Pratikum1\system\Database\BaseConnection.php(1545): CodeIgniter\Database\BaseConnection->listTables()
#4 D:\RONAL\KULIAH\SEMESTER 5\WEB 2\Pratikum1\system\Database\MigrationRunner.php(768): CodeIgniter\Database\BaseConnection->tableExists('migrations')
#5 D:\RONAL\KULIAH\SEMESTER 5\WEB 2\Pratikum1\system\Database\MigrationRunner.php(162): CodeIgniter\Database\MigrationRunner->ensureTable()
#6 D:\RONAL\KULIAH\SEMESTER 5\WEB 2\Pratikum1\system\Commands\Database\Migrate.php(85): CodeIgniter\Database\MigrationRunner->latest(NULL)
#7 D:\RONAL\KULIAH\SEMESTER 5\WEB 2\Pratikum1\system\CLI\Commands.php(74): CodeIgniter\Commands\Database\Migrate->run(Array)
#8 D:\RONAL\KULIAH\SEMESTER 5\WEB 2\Pratikum1\system\CLI\Console.php(47): CodeIgniter\CLI\Commands->run('migrate', Array)
#9 D:\RONAL\KULIAH\SEMESTER 5\WEB 2\Pratikum1\system\Boot.php(388): CodeIgniter\CLI\Console->run()
#10 D:\RONAL\KULIAH\SEMESTER 5\WEB 2\Pratikum1\system\Boot.php(133): CodeIgniter\Boot::runCommand(Object(CodeIgniter\CLI\Console))
#11 D:\RONAL\KULIAH\SEMESTER 5\WEB 2\Pratikum1\spark(87): CodeIgniter\Boot::bootSpark(Object(Config\Paths))
#12 {main}
ERROR - 2025-10-20 10:43:37 --> mysqli_sql_exception: Can't create table `db_projek`.`paket_bus` (errno: 150 "Foreign key constraint is incorrectly formed") in D:\RONAL\KULIAH\SEMESTER 5\WEB 2\PRTIKUM KE 2\system\Database\MySQLi\Connection.php:327
Stack trace:
#0 D:\RONAL\KULIAH\SEMESTER 5\WEB 2\PRTIKUM KE 2\system\Database\MySQLi\Connection.php(327): mysqli->query('CREATE TABLE `p...', 0)
#1 D:\RONAL\KULIAH\SEMESTER 5\WEB 2\PRTIKUM KE 2\system\Database\BaseConnection.php(729): CodeIgniter\Database\MySQLi\Connection->execute('CREATE TABLE `p...')
#2 D:\RONAL\KULIAH\SEMESTER 5\WEB 2\PRTIKUM KE 2\system\Database\BaseConnection.php(646): CodeIgniter\Database\BaseConnection->simpleQuery('CREATE TABLE `p...')
#3 D:\RONAL\KULIAH\SEMESTER 5\WEB 2\PRTIKUM KE 2\system\Database\Forge.php(570): CodeIgniter\Database\BaseConnection->query('CREATE TABLE `p...')
#4 D:\RONAL\KULIAH\SEMESTER 5\WEB 2\PRTIKUM KE 2\app\Database\Migrations\2025-10-20-104236_PaketBus.php(34): CodeIgniter\Database\Forge->createTable('paket_bus')
#5 D:\RONAL\KULIAH\SEMESTER 5\WEB 2\PRTIKUM KE 2\system\Database\MigrationRunner.php(876): App\Database\Migrations\PaketBus->up()
#6 D:\RONAL\KULIAH\SEMESTER 5\WEB 2\PRTIKUM KE 2\system\Database\MigrationRunner.php(182): CodeIgniter\Database\MigrationRunner->migrate('up', Object(stdClass))
#7 D:\RONAL\KULIAH\SEMESTER 5\WEB 2\PRTIKUM KE 2\system\Commands\Database\Migrate.php(85): CodeIgniter\Database\MigrationRunner->latest(NULL)
#8 D:\RONAL\KULIAH\SEMESTER 5\WEB 2\PRTIKUM KE 2\system\CLI\Commands.php(74): CodeIgniter\Commands\Database\Migrate->run(Array)
#9 D:\RONAL\KULIAH\SEMESTER 5\WEB 2\PRTIKUM KE 2\system\CLI\Console.php(47): CodeIgniter\CLI\Commands->run('migrate', Array)
#10 D:\RONAL\KULIAH\SEMESTER 5\WEB 2\PRTIKUM KE 2\system\Boot.php(388): CodeIgniter\CLI\Console->run()
#11 D:\RONAL\KULIAH\SEMESTER 5\WEB 2\PRTIKUM KE 2\system\Boot.php(133): CodeIgniter\Boot::runCommand(Object(CodeIgniter\CLI\Console))
#12 D:\RONAL\KULIAH\SEMESTER 5\WEB 2\PRTIKUM KE 2\spark(87): CodeIgniter\Boot::bootSpark(Object(Config\Paths))
#13 {main}
ERROR - 2025-10-20 10:44:32 --> mysqli_sql_exception: Can't create table `db_projek`.`paket_bus` (errno: 150 "Foreign key constraint is incorrectly formed") in D:\RONAL\KULIAH\SEMESTER 5\WEB 2\PRTIKUM KE 2\system\Database\MySQLi\Connection.php:327
Stack trace:
#0 D:\RONAL\KULIAH\SEMESTER 5\WEB 2\PRTIKUM KE 2\system\Database\MySQLi\Connection.php(327): mysqli->query('CREATE TABLE `p...', 0)
#1 D:\RONAL\KULIAH\SEMESTER 5\WEB 2\PRTIKUM KE 2\system\Database\BaseConnection.php(729): CodeIgniter\Database\MySQLi\Connection->execute('CREATE TABLE `p...')
#2 D:\RONAL\KULIAH\SEMESTER 5\WEB 2\PRTIKUM KE 2\system\Database\BaseConnection.php(646): CodeIgniter\Database\BaseConnection->simpleQuery('CREATE TABLE `p...')
#3 D:\RONAL\KULIAH\SEMESTER 5\WEB 2\PRTIKUM KE 2\system\Database\Forge.php(570): CodeIgniter\Database\BaseConnection->query('CREATE TABLE `p...')
#4 D:\RONAL\KULIAH\SEMESTER 5\WEB 2\PRTIKUM KE 2\app\Database\Migrations\2025-10-20-104236_PaketBus.php(34): CodeIgniter\Database\Forge->createTable('paket_bus')
#5 D:\RONAL\KULIAH\SEMESTER 5\WEB 2\PRTIKUM KE 2\system\Database\MigrationRunner.php(876): App\Database\Migrations\PaketBus->up()
#6 D:\RONAL\KULIAH\SEMESTER 5\WEB 2\PRTIKUM KE 2\system\Database\MigrationRunner.php(182): CodeIgniter\Database\MigrationRunner->migrate('up', Object(stdClass))
#7 D:\RONAL\KULIAH\SEMESTER 5\WEB 2\PRTIKUM KE 2\system\Commands\Database\Migrate.php(85): CodeIgniter\Database\MigrationRunner->latest(NULL)
#8 D:\RONAL\KULIAH\SEMESTER 5\WEB 2\PRTIKUM KE 2\system\CLI\Commands.php(74): CodeIgniter\Commands\Database\Migrate->run(Array)
#9 D:\RONAL\KULIAH\SEMESTER 5\WEB 2\PRTIKUM KE 2\system\CLI\BaseCommand.php(119): CodeIgniter\CLI\Commands->run('migrate', Array)
#10 D:\RONAL\KULIAH\SEMESTER 5\WEB 2\PRTIKUM KE 2\system\Commands\Database\MigrateRefresh.php(87): CodeIgniter\CLI\BaseCommand->call('migrate', Array)
#11 D:\RONAL\KULIAH\SEMESTER 5\WEB 2\PRTIKUM KE 2\system\CLI\Commands.php(74): CodeIgniter\Commands\Database\MigrateRefresh->run(Array)
#12 D:\RONAL\KULIAH\SEMESTER 5\WEB 2\PRTIKUM KE 2\system\CLI\Console.php(47): CodeIgniter\CLI\Commands->run('migrate:refresh', Array)
#13 D:\RONAL\KULIAH\SEMESTER 5\WEB 2\PRTIKUM KE 2\system\Boot.php(388): CodeIgniter\CLI\Console->run()
#14 D:\RONAL\KULIAH\SEMESTER 5\WEB 2\PRTIKUM KE 2\system\Boot.php(133): CodeIgniter\Boot::runCommand(Object(CodeIgniter\CLI\Console))
#15 D:\RONAL\KULIAH\SEMESTER 5\WEB 2\PRTIKUM KE 2\spark(87): CodeIgniter\Boot::bootSpark(Object(Config\Paths))
#16 {main}
ERROR - 2025-10-20 10:45:20 --> mysqli_sql_exception: Can't create table `db_projek`.`paket_bus` (errno: 150 "Foreign key constraint is incorrectly formed") in D:\RONAL\KULIAH\SEMESTER 5\WEB 2\PRTIKUM KE 2\system\Database\MySQLi\Connection.php:327
Stack trace:
#0 D:\RONAL\KULIAH\SEMESTER 5\WEB 2\PRTIKUM KE 2\system\Database\MySQLi\Connection.php(327): mysqli->query('CREATE TABLE `p...', 0)
#1 D:\RONAL\KULIAH\SEMESTER 5\WEB 2\PRTIKUM KE 2\system\Database\BaseConnection.php(729): CodeIgniter\Database\MySQLi\Connection->execute('CREATE TABLE `p...')
#2 D:\RONAL\KULIAH\SEMESTER 5\WEB 2\PRTIKUM KE 2\system\Database\BaseConnection.php(646): CodeIgniter\Database\BaseConnection->simpleQuery('CREATE TABLE `p...')
#3 D:\RONAL\KULIAH\SEMESTER 5\WEB 2\PRTIKUM KE 2\system\Database\Forge.php(570): CodeIgniter\Database\BaseConnection->query('CREATE TABLE `p...')
#4 D:\RONAL\KULIAH\SEMESTER 5\WEB 2\PRTIKUM KE 2\app\Database\Migrations\2025-10-20-104236_PaketBus.php(34): CodeIgniter\Database\Forge->createTable('paket_bus')
#5 D:\RONAL\KULIAH\SEMESTER 5\WEB 2\PRTIKUM KE 2\system\Database\MigrationRunner.php(876): App\Database\Migrations\PaketBus->up()
#6 D:\RONAL\KULIAH\SEMESTER 5\WEB 2\PRTIKUM KE 2\system\Database\MigrationRunner.php(182): CodeIgniter\Database\MigrationRunner->migrate('up', Object(stdClass))
#7 D:\RONAL\KULIAH\SEMESTER 5\WEB 2\PRTIKUM KE 2\system\Commands\Database\Migrate.php(85): CodeIgniter\Database\MigrationRunner->latest(NULL)
#8 D:\RONAL\KULIAH\SEMESTER 5\WEB 2\PRTIKUM KE 2\system\CLI\Commands.php(74): CodeIgniter\Commands\Database\Migrate->run(Array)
#9 D:\RONAL\KULIAH\SEMESTER 5\WEB 2\PRTIKUM KE 2\system\CLI\Console.php(47): CodeIgniter\CLI\Commands->run('migrate', Array)
#10 D:\RONAL\KULIAH\SEMESTER 5\WEB 2\PRTIKUM KE 2\system\Boot.php(388): CodeIgniter\CLI\Console->run()
#11 D:\RONAL\KULIAH\SEMESTER 5\WEB 2\PRTIKUM KE 2\system\Boot.php(133): CodeIgniter\Boot::runCommand(Object(CodeIgniter\CLI\Console))
#12 D:\RONAL\KULIAH\SEMESTER 5\WEB 2\PRTIKUM KE 2\spark(87): CodeIgniter\Boot::bootSpark(Object(Config\Paths))
#13 {main}
ERROR - 2025-10-20 10:46:04 --> mysqli_sql_exception: Can't create table `db_projek`.`paket_bus` (errno: 150 "Foreign key constraint is incorrectly formed") in D:\RONAL\KULIAH\SEMESTER 5\WEB 2\PRTIKUM KE 2\system\Database\MySQLi\Connection.php:327
Stack trace:
#0 D:\RONAL\KULIAH\SEMESTER 5\WEB 2\PRTIKUM KE 2\system\Database\MySQLi\Connection.php(327): mysqli->query('CREATE TABLE `p...', 0)
#1 D:\RONAL\KULIAH\SEMESTER 5\WEB 2\PRTIKUM KE 2\system\Database\BaseConnection.php(729): CodeIgniter\Database\MySQLi\Connection->execute('CREATE TABLE `p...')
#2 D:\RONAL\KULIAH\SEMESTER 5\WEB 2\PRTIKUM KE 2\system\Database\BaseConnection.php(646): CodeIgniter\Database\BaseConnection->simpleQuery('CREATE TABLE `p...')
#3 D:\RONAL\KULIAH\SEMESTER 5\WEB 2\PRTIKUM KE 2\system\Database\Forge.php(570): CodeIgniter\Database\BaseConnection->query('CREATE TABLE `p...')
#4 D:\RONAL\KULIAH\SEMESTER 5\WEB 2\PRTIKUM KE 2\app\Database\Migrations\2025-10-20-104236_PaketBus.php(34): CodeIgniter\Database\Forge->createTable('paket_bus')
#5 D:\RONAL\KULIAH\SEMESTER 5\WEB 2\PRTIKUM KE 2\system\Database\MigrationRunner.php(876): App\Database\Migrations\PaketBus->up()
#6 D:\RONAL\KULIAH\SEMESTER 5\WEB 2\PRTIKUM KE 2\system\Database\MigrationRunner.php(182): CodeIgniter\Database\MigrationRunner->migrate('up', Object(stdClass))
#7 D:\RONAL\KULIAH\SEMESTER 5\WEB 2\PRTIKUM KE 2\system\Commands\Database\Migrate.php(85): CodeIgniter\Database\MigrationRunner->latest(NULL)
#8 D:\RONAL\KULIAH\SEMESTER 5\WEB 2\PRTIKUM KE 2\system\CLI\Commands.php(74): CodeIgniter\Commands\Database\Migrate->run(Array)
#9 D:\RONAL\KULIAH\SEMESTER 5\WEB 2\PRTIKUM KE 2\system\CLI\Console.php(47): CodeIgniter\CLI\Commands->run('migrate', Array)
#10 D:\RONAL\KULIAH\SEMESTER 5\WEB 2\PRTIKUM KE 2\system\Boot.php(388): CodeIgniter\CLI\Console->run()
#11 D:\RONAL\KULIAH\SEMESTER 5\WEB 2\PRTIKUM KE 2\system\Boot.php(133): CodeIgniter\Boot::runCommand(Object(CodeIgniter\CLI\Console))
#12 D:\RONAL\KULIAH\SEMESTER 5\WEB 2\PRTIKUM KE 2\spark(87): CodeIgniter\Boot::bootSpark(Object(Config\Paths))
#13 {main}
ERROR - 2025-10-20 10:47:49 --> mysqli_sql_exception: Can't create table `db_projek`.`paket_bus` (errno: 150 "Foreign key constraint is incorrectly formed") in D:\RONAL\KULIAH\SEMESTER 5\WEB 2\PRTIKUM KE 2\system\Database\MySQLi\Connection.php:327
Stack trace:
#0 D:\RONAL\KULIAH\SEMESTER 5\WEB 2\PRTIKUM KE 2\system\Database\MySQLi\Connection.php(327): mysqli->query('CREATE TABLE `p...', 0)
#1 D:\RONAL\KULIAH\SEMESTER 5\WEB 2\PRTIKUM KE 2\system\Database\BaseConnection.php(729): CodeIgniter\Database\MySQLi\Connection->execute('CREATE TABLE `p...')
#2 D:\RONAL\KULIAH\SEMESTER 5\WEB 2\PRTIKUM KE 2\system\Database\BaseConnection.php(646): CodeIgniter\Database\BaseConnection->simpleQuery('CREATE TABLE `p...')
#3 D:\RONAL\KULIAH\SEMESTER 5\WEB 2\PRTIKUM KE 2\system\Database\Forge.php(570): CodeIgniter\Database\BaseConnection->query('CREATE TABLE `p...')
#4 D:\RONAL\KULIAH\SEMESTER 5\WEB 2\PRTIKUM KE 2\app\Database\Migrations\2025-10-20-104236_PaketBus.php(34): CodeIgniter\Database\Forge->createTable('paket_bus')
#5 D:\RONAL\KULIAH\SEMESTER 5\WEB 2\PRTIKUM KE 2\system\Database\MigrationRunner.php(876): App\Database\Migrations\PaketBus->up()
#6 D:\RONAL\KULIAH\SEMESTER 5\WEB 2\PRTIKUM KE 2\system\Database\MigrationRunner.php(182): CodeIgniter\Database\MigrationRunner->migrate('up', Object(stdClass))
#7 D:\RONAL\KULIAH\SEMESTER 5\WEB 2\PRTIKUM KE 2\system\Commands\Database\Migrate.php(85): CodeIgniter\Database\MigrationRunner->latest(NULL)
#8 D:\RONAL\KULIAH\SEMESTER 5\WEB 2\PRTIKUM KE 2\system\CLI\Commands.php(74): CodeIgniter\Commands\Database\Migrate->run(Array)
#9 D:\RONAL\KULIAH\SEMESTER 5\WEB 2\PRTIKUM KE 2\system\CLI\Console.php(47): CodeIgniter\CLI\Commands->run('migrate', Array)
#10 D:\RONAL\KULIAH\SEMESTER 5\WEB 2\PRTIKUM KE 2\system\Boot.php(388): CodeIgniter\CLI\Console->run()
#11 D:\RONAL\KULIAH\SEMESTER 5\WEB 2\PRTIKUM KE 2\system\Boot.php(133): CodeIgniter\Boot::runCommand(Object(CodeIgniter\CLI\Console))
#12 D:\RONAL\KULIAH\SEMESTER 5\WEB 2\PRTIKUM KE 2\spark(87): CodeIgniter\Boot::bootSpark(Object(Config\Paths))
#13 {main}
ERROR - 2025-10-20 10:48:21 --> mysqli_sql_exception: Can't create table `db_projek`.`bus` (errno: 150 "Foreign key constraint is incorrectly formed") in D:\RONAL\KULIAH\SEMESTER 5\WEB 2\PRTIKUM KE 2\system\Database\MySQLi\Connection.php:327
Stack trace:
#0 D:\RONAL\KULIAH\SEMESTER 5\WEB 2\PRTIKUM KE 2\system\Database\MySQLi\Connection.php(327): mysqli->query('CREATE TABLE `b...', 0)
#1 D:\RONAL\KULIAH\SEMESTER 5\WEB 2\PRTIKUM KE 2\system\Database\BaseConnection.php(729): CodeIgniter\Database\MySQLi\Connection->execute('CREATE TABLE `b...')
#2 D:\RONAL\KULIAH\SEMESTER 5\WEB 2\PRTIKUM KE 2\system\Database\BaseConnection.php(646): CodeIgniter\Database\BaseConnection->simpleQuery('CREATE TABLE `b...')
#3 D:\RONAL\KULIAH\SEMESTER 5\WEB 2\PRTIKUM KE 2\system\Database\Forge.php(570): CodeIgniter\Database\BaseConnection->query('CREATE TABLE `b...')
#4 D:\RONAL\KULIAH\SEMESTER 5\WEB 2\PRTIKUM KE 2\app\Database\Migrations\2025-10-20-104709_Bus.php(42): CodeIgniter\Database\Forge->createTable('bus')
#5 D:\RONAL\KULIAH\SEMESTER 5\WEB 2\PRTIKUM KE 2\system\Database\MigrationRunner.php(876): App\Database\Migrations\Bus->up()
#6 D:\RONAL\KULIAH\SEMESTER 5\WEB 2\PRTIKUM KE 2\system\Database\MigrationRunner.php(182): CodeIgniter\Database\MigrationRunner->migrate('up', Object(stdClass))
#7 D:\RONAL\KULIAH\SEMESTER 5\WEB 2\PRTIKUM KE 2\system\Commands\Database\Migrate.php(85): CodeIgniter\Database\MigrationRunner->latest(NULL)
#8 D:\RONAL\KULIAH\SEMESTER 5\WEB 2\PRTIKUM KE 2\system\CLI\Commands.php(74): CodeIgniter\Commands\Database\Migrate->run(Array)
#9 D:\RONAL\KULIAH\SEMESTER 5\WEB 2\PRTIKUM KE 2\system\CLI\Console.php(47): CodeIgniter\CLI\Commands->run('migrate', Array)
#10 D:\RONAL\KULIAH\SEMESTER 5\WEB 2\PRTIKUM KE 2\system\Boot.php(388): CodeIgniter\CLI\Console->run()
#11 D:\RONAL\KULIAH\SEMESTER 5\WEB 2\PRTIKUM KE 2\system\Boot.php(133): CodeIgniter\Boot::runCommand(Object(CodeIgniter\CLI\Console))
#12 D:\RONAL\KULIAH\SEMESTER 5\WEB 2\PRTIKUM KE 2\spark(87): CodeIgniter\Boot::bootSpark(Object(Config\Paths))
#13 {main}
ERROR - 2025-10-20 10:48:40 --> mysqli_sql_exception: Can't create table `db_projek`.`bus` (errno: 150 "Foreign key constraint is incorrectly formed") in D:\RONAL\KULIAH\SEMESTER 5\WEB 2\PRTIKUM KE 2\system\Database\MySQLi\Connection.php:327
Stack trace:
#0 D:\RONAL\KULIAH\SEMESTER 5\WEB 2\PRTIKUM KE 2\system\Database\MySQLi\Connection.php(327): mysqli->query('CREATE TABLE `b...', 0)
#1 D:\RONAL\KULIAH\SEMESTER 5\WEB 2\PRTIKUM KE 2\system\Database\BaseConnection.php(729): CodeIgniter\Database\MySQLi\Connection->execute('CREATE TABLE `b...')
#2 D:\RONAL\KULIAH\SEMESTER 5\WEB 2\PRTIKUM KE 2\system\Database\BaseConnection.php(646): CodeIgniter\Database\BaseConnection->simpleQuery('CREATE TABLE `b...')
#3 D:\RONAL\KULIAH\SEMESTER 5\WEB 2\PRTIKUM KE 2\system\Database\Forge.php(570): CodeIgniter\Database\BaseConnection->query('CREATE TABLE `b...')
#4 D:\RONAL\KULIAH\SEMESTER 5\WEB 2\PRTIKUM KE 2\app\Database\Migrations\2025-10-20-104709_Bus.php(42): CodeIgniter\Database\Forge->createTable('bus')
#5 D:\RONAL\KULIAH\SEMESTER 5\WEB 2\PRTIKUM KE 2\system\Database\MigrationRunner.php(876): App\Database\Migrations\Bus->up()
#6 D:\RONAL\KULIAH\SEMESTER 5\WEB 2\PRTIKUM KE 2\system\Database\MigrationRunner.php(182): CodeIgniter\Database\MigrationRunner->migrate('up', Object(stdClass))
#7 D:\RONAL\KULIAH\SEMESTER 5\WEB 2\PRTIKUM KE 2\system\Commands\Database\Migrate.php(85): CodeIgniter\Database\MigrationRunner->latest(NULL)
#8 D:\RONAL\KULIAH\SEMESTER 5\WEB 2\PRTIKUM KE 2\system\CLI\Commands.php(74): CodeIgniter\Commands\Database\Migrate->run(Array)
#9 D:\RONAL\KULIAH\SEMESTER 5\WEB 2\PRTIKUM KE 2\system\CLI\Console.php(47): CodeIgniter\CLI\Commands->run('migrate', Array)
#10 D:\RONAL\KULIAH\SEMESTER 5\WEB 2\PRTIKUM KE 2\system\Boot.php(388): CodeIgniter\CLI\Console->run()
#11 D:\RONAL\KULIAH\SEMESTER 5\WEB 2\PRTIKUM KE 2\system\Boot.php(133): CodeIgniter\Boot::runCommand(Object(CodeIgniter\CLI\Console))
#12 D:\RONAL\KULIAH\SEMESTER 5\WEB 2\PRTIKUM KE 2\spark(87): CodeIgniter\Boot::bootSpark(Object(Config\Paths))
#13 {main}
ERROR - 2025-10-20 10:57:22 --> mysqli_sql_exception: Can't create table `db_projek`.`pemesanan` (errno: 150 "Foreign key constraint is incorrectly formed") in D:\RONAL\KULIAH\SEMESTER 5\WEB 2\PRTIKUM KE 2\system\Database\MySQLi\Connection.php:327
Stack trace:
#0 D:\RONAL\KULIAH\SEMESTER 5\WEB 2\PRTIKUM KE 2\system\Database\MySQLi\Connection.php(327): mysqli->query('CREATE TABLE `p...', 0)
#1 D:\RONAL\KULIAH\SEMESTER 5\WEB 2\PRTIKUM KE 2\system\Database\BaseConnection.php(729): CodeIgniter\Database\MySQLi\Connection->execute('CREATE TABLE `p...')
#2 D:\RONAL\KULIAH\SEMESTER 5\WEB 2\PRTIKUM KE 2\system\Database\BaseConnection.php(646): CodeIgniter\Database\BaseConnection->simpleQuery('CREATE TABLE `p...')
#3 D:\RONAL\KULIAH\SEMESTER 5\WEB 2\PRTIKUM KE 2\system\Database\Forge.php(570): CodeIgniter\Database\BaseConnection->query('CREATE TABLE `p...')
#4 D:\RONAL\KULIAH\SEMESTER 5\WEB 2\PRTIKUM KE 2\app\Database\Migrations\2025-10-20-105621_Pemesanan.php(43): CodeIgniter\Database\Forge->createTable('pemesanan')
#5 D:\RONAL\KULIAH\SEMESTER 5\WEB 2\PRTIKUM KE 2\system\Database\MigrationRunner.php(876): App\Database\Migrations\Pemesanan->up()
#6 D:\RONAL\KULIAH\SEMESTER 5\WEB 2\PRTIKUM KE 2\system\Database\MigrationRunner.php(182): CodeIgniter\Database\MigrationRunner->migrate('up', Object(stdClass))
#7 D:\RONAL\KULIAH\SEMESTER 5\WEB 2\PRTIKUM KE 2\system\Commands\Database\Migrate.php(85): CodeIgniter\Database\MigrationRunner->latest(NULL)
#8 D:\RONAL\KULIAH\SEMESTER 5\WEB 2\PRTIKUM KE 2\system\CLI\Commands.php(74): CodeIgniter\Commands\Database\Migrate->run(Array)
#9 D:\RONAL\KULIAH\SEMESTER 5\WEB 2\PRTIKUM KE 2\system\CLI\Console.php(47): CodeIgniter\CLI\Commands->run('migrate', Array)
#10 D:\RONAL\KULIAH\SEMESTER 5\WEB 2\PRTIKUM KE 2\system\Boot.php(388): CodeIgniter\CLI\Console->run()
#11 D:\RONAL\KULIAH\SEMESTER 5\WEB 2\PRTIKUM KE 2\system\Boot.php(133): CodeIgniter\Boot::runCommand(Object(CodeIgniter\CLI\Console))
#12 D:\RONAL\KULIAH\SEMESTER 5\WEB 2\PRTIKUM KE 2\spark(87): CodeIgniter\Boot::bootSpark(Object(Config\Paths))
#13 {main}
ERROR - 2025-10-20 10:59:40 --> mysqli_sql_exception: Can't create table `db_projek`.`pemesanan` (errno: 150 "Foreign key constraint is incorrectly formed") in D:\RONAL\KULIAH\SEMESTER 5\WEB 2\PRTIKUM KE 2\system\Database\MySQLi\Connection.php:327
Stack trace:
#0 D:\RONAL\KULIAH\SEMESTER 5\WEB 2\PRTIKUM KE 2\system\Database\MySQLi\Connection.php(327): mysqli->query('CREATE TABLE `p...', 0)
#1 D:\RONAL\KULIAH\SEMESTER 5\WEB 2\PRTIKUM KE 2\system\Database\BaseConnection.php(729): CodeIgniter\Database\MySQLi\Connection->execute('CREATE TABLE `p...')
#2 D:\RONAL\KULIAH\SEMESTER 5\WEB 2\PRTIKUM KE 2\system\Database\BaseConnection.php(646): CodeIgniter\Database\BaseConnection->simpleQuery('CREATE TABLE `p...')
#3 D:\RONAL\KULIAH\SEMESTER 5\WEB 2\PRTIKUM KE 2\system\Database\Forge.php(570): CodeIgniter\Database\BaseConnection->query('CREATE TABLE `p...')
#4 D:\RONAL\KULIAH\SEMESTER 5\WEB 2\PRTIKUM KE 2\app\Database\Migrations\2025-10-20-105621_Pemesanan.php(43): CodeIgniter\Database\Forge->createTable('pemesanan')
#5 D:\RONAL\KULIAH\SEMESTER 5\WEB 2\PRTIKUM KE 2\system\Database\MigrationRunner.php(876): App\Database\Migrations\Pemesanan->up()
#6 D:\RONAL\KULIAH\SEMESTER 5\WEB 2\PRTIKUM KE 2\system\Database\MigrationRunner.php(182): CodeIgniter\Database\MigrationRunner->migrate('up', Object(stdClass))
#7 D:\RONAL\KULIAH\SEMESTER 5\WEB 2\PRTIKUM KE 2\system\Commands\Database\Migrate.php(85): CodeIgniter\Database\MigrationRunner->latest(NULL)
#8 D:\RONAL\KULIAH\SEMESTER 5\WEB 2\PRTIKUM KE 2\system\CLI\Commands.php(74): CodeIgniter\Commands\Database\Migrate->run(Array)
#9 D:\RONAL\KULIAH\SEMESTER 5\WEB 2\PRTIKUM KE 2\system\CLI\Console.php(47): CodeIgniter\CLI\Commands->run('migrate', Array)
#10 D:\RONAL\KULIAH\SEMESTER 5\WEB 2\PRTIKUM KE 2\system\Boot.php(388): CodeIgniter\CLI\Console->run()
#11 D:\RONAL\KULIAH\SEMESTER 5\WEB 2\PRTIKUM KE 2\system\Boot.php(133): CodeIgniter\Boot::runCommand(Object(CodeIgniter\CLI\Console))
#12 D:\RONAL\KULIAH\SEMESTER 5\WEB 2\PRTIKUM KE 2\spark(87): CodeIgniter\Boot::bootSpark(Object(Config\Paths))
#13 {main}
ERROR - 2025-10-20 10:59:48 --> mysqli_sql_exception: Can't create table `db_projek`.`pemesanan` (errno: 150 "Foreign key constraint is incorrectly formed") in D:\RONAL\KULIAH\SEMESTER 5\WEB 2\PRTIKUM KE 2\system\Database\MySQLi\Connection.php:327
Stack trace:
#0 D:\RONAL\KULIAH\SEMESTER 5\WEB 2\PRTIKUM KE 2\system\Database\MySQLi\Connection.php(327): mysqli->query('CREATE TABLE `p...', 0)
#1 D:\RONAL\KULIAH\SEMESTER 5\WEB 2\PRTIKUM KE 2\system\Database\BaseConnection.php(729): CodeIgniter\Database\MySQLi\Connection->execute('CREATE TABLE `p...')
#2 D:\RONAL\KULIAH\SEMESTER 5\WEB 2\PRTIKUM KE 2\system\Database\BaseConnection.php(646): CodeIgniter\Database\BaseConnection->simpleQuery('CREATE TABLE `p...')
#3 D:\RONAL\KULIAH\SEMESTER 5\WEB 2\PRTIKUM KE 2\system\Database\Forge.php(570): CodeIgniter\Database\BaseConnection->query('CREATE TABLE `p...')
#4 D:\RONAL\KULIAH\SEMESTER 5\WEB 2\PRTIKUM KE 2\app\Database\Migrations\2025-10-20-105621_Pemesanan.php(43): CodeIgniter\Database\Forge->createTable('pemesanan')
#5 D:\RONAL\KULIAH\SEMESTER 5\WEB 2\PRTIKUM KE 2\system\Database\MigrationRunner.php(876): App\Database\Migrations\Pemesanan->up()
#6 D:\RONAL\KULIAH\SEMESTER 5\WEB 2\PRTIKUM KE 2\system\Database\MigrationRunner.php(182): CodeIgniter\Database\MigrationRunner->migrate('up', Object(stdClass))
#7 D:\RONAL\KULIAH\SEMESTER 5\WEB 2\PRTIKUM KE 2\system\Commands\Database\Migrate.php(85): CodeIgniter\Database\MigrationRunner->latest(NULL)
#8 D:\RONAL\KULIAH\SEMESTER 5\WEB 2\PRTIKUM KE 2\system\CLI\Commands.php(74): CodeIgniter\Commands\Database\Migrate->run(Array)
#9 D:\RONAL\KULIAH\SEMESTER 5\WEB 2\PRTIKUM KE 2\system\CLI\BaseCommand.php(119): CodeIgniter\CLI\Commands->run('migrate', Array)
#10 D:\RONAL\KULIAH\SEMESTER 5\WEB 2\PRTIKUM KE 2\system\Commands\Database\MigrateRefresh.php(87): CodeIgniter\CLI\BaseCommand->call('migrate', Array)
#11 D:\RONAL\KULIAH\SEMESTER 5\WEB 2\PRTIKUM KE 2\system\CLI\Commands.php(74): CodeIgniter\Commands\Database\MigrateRefresh->run(Array)
#12 D:\RONAL\KULIAH\SEMESTER 5\WEB 2\PRTIKUM KE 2\system\CLI\Console.php(47): CodeIgniter\CLI\Commands->run('migrate:refresh', Array)
#13 D:\RONAL\KULIAH\SEMESTER 5\WEB 2\PRTIKUM KE 2\system\Boot.php(388): CodeIgniter\CLI\Console->run()
#14 D:\RONAL\KULIAH\SEMESTER 5\WEB 2\PRTIKUM KE 2\system\Boot.php(133): CodeIgniter\Boot::runCommand(Object(CodeIgniter\CLI\Console))
#15 D:\RONAL\KULIAH\SEMESTER 5\WEB 2\PRTIKUM KE 2\spark(87): CodeIgniter\Boot::bootSpark(Object(Config\Paths))
#16 {main}
