ERROR - 2025-10-12 11:45:54 --> Error connecting to the database: mysqli_sql_exception: No connection could be made because the target machine actively refused it in D:\RONAL\KULIAH\SEMESTER 5\WEB 2\Pratikum1\system\Database\MySQLi\Connection.php:201
Stack trace:
#0 D:\RONAL\KULIAH\SEMESTER 5\WEB 2\Pratikum1\system\Database\MySQLi\Connection.php(201): mysqli->real_connect('localhost', 'root', Object(SensitiveParameterValue), 'dbsppd', 3306, '', 0)
#1 D:\RONAL\KULIAH\SEMESTER 5\WEB 2\Pratikum1\system\Database\BaseConnection.php(419): CodeIgniter\Database\MySQLi\Connection->connect(false)
#2 D:\RONAL\KULIAH\SEMESTER 5\WEB 2\Pratikum1\system\Database\BaseConnection.php(614): CodeIgniter\Database\BaseConnection->initialize()
#3 D:\RONAL\KULIAH\SEMESTER 5\WEB 2\Pratikum1\system\Database\BaseBuilder.php(2345): CodeIgniter\Database\BaseConnection->query('INSERT INTO `ta...', Array, false)
#4 D:\RONAL\KULIAH\SEMESTER 5\WEB 2\Pratikum1\app\Controllers\sppd.php(26): CodeIgniter\Database\BaseBuilder->insert(Array)
#5 D:\RONAL\KULIAH\SEMESTER 5\WEB 2\Pratikum1\system\CodeIgniter.php(933): App\Controllers\sppd->simpan()
#6 D:\RONAL\KULIAH\SEMESTER 5\WEB 2\Pratikum1\system\CodeIgniter.php(507): CodeIgniter\CodeIgniter->runController(Object(App\Controllers\sppd))
#7 D:\RONAL\KULIAH\SEMESTER 5\WEB 2\Pratikum1\system\CodeIgniter.php(354): CodeIgniter\CodeIgniter->handleRequest(NULL, Object(Config\Cache), false)
#8 D:\RONAL\KULIAH\SEMESTER 5\WEB 2\Pratikum1\system\Boot.php(363): CodeIgniter\CodeIgniter->run()
#9 D:\RONAL\KULIAH\SEMESTER 5\WEB 2\Pratikum1\system\Boot.php(68): CodeIgniter\Boot::runCodeIgniter(Object(CodeIgniter\CodeIgniter))
#10 D:\RONAL\KULIAH\SEMESTER 5\WEB 2\Pratikum1\public\index.php(59): CodeIgniter\Boot::bootWeb(Object(Config\Paths))
#11 D:\RONAL\KULIAH\SEMESTER 5\WEB 2\Pratikum1\system\rewrite.php(44): require_once('D:\\RONAL\\KULIAH...')
#12 {main}

Next CodeIgniter\Database\Exceptions\DatabaseException: No connection could be made because the target machine actively refused it in D:\RONAL\KULIAH\SEMESTER 5\WEB 2\Pratikum1\system\Database\MySQLi\Connection.php:246
Stack trace:
#0 D:\RONAL\KULIAH\SEMESTER 5\WEB 2\Pratikum1\system\Database\BaseConnection.php(419): CodeIgniter\Database\MySQLi\Connection->connect(false)
#1 D:\RONAL\KULIAH\SEMESTER 5\WEB 2\Pratikum1\system\Database\BaseConnection.php(614): CodeIgniter\Database\BaseConnection->initialize()
#2 D:\RONAL\KULIAH\SEMESTER 5\WEB 2\Pratikum1\system\Database\BaseBuilder.php(2345): CodeIgniter\Database\BaseConnection->query('INSERT INTO `ta...', Array, false)
#3 D:\RONAL\KULIAH\SEMESTER 5\WEB 2\Pratikum1\app\Controllers\sppd.php(26): CodeIgniter\Database\BaseBuilder->insert(Array)
#4 D:\RONAL\KULIAH\SEMESTER 5\WEB 2\Pratikum1\system\CodeIgniter.php(933): App\Controllers\sppd->simpan()
#5 D:\RONAL\KULIAH\SEMESTER 5\WEB 2\Pratikum1\system\CodeIgniter.php(507): CodeIgniter\CodeIgniter->runController(Object(App\Controllers\sppd))
#6 D:\RONAL\KULIAH\SEMESTER 5\WEB 2\Pratikum1\system\CodeIgniter.php(354): CodeIgniter\CodeIgniter->handleRequest(NULL, Object(Config\Cache), false)
#7 D:\RONAL\KULIAH\SEMESTER 5\WEB 2\Pratikum1\system\Boot.php(363): CodeIgniter\CodeIgniter->run()
#8 D:\RONAL\KULIAH\SEMESTER 5\WEB 2\Pratikum1\system\Boot.php(68): CodeIgniter\Boot::runCodeIgniter(Object(CodeIgniter\CodeIgniter))
#9 D:\RONAL\KULIAH\SEMESTER 5\WEB 2\Pratikum1\public\index.php(59): CodeIgniter\Boot::bootWeb(Object(Config\Paths))
#10 D:\RONAL\KULIAH\SEMESTER 5\WEB 2\Pratikum1\system\rewrite.php(44): require_once('D:\\RONAL\\KULIAH...')
#11 {main}
CRITICAL - 2025-10-12 11:45:54 --> CodeIgniter\Database\Exceptions\DatabaseException: Unable to connect to the database.
Main connection [MySQLi]: No connection could be made because the target machine actively refused it
[Method: POST, Route: sppd/simpan]
in SYSTEMPATH\Database\BaseConnection.php on line 465.
 1 SYSTEMPATH\Database\BaseConnection.php(614): CodeIgniter\Database\BaseConnection->initialize()
 2 SYSTEMPATH\Database\BaseBuilder.php(2345): CodeIgniter\Database\BaseConnection->query('INSERT INTO `tabelsppd` (`kode`, `agenda`, `btrabsportasi`, `bpenginapan`, `bpokok`, `total`) VALUES (:kode:, :agenda:, :btrabsportasi:, :bpenginapan:, :bpokok:, :total:)', [...], false)
 3 APPPATH\Controllers\sppd.php(26): CodeIgniter\Database\BaseBuilder->insert([...])
 4 SYSTEMPATH\CodeIgniter.php(933): App\Controllers\sppd->simpan()
 5 SYSTEMPATH\CodeIgniter.php(507): CodeIgniter\CodeIgniter->runController(Object(App\Controllers\sppd))
 6 SYSTEMPATH\CodeIgniter.php(354): CodeIgniter\CodeIgniter->handleRequest(null, Object(Config\Cache), false)
 7 SYSTEMPATH\Boot.php(363): CodeIgniter\CodeIgniter->run()
 8 SYSTEMPATH\Boot.php(68): CodeIgniter\Boot::runCodeIgniter(Object(CodeIgniter\CodeIgniter))
 9 FCPATH\index.php(59): CodeIgniter\Boot::bootWeb(Object(Config\Paths))
10 SYSTEMPATH\rewrite.php(44): require_once('D:\\RONAL\\KULIAH\\SEMESTER 5\\WEB 2\\Pratikum1\\public\\index.php')
ERROR - 2025-10-12 12:05:25 --> mysqli_sql_exception: Unknown column 'kode' in 'field list' in D:\RONAL\KULIAH\SEMESTER 5\WEB 2\Pratikum1\system\Database\MySQLi\Connection.php:327
Stack trace:
#0 D:\RONAL\KULIAH\SEMESTER 5\WEB 2\Pratikum1\system\Database\MySQLi\Connection.php(327): mysqli->query('INSERT INTO `ka...', 0)
#1 D:\RONAL\KULIAH\SEMESTER 5\WEB 2\Pratikum1\system\Database\BaseConnection.php(729): CodeIgniter\Database\MySQLi\Connection->execute('INSERT INTO `ka...')
#2 D:\RONAL\KULIAH\SEMESTER 5\WEB 2\Pratikum1\system\Database\BaseConnection.php(646): CodeIgniter\Database\BaseConnection->simpleQuery('INSERT INTO `ka...')
#3 D:\RONAL\KULIAH\SEMESTER 5\WEB 2\Pratikum1\system\Database\BaseBuilder.php(2345): CodeIgniter\Database\BaseConnection->query('INSERT INTO `ka...', Array, false)
#4 D:\RONAL\KULIAH\SEMESTER 5\WEB 2\Pratikum1\app\Controllers\Kamar.php(39): CodeIgniter\Database\BaseBuilder->insert(Array)
#5 D:\RONAL\KULIAH\SEMESTER 5\WEB 2\Pratikum1\system\CodeIgniter.php(933): App\Controllers\Kamar->simpan()
#6 D:\RONAL\KULIAH\SEMESTER 5\WEB 2\Pratikum1\system\CodeIgniter.php(507): CodeIgniter\CodeIgniter->runController(Object(App\Controllers\Kamar))
#7 D:\RONAL\KULIAH\SEMESTER 5\WEB 2\Pratikum1\system\CodeIgniter.php(354): CodeIgniter\CodeIgniter->handleRequest(NULL, Object(Config\Cache), false)
#8 D:\RONAL\KULIAH\SEMESTER 5\WEB 2\Pratikum1\system\Boot.php(363): CodeIgniter\CodeIgniter->run()
#9 D:\RONAL\KULIAH\SEMESTER 5\WEB 2\Pratikum1\system\Boot.php(68): CodeIgniter\Boot::runCodeIgniter(Object(CodeIgniter\CodeIgniter))
#10 D:\RONAL\KULIAH\SEMESTER 5\WEB 2\Pratikum1\public\index.php(59): CodeIgniter\Boot::bootWeb(Object(Config\Paths))
#11 D:\RONAL\KULIAH\SEMESTER 5\WEB 2\Pratikum1\system\rewrite.php(44): require_once('D:\\RONAL\\KULIAH...')
#12 {main}
CRITICAL - 2025-10-12 12:05:25 --> CodeIgniter\Database\Exceptions\DatabaseException: Unknown column 'kode' in 'field list'
[Method: POST, Route: kamar/simpan]
in SYSTEMPATH\Database\BaseConnection.php on line 684.
 1 SYSTEMPATH\Database\BaseBuilder.php(2345): CodeIgniter\Database\BaseConnection->query('INSERT INTO `kamar` (`kode`, `agenda`, `harga`, `lama`, `total`) VALUES (:kode:, :agenda:, :harga:, :lama:, :total:)', [...], false)
 2 APPPATH\Controllers\Kamar.php(39): CodeIgniter\Database\BaseBuilder->insert([...])
 3 SYSTEMPATH\CodeIgniter.php(933): App\Controllers\Kamar->simpan()
 4 SYSTEMPATH\CodeIgniter.php(507): CodeIgniter\CodeIgniter->runController(Object(App\Controllers\Kamar))
 5 SYSTEMPATH\CodeIgniter.php(354): CodeIgniter\CodeIgniter->handleRequest(null, Object(Config\Cache), false)
 6 SYSTEMPATH\Boot.php(363): CodeIgniter\CodeIgniter->run()
 7 SYSTEMPATH\Boot.php(68): CodeIgniter\Boot::runCodeIgniter(Object(CodeIgniter\CodeIgniter))
 8 FCPATH\index.php(59): CodeIgniter\Boot::bootWeb(Object(Config\Paths))
 9 SYSTEMPATH\rewrite.php(44): require_once('D:\\RONAL\\KULIAH\\SEMESTER 5\\WEB 2\\Pratikum1\\public\\index.php')
CRITICAL - 2025-10-12 12:05:25 --> [Caused by] CodeIgniter\Database\Exceptions\DatabaseException: Unknown column 'kode' in 'field list'
in SYSTEMPATH\Database\MySQLi\Connection.php on line 332.
 1 SYSTEMPATH\Database\BaseConnection.php(729): CodeIgniter\Database\MySQLi\Connection->execute('INSERT INTO `kamar` (`kode`, `agenda`, `harga`, `lama`, `total`) VALUES (\'K001\', NULL, \'150000\', \'7\', \'1050000\')')
 2 SYSTEMPATH\Database\BaseConnection.php(646): CodeIgniter\Database\BaseConnection->simpleQuery('INSERT INTO `kamar` (`kode`, `agenda`, `harga`, `lama`, `total`) VALUES (\'K001\', NULL, \'150000\', \'7\', \'1050000\')')
 3 SYSTEMPATH\Database\BaseBuilder.php(2345): CodeIgniter\Database\BaseConnection->query('INSERT INTO `kamar` (`kode`, `agenda`, `harga`, `lama`, `total`) VALUES (:kode:, :agenda:, :harga:, :lama:, :total:)', [...], false)
 4 APPPATH\Controllers\Kamar.php(39): CodeIgniter\Database\BaseBuilder->insert([...])
 5 SYSTEMPATH\CodeIgniter.php(933): App\Controllers\Kamar->simpan()
 6 SYSTEMPATH\CodeIgniter.php(507): CodeIgniter\CodeIgniter->runController(Object(App\Controllers\Kamar))
 7 SYSTEMPATH\CodeIgniter.php(354): CodeIgniter\CodeIgniter->handleRequest(null, Object(Config\Cache), false)
 8 SYSTEMPATH\Boot.php(363): CodeIgniter\CodeIgniter->run()
 9 SYSTEMPATH\Boot.php(68): CodeIgniter\Boot::runCodeIgniter(Object(CodeIgniter\CodeIgniter))
10 FCPATH\index.php(59): CodeIgniter\Boot::bootWeb(Object(Config\Paths))
11 SYSTEMPATH\rewrite.php(44): require_once('D:\\RONAL\\KULIAH\\SEMESTER 5\\WEB 2\\Pratikum1\\public\\index.php')
CRITICAL - 2025-10-12 12:05:25 --> [Caused by] mysqli_sql_exception: Unknown column 'kode' in 'field list'
in SYSTEMPATH\Database\MySQLi\Connection.php on line 327.
 1 SYSTEMPATH\Database\MySQLi\Connection.php(327): mysqli->query('INSERT INTO `kamar` (`kode`, `agenda`, `harga`, `lama`, `total`) VALUES (\'K001\', NULL, \'150000\', \'7\', \'1050000\')', 0)
 2 SYSTEMPATH\Database\BaseConnection.php(729): CodeIgniter\Database\MySQLi\Connection->execute('INSERT INTO `kamar` (`kode`, `agenda`, `harga`, `lama`, `total`) VALUES (\'K001\', NULL, \'150000\', \'7\', \'1050000\')')
 3 SYSTEMPATH\Database\BaseConnection.php(646): CodeIgniter\Database\BaseConnection->simpleQuery('INSERT INTO `kamar` (`kode`, `agenda`, `harga`, `lama`, `total`) VALUES (\'K001\', NULL, \'150000\', \'7\', \'1050000\')')
 4 SYSTEMPATH\Database\BaseBuilder.php(2345): CodeIgniter\Database\BaseConnection->query('INSERT INTO `kamar` (`kode`, `agenda`, `harga`, `lama`, `total`) VALUES (:kode:, :agenda:, :harga:, :lama:, :total:)', [...], false)
 5 APPPATH\Controllers\Kamar.php(39): CodeIgniter\Database\BaseBuilder->insert([...])
 6 SYSTEMPATH\CodeIgniter.php(933): App\Controllers\Kamar->simpan()
 7 SYSTEMPATH\CodeIgniter.php(507): CodeIgniter\CodeIgniter->runController(Object(App\Controllers\Kamar))
 8 SYSTEMPATH\CodeIgniter.php(354): CodeIgniter\CodeIgniter->handleRequest(null, Object(Config\Cache), false)
 9 SYSTEMPATH\Boot.php(363): CodeIgniter\CodeIgniter->run()
10 SYSTEMPATH\Boot.php(68): CodeIgniter\Boot::runCodeIgniter(Object(CodeIgniter\CodeIgniter))
11 FCPATH\index.php(59): CodeIgniter\Boot::bootWeb(Object(Config\Paths))
12 SYSTEMPATH\rewrite.php(44): require_once('D:\\RONAL\\KULIAH\\SEMESTER 5\\WEB 2\\Pratikum1\\public\\index.php')
CRITICAL - 2025-10-12 12:17:33 --> ParseError: Unclosed '{' on line 9
[Method: GET, Route: kamar/tampil]
in APPPATH\Controllers\Kamar.php on line 53.
 1 SYSTEMPATH\Autoloader\Autoloader.php(295): CodeIgniter\Autoloader\Autoloader->includeFile('D:\\RONAL\\KULIAH\\SEMESTER 5\\WEB 2\\Pratikum1\\app\\Controllers\\Kamar.php')
 2 SYSTEMPATH\Autoloader\Autoloader.php(271): CodeIgniter\Autoloader\Autoloader->loadInNamespace('App\\Controllers\\Kamar')
 3 [internal function]: CodeIgniter\Autoloader\Autoloader->loadClass('App\\Controllers\\Kamar')
 4 SYSTEMPATH\CodeIgniter.php(885): class_exists('\\App\\Controllers\\Kamar', true)
 5 SYSTEMPATH\CodeIgniter.php(494): CodeIgniter\CodeIgniter->startController()
 6 SYSTEMPATH\CodeIgniter.php(354): CodeIgniter\CodeIgniter->handleRequest(null, Object(Config\Cache), false)
 7 SYSTEMPATH\Boot.php(363): CodeIgniter\CodeIgniter->run()
 8 SYSTEMPATH\Boot.php(68): CodeIgniter\Boot::runCodeIgniter(Object(CodeIgniter\CodeIgniter))
 9 FCPATH\index.php(59): CodeIgniter\Boot::bootWeb(Object(Config\Paths))
10 SYSTEMPATH\rewrite.php(44): require_once('D:\\RONAL\\KULIAH\\SEMESTER 5\\WEB 2\\Pratikum1\\public\\index.php')
CRITICAL - 2025-10-12 12:17:34 --> ParseError: Unclosed '{' on line 9
[Method: GET, Route: kamar/tampil]
in APPPATH\Controllers\Kamar.php on line 53.
 1 SYSTEMPATH\Autoloader\Autoloader.php(295): CodeIgniter\Autoloader\Autoloader->includeFile('D:\\RONAL\\KULIAH\\SEMESTER 5\\WEB 2\\Pratikum1\\app\\Controllers\\Kamar.php')
 2 SYSTEMPATH\Autoloader\Autoloader.php(271): CodeIgniter\Autoloader\Autoloader->loadInNamespace('App\\Controllers\\Kamar')
 3 [internal function]: CodeIgniter\Autoloader\Autoloader->loadClass('App\\Controllers\\Kamar')
 4 SYSTEMPATH\CodeIgniter.php(885): class_exists('\\App\\Controllers\\Kamar', true)
 5 SYSTEMPATH\CodeIgniter.php(494): CodeIgniter\CodeIgniter->startController()
 6 SYSTEMPATH\CodeIgniter.php(354): CodeIgniter\CodeIgniter->handleRequest(null, Object(Config\Cache), false)
 7 SYSTEMPATH\Boot.php(363): CodeIgniter\CodeIgniter->run()
 8 SYSTEMPATH\Boot.php(68): CodeIgniter\Boot::runCodeIgniter(Object(CodeIgniter\CodeIgniter))
 9 FCPATH\index.php(59): CodeIgniter\Boot::bootWeb(Object(Config\Paths))
10 SYSTEMPATH\rewrite.php(44): require_once('D:\\RONAL\\KULIAH\\SEMESTER 5\\WEB 2\\Pratikum1\\public\\index.php')
ERROR - 2025-10-12 14:08:21 --> Error connecting to the database: mysqli_sql_exception: No connection could be made because the target machine actively refused it in D:\RONAL\KULIAH\SEMESTER 5\WEB 2\Pratikum1\system\Database\MySQLi\Connection.php:201
Stack trace:
#0 D:\RONAL\KULIAH\SEMESTER 5\WEB 2\Pratikum1\system\Database\MySQLi\Connection.php(201): mysqli->real_connect('localhost', 'root', Object(SensitiveParameterValue), 'dbsppd', 3306, '', 0)
#1 D:\RONAL\KULIAH\SEMESTER 5\WEB 2\Pratikum1\system\Database\BaseConnection.php(419): CodeIgniter\Database\MySQLi\Connection->connect(false)
#2 D:\RONAL\KULIAH\SEMESTER 5\WEB 2\Pratikum1\system\Database\BaseConnection.php(614): CodeIgniter\Database\BaseConnection->initialize()
#3 D:\RONAL\KULIAH\SEMESTER 5\WEB 2\Pratikum1\system\Database\BaseBuilder.php(1649): CodeIgniter\Database\BaseConnection->query('SELECT *\nFROM `...', Array, false)
#4 D:\RONAL\KULIAH\SEMESTER 5\WEB 2\Pratikum1\app\Controllers\Kamar.php(45): CodeIgniter\Database\BaseBuilder->get()
#5 D:\RONAL\KULIAH\SEMESTER 5\WEB 2\Pratikum1\system\CodeIgniter.php(933): App\Controllers\Kamar->tampil()
#6 D:\RONAL\KULIAH\SEMESTER 5\WEB 2\Pratikum1\system\CodeIgniter.php(507): CodeIgniter\CodeIgniter->runController(Object(App\Controllers\Kamar))
#7 D:\RONAL\KULIAH\SEMESTER 5\WEB 2\Pratikum1\system\CodeIgniter.php(354): CodeIgniter\CodeIgniter->handleRequest(NULL, Object(Config\Cache), false)
#8 D:\RONAL\KULIAH\SEMESTER 5\WEB 2\Pratikum1\system\Boot.php(363): CodeIgniter\CodeIgniter->run()
#9 D:\RONAL\KULIAH\SEMESTER 5\WEB 2\Pratikum1\system\Boot.php(68): CodeIgniter\Boot::runCodeIgniter(Object(CodeIgniter\CodeIgniter))
#10 D:\RONAL\KULIAH\SEMESTER 5\WEB 2\Pratikum1\public\index.php(59): CodeIgniter\Boot::bootWeb(Object(Config\Paths))
#11 D:\RONAL\KULIAH\SEMESTER 5\WEB 2\Pratikum1\system\rewrite.php(44): require_once('D:\\RONAL\\KULIAH...')
#12 {main}

Next CodeIgniter\Database\Exceptions\DatabaseException: No connection could be made because the target machine actively refused it in D:\RONAL\KULIAH\SEMESTER 5\WEB 2\Pratikum1\system\Database\MySQLi\Connection.php:246
Stack trace:
#0 D:\RONAL\KULIAH\SEMESTER 5\WEB 2\Pratikum1\system\Database\BaseConnection.php(419): CodeIgniter\Database\MySQLi\Connection->connect(false)
#1 D:\RONAL\KULIAH\SEMESTER 5\WEB 2\Pratikum1\system\Database\BaseConnection.php(614): CodeIgniter\Database\BaseConnection->initialize()
#2 D:\RONAL\KULIAH\SEMESTER 5\WEB 2\Pratikum1\system\Database\BaseBuilder.php(1649): CodeIgniter\Database\BaseConnection->query('SELECT *\nFROM `...', Array, false)
#3 D:\RONAL\KULIAH\SEMESTER 5\WEB 2\Pratikum1\app\Controllers\Kamar.php(45): CodeIgniter\Database\BaseBuilder->get()
#4 D:\RONAL\KULIAH\SEMESTER 5\WEB 2\Pratikum1\system\CodeIgniter.php(933): App\Controllers\Kamar->tampil()
#5 D:\RONAL\KULIAH\SEMESTER 5\WEB 2\Pratikum1\system\CodeIgniter.php(507): CodeIgniter\CodeIgniter->runController(Object(App\Controllers\Kamar))
#6 D:\RONAL\KULIAH\SEMESTER 5\WEB 2\Pratikum1\system\CodeIgniter.php(354): CodeIgniter\CodeIgniter->handleRequest(NULL, Object(Config\Cache), false)
#7 D:\RONAL\KULIAH\SEMESTER 5\WEB 2\Pratikum1\system\Boot.php(363): CodeIgniter\CodeIgniter->run()
#8 D:\RONAL\KULIAH\SEMESTER 5\WEB 2\Pratikum1\system\Boot.php(68): CodeIgniter\Boot::runCodeIgniter(Object(CodeIgniter\CodeIgniter))
#9 D:\RONAL\KULIAH\SEMESTER 5\WEB 2\Pratikum1\public\index.php(59): CodeIgniter\Boot::bootWeb(Object(Config\Paths))
#10 D:\RONAL\KULIAH\SEMESTER 5\WEB 2\Pratikum1\system\rewrite.php(44): require_once('D:\\RONAL\\KULIAH...')
#11 {main}
CRITICAL - 2025-10-12 14:08:21 --> CodeIgniter\Database\Exceptions\DatabaseException: Unable to connect to the database.
Main connection [MySQLi]: No connection could be made because the target machine actively refused it
[Method: GET, Route: kamar/tampil]
in SYSTEMPATH\Database\BaseConnection.php on line 465.
 1 SYSTEMPATH\Database\BaseConnection.php(614): CodeIgniter\Database\BaseConnection->initialize()
 2 SYSTEMPATH\Database\BaseBuilder.php(1649): CodeIgniter\Database\BaseConnection->query('SELECT *
FROM `kamar`', [], false)
 3 APPPATH\Controllers\Kamar.php(45): CodeIgniter\Database\BaseBuilder->get()
 4 SYSTEMPATH\CodeIgniter.php(933): App\Controllers\Kamar->tampil()
 5 SYSTEMPATH\CodeIgniter.php(507): CodeIgniter\CodeIgniter->runController(Object(App\Controllers\Kamar))
 6 SYSTEMPATH\CodeIgniter.php(354): CodeIgniter\CodeIgniter->handleRequest(null, Object(Config\Cache), false)
 7 SYSTEMPATH\Boot.php(363): CodeIgniter\CodeIgniter->run()
 8 SYSTEMPATH\Boot.php(68): CodeIgniter\Boot::runCodeIgniter(Object(CodeIgniter\CodeIgniter))
 9 FCPATH\index.php(59): CodeIgniter\Boot::bootWeb(Object(Config\Paths))
10 SYSTEMPATH\rewrite.php(44): require_once('D:\\RONAL\\KULIAH\\SEMESTER 5\\WEB 2\\Pratikum1\\public\\index.php')
