DEBUG - 2025-12-02 08:43:21 --> Session: Initialization under CLI aborted.
CRITICAL - 2025-12-02 08:43:21 --> ErrorException: session_destroy(): Trying to destroy uninitialized session
[Method: CLI, Route: serve]
in SYSTEMPATH\Session\Session.php on line 424.
 1 [internal function]: CodeIgniter\Debug\Exceptions->errorHandler(2, 'session_destroy(): Trying to destroy uninitialized session', 'D:\\RONAL\\KULIAH\\SEMESTER 5\\WEB 2\\TUGAS\\PRTIKUM KE 2\\system\\Session\\Session.php', 424)
 2 SYSTEMPATH\Session\Session.php(424): session_destroy()
 3 APPPATH\Config\Routes.php(73): CodeIgniter\Session\Session->destroy()
 4 SYSTEMPATH\Router\RouteCollection.php(339): require('D:\\RONAL\\KULIAH\\SEMESTER 5\\WEB 2\\TUGAS\\PRTIKUM KE 2\\app\\Config\\Routes.php')
 5 SYSTEMPATH\CLI\Console.php(41): CodeIgniter\Router\RouteCollection->loadRoutes()
 6 SYSTEMPATH\Boot.php(388): CodeIgniter\CLI\Console->run()
 7 SYSTEMPATH\Boot.php(133): CodeIgniter\Boot::runCommand(Object(CodeIgniter\CLI\Console))
 8 ROOTPATH\spark(87): CodeIgniter\Boot::bootSpark(Object(Config\Paths))
CRITICAL - 2025-12-02 08:44:02 --> CodeIgniter\View\Exceptions\ViewException: Invalid file: "login_view.php"
[Method: GET, Route: login]
in SYSTEMPATH\Exceptions\FrameworkException.php on line 39.
 1 SYSTEMPATH\View\View.php(214): CodeIgniter\Exceptions\FrameworkException::forInvalidFile('login_view.php')
 2 SYSTEMPATH\Common.php(1167): CodeIgniter\View\View->render('login_view', [], true)
 3 APPPATH\Controllers\Login.php(13): view('login_view')
 4 SYSTEMPATH\CodeIgniter.php(933): App\Controllers\Login->index()
 5 SYSTEMPATH\CodeIgniter.php(507): CodeIgniter\CodeIgniter->runController(Object(App\Controllers\Login))
 6 SYSTEMPATH\CodeIgniter.php(354): CodeIgniter\CodeIgniter->handleRequest(null, Object(Config\Cache), false)
 7 SYSTEMPATH\Boot.php(363): CodeIgniter\CodeIgniter->run()
 8 SYSTEMPATH\Boot.php(68): CodeIgniter\Boot::runCodeIgniter(Object(CodeIgniter\CodeIgniter))
 9 FCPATH\index.php(59): CodeIgniter\Boot::bootWeb(Object(Config\Paths))
10 SYSTEMPATH\rewrite.php(44): require_once('D:\\RONAL\\KULIAH\\SEMESTER 5\\WEB 2\\TUGAS\\PRTIKUM KE 2\\public\\index.php')
CRITICAL - 2025-12-02 08:45:47 --> CodeIgniter\View\Exceptions\ViewException: Invalid file: "login_view.php"
[Method: GET, Route: login]
in SYSTEMPATH\Exceptions\FrameworkException.php on line 39.
 1 SYSTEMPATH\View\View.php(214): CodeIgniter\Exceptions\FrameworkException::forInvalidFile('login_view.php')
 2 SYSTEMPATH\Common.php(1167): CodeIgniter\View\View->render('login_view', [], true)
 3 APPPATH\Controllers\Login.php(13): view('login_view')
 4 SYSTEMPATH\CodeIgniter.php(933): App\Controllers\Login->index()
 5 SYSTEMPATH\CodeIgniter.php(507): CodeIgniter\CodeIgniter->runController(Object(App\Controllers\Login))
 6 SYSTEMPATH\CodeIgniter.php(354): CodeIgniter\CodeIgniter->handleRequest(null, Object(Config\Cache), false)
 7 SYSTEMPATH\Boot.php(363): CodeIgniter\CodeIgniter->run()
 8 SYSTEMPATH\Boot.php(68): CodeIgniter\Boot::runCodeIgniter(Object(CodeIgniter\CodeIgniter))
 9 FCPATH\index.php(59): CodeIgniter\Boot::bootWeb(Object(Config\Paths))
10 SYSTEMPATH\rewrite.php(44): require_once('D:\\RONAL\\KULIAH\\SEMESTER 5\\WEB 2\\TUGAS\\PRTIKUM KE 2\\public\\index.php')
DEBUG - 2025-12-02 08:47:37 --> Session: Class initialized using 'CodeIgniter\Session\Handlers\FileHandler' driver.
DEBUG - 2025-12-02 08:47:53 --> Session: Class initialized using 'CodeIgniter\Session\Handlers\FileHandler' driver.
ERROR - 2025-12-02 08:47:53 --> mysqli_sql_exception: Table 'db_projek.users' doesn't exist in D:\RONAL\KULIAH\SEMESTER 5\WEB 2\TUGAS\PRTIKUM KE 2\system\Database\MySQLi\Connection.php:327
Stack trace:
#0 D:\RONAL\KULIAH\SEMESTER 5\WEB 2\TUGAS\PRTIKUM KE 2\system\Database\MySQLi\Connection.php(327): mysqli->query('SELECT *\nFROM `...', 0)
#1 D:\RONAL\KULIAH\SEMESTER 5\WEB 2\TUGAS\PRTIKUM KE 2\system\Database\BaseConnection.php(729): CodeIgniter\Database\MySQLi\Connection->execute('SELECT *\nFROM `...')
#2 D:\RONAL\KULIAH\SEMESTER 5\WEB 2\TUGAS\PRTIKUM KE 2\system\Database\BaseConnection.php(646): CodeIgniter\Database\BaseConnection->simpleQuery('SELECT *\nFROM `...')
#3 D:\RONAL\KULIAH\SEMESTER 5\WEB 2\TUGAS\PRTIKUM KE 2\system\Database\BaseBuilder.php(1649): CodeIgniter\Database\BaseConnection->query('SELECT *\nFROM `...', Array, false)
#4 D:\RONAL\KULIAH\SEMESTER 5\WEB 2\TUGAS\PRTIKUM KE 2\app\Models\UserModel.php(24): CodeIgniter\Database\BaseBuilder->get()
#5 D:\RONAL\KULIAH\SEMESTER 5\WEB 2\TUGAS\PRTIKUM KE 2\app\Controllers\Login.php(30): App\Models\UserModel->findUserByCredential('mronal.afendi04...')
#6 D:\RONAL\KULIAH\SEMESTER 5\WEB 2\TUGAS\PRTIKUM KE 2\system\CodeIgniter.php(933): App\Controllers\Login->authenticate()
#7 D:\RONAL\KULIAH\SEMESTER 5\WEB 2\TUGAS\PRTIKUM KE 2\system\CodeIgniter.php(507): CodeIgniter\CodeIgniter->runController(Object(App\Controllers\Login))
#8 D:\RONAL\KULIAH\SEMESTER 5\WEB 2\TUGAS\PRTIKUM KE 2\system\CodeIgniter.php(354): CodeIgniter\CodeIgniter->handleRequest(NULL, Object(Config\Cache), false)
#9 D:\RONAL\KULIAH\SEMESTER 5\WEB 2\TUGAS\PRTIKUM KE 2\system\Boot.php(363): CodeIgniter\CodeIgniter->run()
#10 D:\RONAL\KULIAH\SEMESTER 5\WEB 2\TUGAS\PRTIKUM KE 2\system\Boot.php(68): CodeIgniter\Boot::runCodeIgniter(Object(CodeIgniter\CodeIgniter))
#11 D:\RONAL\KULIAH\SEMESTER 5\WEB 2\TUGAS\PRTIKUM KE 2\public\index.php(59): CodeIgniter\Boot::bootWeb(Object(Config\Paths))
#12 D:\RONAL\KULIAH\SEMESTER 5\WEB 2\TUGAS\PRTIKUM KE 2\system\rewrite.php(44): require_once('D:\\RONAL\\KULIAH...')
#13 {main}
CRITICAL - 2025-12-02 08:47:53 --> CodeIgniter\Database\Exceptions\DatabaseException: Table 'db_projek.users' doesn't exist
[Method: POST, Route: login/authenticate]
in SYSTEMPATH\Database\BaseConnection.php on line 684.
 1 SYSTEMPATH\Database\BaseBuilder.php(1649): CodeIgniter\Database\BaseConnection->query('SELECT *
FROM `users`
WHERE `email` = :email:
OR `username` = :username:
OR `no_telp` = :no_telp:
OR `nama_penyewa` = :nama_penyewa:', [...], false)
 2 APPPATH\Models\UserModel.php(24): CodeIgniter\Database\BaseBuilder->get()
 3 APPPATH\Controllers\Login.php(30): App\Models\UserModel->findUserByCredential('mronal.afendi04@gmail.com')
 4 SYSTEMPATH\CodeIgniter.php(933): App\Controllers\Login->authenticate()
 5 SYSTEMPATH\CodeIgniter.php(507): CodeIgniter\CodeIgniter->runController(Object(App\Controllers\Login))
 6 SYSTEMPATH\CodeIgniter.php(354): CodeIgniter\CodeIgniter->handleRequest(null, Object(Config\Cache), false)
 7 SYSTEMPATH\Boot.php(363): CodeIgniter\CodeIgniter->run()
 8 SYSTEMPATH\Boot.php(68): CodeIgniter\Boot::runCodeIgniter(Object(CodeIgniter\CodeIgniter))
 9 FCPATH\index.php(59): CodeIgniter\Boot::bootWeb(Object(Config\Paths))
10 SYSTEMPATH\rewrite.php(44): require_once('D:\\RONAL\\KULIAH\\SEMESTER 5\\WEB 2\\TUGAS\\PRTIKUM KE 2\\public\\index.php')
CRITICAL - 2025-12-02 08:47:53 --> [Caused by] CodeIgniter\Database\Exceptions\DatabaseException: Table 'db_projek.users' doesn't exist
in SYSTEMPATH\Database\MySQLi\Connection.php on line 332.
 1 SYSTEMPATH\Database\BaseConnection.php(729): CodeIgniter\Database\MySQLi\Connection->execute('SELECT *
FROM `users`
WHERE `email` = \'mronal.afendi04@gmail.com\'
OR `username` = \'mronal.afendi04@gmail.com\'
OR `no_telp` = \'mronal.afendi04@gmail.com\'
OR `nama_penyewa` = \'mronal.afendi04@gmail.com\'')
 2 SYSTEMPATH\Database\BaseConnection.php(646): CodeIgniter\Database\BaseConnection->simpleQuery('SELECT *
FROM `users`
WHERE `email` = \'mronal.afendi04@gmail.com\'
OR `username` = \'mronal.afendi04@gmail.com\'
OR `no_telp` = \'mronal.afendi04@gmail.com\'
OR `nama_penyewa` = \'mronal.afendi04@gmail.com\'')
 3 SYSTEMPATH\Database\BaseBuilder.php(1649): CodeIgniter\Database\BaseConnection->query('SELECT *
FROM `users`
WHERE `email` = :email:
OR `username` = :username:
OR `no_telp` = :no_telp:
OR `nama_penyewa` = :nama_penyewa:', [...], false)
 4 APPPATH\Models\UserModel.php(24): CodeIgniter\Database\BaseBuilder->get()
 5 APPPATH\Controllers\Login.php(30): App\Models\UserModel->findUserByCredential('mronal.afendi04@gmail.com')
 6 SYSTEMPATH\CodeIgniter.php(933): App\Controllers\Login->authenticate()
 7 SYSTEMPATH\CodeIgniter.php(507): CodeIgniter\CodeIgniter->runController(Object(App\Controllers\Login))
 8 SYSTEMPATH\CodeIgniter.php(354): CodeIgniter\CodeIgniter->handleRequest(null, Object(Config\Cache), false)
 9 SYSTEMPATH\Boot.php(363): CodeIgniter\CodeIgniter->run()
10 SYSTEMPATH\Boot.php(68): CodeIgniter\Boot::runCodeIgniter(Object(CodeIgniter\CodeIgniter))
11 FCPATH\index.php(59): CodeIgniter\Boot::bootWeb(Object(Config\Paths))
12 SYSTEMPATH\rewrite.php(44): require_once('D:\\RONAL\\KULIAH\\SEMESTER 5\\WEB 2\\TUGAS\\PRTIKUM KE 2\\public\\index.php')
CRITICAL - 2025-12-02 08:47:53 --> [Caused by] mysqli_sql_exception: Table 'db_projek.users' doesn't exist
in SYSTEMPATH\Database\MySQLi\Connection.php on line 327.
 1 SYSTEMPATH\Database\MySQLi\Connection.php(327): mysqli->query('SELECT *
FROM `users`
WHERE `email` = \'mronal.afendi04@gmail.com\'
OR `username` = \'mronal.afendi04@gmail.com\'
OR `no_telp` = \'mronal.afendi04@gmail.com\'
OR `nama_penyewa` = \'mronal.afendi04@gmail.com\'', 0)
 2 SYSTEMPATH\Database\BaseConnection.php(729): CodeIgniter\Database\MySQLi\Connection->execute('SELECT *
FROM `users`
WHERE `email` = \'mronal.afendi04@gmail.com\'
OR `username` = \'mronal.afendi04@gmail.com\'
OR `no_telp` = \'mronal.afendi04@gmail.com\'
OR `nama_penyewa` = \'mronal.afendi04@gmail.com\'')
 3 SYSTEMPATH\Database\BaseConnection.php(646): CodeIgniter\Database\BaseConnection->simpleQuery('SELECT *
FROM `users`
WHERE `email` = \'mronal.afendi04@gmail.com\'
OR `username` = \'mronal.afendi04@gmail.com\'
OR `no_telp` = \'mronal.afendi04@gmail.com\'
OR `nama_penyewa` = \'mronal.afendi04@gmail.com\'')
 4 SYSTEMPATH\Database\BaseBuilder.php(1649): CodeIgniter\Database\BaseConnection->query('SELECT *
FROM `users`
WHERE `email` = :email:
OR `username` = :username:
OR `no_telp` = :no_telp:
OR `nama_penyewa` = :nama_penyewa:', [...], false)
 5 APPPATH\Models\UserModel.php(24): CodeIgniter\Database\BaseBuilder->get()
 6 APPPATH\Controllers\Login.php(30): App\Models\UserModel->findUserByCredential('mronal.afendi04@gmail.com')
 7 SYSTEMPATH\CodeIgniter.php(933): App\Controllers\Login->authenticate()
 8 SYSTEMPATH\CodeIgniter.php(507): CodeIgniter\CodeIgniter->runController(Object(App\Controllers\Login))
 9 SYSTEMPATH\CodeIgniter.php(354): CodeIgniter\CodeIgniter->handleRequest(null, Object(Config\Cache), false)
10 SYSTEMPATH\Boot.php(363): CodeIgniter\CodeIgniter->run()
11 SYSTEMPATH\Boot.php(68): CodeIgniter\Boot::runCodeIgniter(Object(CodeIgniter\CodeIgniter))
12 FCPATH\index.php(59): CodeIgniter\Boot::bootWeb(Object(Config\Paths))
13 SYSTEMPATH\rewrite.php(44): require_once('D:\\RONAL\\KULIAH\\SEMESTER 5\\WEB 2\\TUGAS\\PRTIKUM KE 2\\public\\index.php')
DEBUG - 2025-12-02 08:50:06 --> Session: Class initialized using 'CodeIgniter\Session\Handlers\FileHandler' driver.
ERROR - 2025-12-02 08:50:06 --> mysqli_sql_exception: Table 'db_projek.users' doesn't exist in D:\RONAL\KULIAH\SEMESTER 5\WEB 2\TUGAS\PRTIKUM KE 2\system\Database\MySQLi\Connection.php:327
Stack trace:
#0 D:\RONAL\KULIAH\SEMESTER 5\WEB 2\TUGAS\PRTIKUM KE 2\system\Database\MySQLi\Connection.php(327): mysqli->query('SELECT *\nFROM `...', 0)
#1 D:\RONAL\KULIAH\SEMESTER 5\WEB 2\TUGAS\PRTIKUM KE 2\system\Database\BaseConnection.php(729): CodeIgniter\Database\MySQLi\Connection->execute('SELECT *\nFROM `...')
#2 D:\RONAL\KULIAH\SEMESTER 5\WEB 2\TUGAS\PRTIKUM KE 2\system\Database\BaseConnection.php(646): CodeIgniter\Database\BaseConnection->simpleQuery('SELECT *\nFROM `...')
#3 D:\RONAL\KULIAH\SEMESTER 5\WEB 2\TUGAS\PRTIKUM KE 2\system\Database\BaseBuilder.php(1649): CodeIgniter\Database\BaseConnection->query('SELECT *\nFROM `...', Array, false)
#4 D:\RONAL\KULIAH\SEMESTER 5\WEB 2\TUGAS\PRTIKUM KE 2\app\Models\UserModel.php(24): CodeIgniter\Database\BaseBuilder->get()
#5 D:\RONAL\KULIAH\SEMESTER 5\WEB 2\TUGAS\PRTIKUM KE 2\app\Controllers\Login.php(30): App\Models\UserModel->findUserByCredential('mronal.afendi04...')
#6 D:\RONAL\KULIAH\SEMESTER 5\WEB 2\TUGAS\PRTIKUM KE 2\system\CodeIgniter.php(933): App\Controllers\Login->authenticate()
#7 D:\RONAL\KULIAH\SEMESTER 5\WEB 2\TUGAS\PRTIKUM KE 2\system\CodeIgniter.php(507): CodeIgniter\CodeIgniter->runController(Object(App\Controllers\Login))
#8 D:\RONAL\KULIAH\SEMESTER 5\WEB 2\TUGAS\PRTIKUM KE 2\system\CodeIgniter.php(354): CodeIgniter\CodeIgniter->handleRequest(NULL, Object(Config\Cache), false)
#9 D:\RONAL\KULIAH\SEMESTER 5\WEB 2\TUGAS\PRTIKUM KE 2\system\Boot.php(363): CodeIgniter\CodeIgniter->run()
#10 D:\RONAL\KULIAH\SEMESTER 5\WEB 2\TUGAS\PRTIKUM KE 2\system\Boot.php(68): CodeIgniter\Boot::runCodeIgniter(Object(CodeIgniter\CodeIgniter))
#11 D:\RONAL\KULIAH\SEMESTER 5\WEB 2\TUGAS\PRTIKUM KE 2\public\index.php(59): CodeIgniter\Boot::bootWeb(Object(Config\Paths))
#12 D:\RONAL\KULIAH\SEMESTER 5\WEB 2\TUGAS\PRTIKUM KE 2\system\rewrite.php(44): require_once('D:\\RONAL\\KULIAH...')
#13 {main}
CRITICAL - 2025-12-02 08:50:06 --> CodeIgniter\Database\Exceptions\DatabaseException: Table 'db_projek.users' doesn't exist
[Method: POST, Route: login/authenticate]
in SYSTEMPATH\Database\BaseConnection.php on line 684.
 1 SYSTEMPATH\Database\BaseBuilder.php(1649): CodeIgniter\Database\BaseConnection->query('SELECT *
FROM `users`
WHERE `email` = :email:
OR `username` = :username:
OR `no_telp` = :no_telp:
OR `nama_penyewa` = :nama_penyewa:', [...], false)
 2 APPPATH\Models\UserModel.php(24): CodeIgniter\Database\BaseBuilder->get()
 3 APPPATH\Controllers\Login.php(30): App\Models\UserModel->findUserByCredential('mronal.afendi04@gmail.com')
 4 SYSTEMPATH\CodeIgniter.php(933): App\Controllers\Login->authenticate()
 5 SYSTEMPATH\CodeIgniter.php(507): CodeIgniter\CodeIgniter->runController(Object(App\Controllers\Login))
 6 SYSTEMPATH\CodeIgniter.php(354): CodeIgniter\CodeIgniter->handleRequest(null, Object(Config\Cache), false)
 7 SYSTEMPATH\Boot.php(363): CodeIgniter\CodeIgniter->run()
 8 SYSTEMPATH\Boot.php(68): CodeIgniter\Boot::runCodeIgniter(Object(CodeIgniter\CodeIgniter))
 9 FCPATH\index.php(59): CodeIgniter\Boot::bootWeb(Object(Config\Paths))
10 SYSTEMPATH\rewrite.php(44): require_once('D:\\RONAL\\KULIAH\\SEMESTER 5\\WEB 2\\TUGAS\\PRTIKUM KE 2\\public\\index.php')
CRITICAL - 2025-12-02 08:50:06 --> [Caused by] CodeIgniter\Database\Exceptions\DatabaseException: Table 'db_projek.users' doesn't exist
in SYSTEMPATH\Database\MySQLi\Connection.php on line 332.
 1 SYSTEMPATH\Database\BaseConnection.php(729): CodeIgniter\Database\MySQLi\Connection->execute('SELECT *
FROM `users`
WHERE `email` = \'mronal.afendi04@gmail.com\'
OR `username` = \'mronal.afendi04@gmail.com\'
OR `no_telp` = \'mronal.afendi04@gmail.com\'
OR `nama_penyewa` = \'mronal.afendi04@gmail.com\'')
 2 SYSTEMPATH\Database\BaseConnection.php(646): CodeIgniter\Database\BaseConnection->simpleQuery('SELECT *
FROM `users`
WHERE `email` = \'mronal.afendi04@gmail.com\'
OR `username` = \'mronal.afendi04@gmail.com\'
OR `no_telp` = \'mronal.afendi04@gmail.com\'
OR `nama_penyewa` = \'mronal.afendi04@gmail.com\'')
 3 SYSTEMPATH\Database\BaseBuilder.php(1649): CodeIgniter\Database\BaseConnection->query('SELECT *
FROM `users`
WHERE `email` = :email:
OR `username` = :username:
OR `no_telp` = :no_telp:
OR `nama_penyewa` = :nama_penyewa:', [...], false)
 4 APPPATH\Models\UserModel.php(24): CodeIgniter\Database\BaseBuilder->get()
 5 APPPATH\Controllers\Login.php(30): App\Models\UserModel->findUserByCredential('mronal.afendi04@gmail.com')
 6 SYSTEMPATH\CodeIgniter.php(933): App\Controllers\Login->authenticate()
 7 SYSTEMPATH\CodeIgniter.php(507): CodeIgniter\CodeIgniter->runController(Object(App\Controllers\Login))
 8 SYSTEMPATH\CodeIgniter.php(354): CodeIgniter\CodeIgniter->handleRequest(null, Object(Config\Cache), false)
 9 SYSTEMPATH\Boot.php(363): CodeIgniter\CodeIgniter->run()
10 SYSTEMPATH\Boot.php(68): CodeIgniter\Boot::runCodeIgniter(Object(CodeIgniter\CodeIgniter))
11 FCPATH\index.php(59): CodeIgniter\Boot::bootWeb(Object(Config\Paths))
12 SYSTEMPATH\rewrite.php(44): require_once('D:\\RONAL\\KULIAH\\SEMESTER 5\\WEB 2\\TUGAS\\PRTIKUM KE 2\\public\\index.php')
CRITICAL - 2025-12-02 08:50:06 --> [Caused by] mysqli_sql_exception: Table 'db_projek.users' doesn't exist
in SYSTEMPATH\Database\MySQLi\Connection.php on line 327.
 1 SYSTEMPATH\Database\MySQLi\Connection.php(327): mysqli->query('SELECT *
FROM `users`
WHERE `email` = \'mronal.afendi04@gmail.com\'
OR `username` = \'mronal.afendi04@gmail.com\'
OR `no_telp` = \'mronal.afendi04@gmail.com\'
OR `nama_penyewa` = \'mronal.afendi04@gmail.com\'', 0)
 2 SYSTEMPATH\Database\BaseConnection.php(729): CodeIgniter\Database\MySQLi\Connection->execute('SELECT *
FROM `users`
WHERE `email` = \'mronal.afendi04@gmail.com\'
OR `username` = \'mronal.afendi04@gmail.com\'
OR `no_telp` = \'mronal.afendi04@gmail.com\'
OR `nama_penyewa` = \'mronal.afendi04@gmail.com\'')
 3 SYSTEMPATH\Database\BaseConnection.php(646): CodeIgniter\Database\BaseConnection->simpleQuery('SELECT *
FROM `users`
WHERE `email` = \'mronal.afendi04@gmail.com\'
OR `username` = \'mronal.afendi04@gmail.com\'
OR `no_telp` = \'mronal.afendi04@gmail.com\'
OR `nama_penyewa` = \'mronal.afendi04@gmail.com\'')
 4 SYSTEMPATH\Database\BaseBuilder.php(1649): CodeIgniter\Database\BaseConnection->query('SELECT *
FROM `users`
WHERE `email` = :email:
OR `username` = :username:
OR `no_telp` = :no_telp:
OR `nama_penyewa` = :nama_penyewa:', [...], false)
 5 APPPATH\Models\UserModel.php(24): CodeIgniter\Database\BaseBuilder->get()
 6 APPPATH\Controllers\Login.php(30): App\Models\UserModel->findUserByCredential('mronal.afendi04@gmail.com')
 7 SYSTEMPATH\CodeIgniter.php(933): App\Controllers\Login->authenticate()
 8 SYSTEMPATH\CodeIgniter.php(507): CodeIgniter\CodeIgniter->runController(Object(App\Controllers\Login))
 9 SYSTEMPATH\CodeIgniter.php(354): CodeIgniter\CodeIgniter->handleRequest(null, Object(Config\Cache), false)
10 SYSTEMPATH\Boot.php(363): CodeIgniter\CodeIgniter->run()
11 SYSTEMPATH\Boot.php(68): CodeIgniter\Boot::runCodeIgniter(Object(CodeIgniter\CodeIgniter))
12 FCPATH\index.php(59): CodeIgniter\Boot::bootWeb(Object(Config\Paths))
13 SYSTEMPATH\rewrite.php(44): require_once('D:\\RONAL\\KULIAH\\SEMESTER 5\\WEB 2\\TUGAS\\PRTIKUM KE 2\\public\\index.php')
DEBUG - 2025-12-02 08:50:12 --> Session: Class initialized using 'CodeIgniter\Session\Handlers\FileHandler' driver.
ERROR - 2025-12-02 08:50:13 --> mysqli_sql_exception: Table 'db_projek.users' doesn't exist in D:\RONAL\KULIAH\SEMESTER 5\WEB 2\TUGAS\PRTIKUM KE 2\system\Database\MySQLi\Connection.php:327
Stack trace:
#0 D:\RONAL\KULIAH\SEMESTER 5\WEB 2\TUGAS\PRTIKUM KE 2\system\Database\MySQLi\Connection.php(327): mysqli->query('SELECT *\nFROM `...', 0)
#1 D:\RONAL\KULIAH\SEMESTER 5\WEB 2\TUGAS\PRTIKUM KE 2\system\Database\BaseConnection.php(729): CodeIgniter\Database\MySQLi\Connection->execute('SELECT *\nFROM `...')
#2 D:\RONAL\KULIAH\SEMESTER 5\WEB 2\TUGAS\PRTIKUM KE 2\system\Database\BaseConnection.php(646): CodeIgniter\Database\BaseConnection->simpleQuery('SELECT *\nFROM `...')
#3 D:\RONAL\KULIAH\SEMESTER 5\WEB 2\TUGAS\PRTIKUM KE 2\system\Database\BaseBuilder.php(1649): CodeIgniter\Database\BaseConnection->query('SELECT *\nFROM `...', Array, false)
#4 D:\RONAL\KULIAH\SEMESTER 5\WEB 2\TUGAS\PRTIKUM KE 2\app\Models\UserModel.php(24): CodeIgniter\Database\BaseBuilder->get()
#5 D:\RONAL\KULIAH\SEMESTER 5\WEB 2\TUGAS\PRTIKUM KE 2\app\Controllers\Login.php(30): App\Models\UserModel->findUserByCredential('mronal.afendi04...')
#6 D:\RONAL\KULIAH\SEMESTER 5\WEB 2\TUGAS\PRTIKUM KE 2\system\CodeIgniter.php(933): App\Controllers\Login->authenticate()
#7 D:\RONAL\KULIAH\SEMESTER 5\WEB 2\TUGAS\PRTIKUM KE 2\system\CodeIgniter.php(507): CodeIgniter\CodeIgniter->runController(Object(App\Controllers\Login))
#8 D:\RONAL\KULIAH\SEMESTER 5\WEB 2\TUGAS\PRTIKUM KE 2\system\CodeIgniter.php(354): CodeIgniter\CodeIgniter->handleRequest(NULL, Object(Config\Cache), false)
#9 D:\RONAL\KULIAH\SEMESTER 5\WEB 2\TUGAS\PRTIKUM KE 2\system\Boot.php(363): CodeIgniter\CodeIgniter->run()
#10 D:\RONAL\KULIAH\SEMESTER 5\WEB 2\TUGAS\PRTIKUM KE 2\system\Boot.php(68): CodeIgniter\Boot::runCodeIgniter(Object(CodeIgniter\CodeIgniter))
#11 D:\RONAL\KULIAH\SEMESTER 5\WEB 2\TUGAS\PRTIKUM KE 2\public\index.php(59): CodeIgniter\Boot::bootWeb(Object(Config\Paths))
#12 D:\RONAL\KULIAH\SEMESTER 5\WEB 2\TUGAS\PRTIKUM KE 2\system\rewrite.php(44): require_once('D:\\RONAL\\KULIAH...')
#13 {main}
CRITICAL - 2025-12-02 08:50:13 --> CodeIgniter\Database\Exceptions\DatabaseException: Table 'db_projek.users' doesn't exist
[Method: POST, Route: login/authenticate]
in SYSTEMPATH\Database\BaseConnection.php on line 684.
 1 SYSTEMPATH\Database\BaseBuilder.php(1649): CodeIgniter\Database\BaseConnection->query('SELECT *
FROM `users`
WHERE `email` = :email:
OR `username` = :username:
OR `no_telp` = :no_telp:
OR `nama_penyewa` = :nama_penyewa:', [...], false)
 2 APPPATH\Models\UserModel.php(24): CodeIgniter\Database\BaseBuilder->get()
 3 APPPATH\Controllers\Login.php(30): App\Models\UserModel->findUserByCredential('mronal.afendi04@gmail.com')
 4 SYSTEMPATH\CodeIgniter.php(933): App\Controllers\Login->authenticate()
 5 SYSTEMPATH\CodeIgniter.php(507): CodeIgniter\CodeIgniter->runController(Object(App\Controllers\Login))
 6 SYSTEMPATH\CodeIgniter.php(354): CodeIgniter\CodeIgniter->handleRequest(null, Object(Config\Cache), false)
 7 SYSTEMPATH\Boot.php(363): CodeIgniter\CodeIgniter->run()
 8 SYSTEMPATH\Boot.php(68): CodeIgniter\Boot::runCodeIgniter(Object(CodeIgniter\CodeIgniter))
 9 FCPATH\index.php(59): CodeIgniter\Boot::bootWeb(Object(Config\Paths))
10 SYSTEMPATH\rewrite.php(44): require_once('D:\\RONAL\\KULIAH\\SEMESTER 5\\WEB 2\\TUGAS\\PRTIKUM KE 2\\public\\index.php')
CRITICAL - 2025-12-02 08:50:13 --> [Caused by] CodeIgniter\Database\Exceptions\DatabaseException: Table 'db_projek.users' doesn't exist
in SYSTEMPATH\Database\MySQLi\Connection.php on line 332.
 1 SYSTEMPATH\Database\BaseConnection.php(729): CodeIgniter\Database\MySQLi\Connection->execute('SELECT *
FROM `users`
WHERE `email` = \'mronal.afendi04@gmail.com\'
OR `username` = \'mronal.afendi04@gmail.com\'
OR `no_telp` = \'mronal.afendi04@gmail.com\'
OR `nama_penyewa` = \'mronal.afendi04@gmail.com\'')
 2 SYSTEMPATH\Database\BaseConnection.php(646): CodeIgniter\Database\BaseConnection->simpleQuery('SELECT *
FROM `users`
WHERE `email` = \'mronal.afendi04@gmail.com\'
OR `username` = \'mronal.afendi04@gmail.com\'
OR `no_telp` = \'mronal.afendi04@gmail.com\'
OR `nama_penyewa` = \'mronal.afendi04@gmail.com\'')
 3 SYSTEMPATH\Database\BaseBuilder.php(1649): CodeIgniter\Database\BaseConnection->query('SELECT *
FROM `users`
WHERE `email` = :email:
OR `username` = :username:
OR `no_telp` = :no_telp:
OR `nama_penyewa` = :nama_penyewa:', [...], false)
 4 APPPATH\Models\UserModel.php(24): CodeIgniter\Database\BaseBuilder->get()
 5 APPPATH\Controllers\Login.php(30): App\Models\UserModel->findUserByCredential('mronal.afendi04@gmail.com')
 6 SYSTEMPATH\CodeIgniter.php(933): App\Controllers\Login->authenticate()
 7 SYSTEMPATH\CodeIgniter.php(507): CodeIgniter\CodeIgniter->runController(Object(App\Controllers\Login))
 8 SYSTEMPATH\CodeIgniter.php(354): CodeIgniter\CodeIgniter->handleRequest(null, Object(Config\Cache), false)
 9 SYSTEMPATH\Boot.php(363): CodeIgniter\CodeIgniter->run()
10 SYSTEMPATH\Boot.php(68): CodeIgniter\Boot::runCodeIgniter(Object(CodeIgniter\CodeIgniter))
11 FCPATH\index.php(59): CodeIgniter\Boot::bootWeb(Object(Config\Paths))
12 SYSTEMPATH\rewrite.php(44): require_once('D:\\RONAL\\KULIAH\\SEMESTER 5\\WEB 2\\TUGAS\\PRTIKUM KE 2\\public\\index.php')
CRITICAL - 2025-12-02 08:50:13 --> [Caused by] mysqli_sql_exception: Table 'db_projek.users' doesn't exist
in SYSTEMPATH\Database\MySQLi\Connection.php on line 327.
 1 SYSTEMPATH\Database\MySQLi\Connection.php(327): mysqli->query('SELECT *
FROM `users`
WHERE `email` = \'mronal.afendi04@gmail.com\'
OR `username` = \'mronal.afendi04@gmail.com\'
OR `no_telp` = \'mronal.afendi04@gmail.com\'
OR `nama_penyewa` = \'mronal.afendi04@gmail.com\'', 0)
 2 SYSTEMPATH\Database\BaseConnection.php(729): CodeIgniter\Database\MySQLi\Connection->execute('SELECT *
FROM `users`
WHERE `email` = \'mronal.afendi04@gmail.com\'
OR `username` = \'mronal.afendi04@gmail.com\'
OR `no_telp` = \'mronal.afendi04@gmail.com\'
OR `nama_penyewa` = \'mronal.afendi04@gmail.com\'')
 3 SYSTEMPATH\Database\BaseConnection.php(646): CodeIgniter\Database\BaseConnection->simpleQuery('SELECT *
FROM `users`
WHERE `email` = \'mronal.afendi04@gmail.com\'
OR `username` = \'mronal.afendi04@gmail.com\'
OR `no_telp` = \'mronal.afendi04@gmail.com\'
OR `nama_penyewa` = \'mronal.afendi04@gmail.com\'')
 4 SYSTEMPATH\Database\BaseBuilder.php(1649): CodeIgniter\Database\BaseConnection->query('SELECT *
FROM `users`
WHERE `email` = :email:
OR `username` = :username:
OR `no_telp` = :no_telp:
OR `nama_penyewa` = :nama_penyewa:', [...], false)
 5 APPPATH\Models\UserModel.php(24): CodeIgniter\Database\BaseBuilder->get()
 6 APPPATH\Controllers\Login.php(30): App\Models\UserModel->findUserByCredential('mronal.afendi04@gmail.com')
 7 SYSTEMPATH\CodeIgniter.php(933): App\Controllers\Login->authenticate()
 8 SYSTEMPATH\CodeIgniter.php(507): CodeIgniter\CodeIgniter->runController(Object(App\Controllers\Login))
 9 SYSTEMPATH\CodeIgniter.php(354): CodeIgniter\CodeIgniter->handleRequest(null, Object(Config\Cache), false)
10 SYSTEMPATH\Boot.php(363): CodeIgniter\CodeIgniter->run()
11 SYSTEMPATH\Boot.php(68): CodeIgniter\Boot::runCodeIgniter(Object(CodeIgniter\CodeIgniter))
12 FCPATH\index.php(59): CodeIgniter\Boot::bootWeb(Object(Config\Paths))
13 SYSTEMPATH\rewrite.php(44): require_once('D:\\RONAL\\KULIAH\\SEMESTER 5\\WEB 2\\TUGAS\\PRTIKUM KE 2\\public\\index.php')
DEBUG - 2025-12-02 08:56:49 --> Session: Class initialized using 'CodeIgniter\Session\Handlers\FileHandler' driver.
CRITICAL - 2025-12-02 08:56:49 --> Error: Class "App\Models\UserModel" not found
[Method: POST, Route: login/authenticate]
in APPPATH\Controllers\Login.php on line 29.
 1 SYSTEMPATH\CodeIgniter.php(933): App\Controllers\Login->authenticate()
 2 SYSTEMPATH\CodeIgniter.php(507): CodeIgniter\CodeIgniter->runController(Object(App\Controllers\Login))
 3 SYSTEMPATH\CodeIgniter.php(354): CodeIgniter\CodeIgniter->handleRequest(null, Object(Config\Cache), false)
 4 SYSTEMPATH\Boot.php(363): CodeIgniter\CodeIgniter->run()
 5 SYSTEMPATH\Boot.php(68): CodeIgniter\Boot::runCodeIgniter(Object(CodeIgniter\CodeIgniter))
 6 FCPATH\index.php(59): CodeIgniter\Boot::bootWeb(Object(Config\Paths))
 7 SYSTEMPATH\rewrite.php(44): require_once('D:\\RONAL\\KULIAH\\SEMESTER 5\\WEB 2\\TUGAS\\PRTIKUM KE 2\\public\\index.php')
DEBUG - 2025-12-02 09:02:19 --> Session: Class initialized using 'CodeIgniter\Session\Handlers\FileHandler' driver.
CRITICAL - 2025-12-02 09:02:19 --> Error: Class "App\Models\UserModel" not found
[Method: POST, Route: login/authenticate]
in APPPATH\Controllers\Login.php on line 29.
 1 SYSTEMPATH\CodeIgniter.php(933): App\Controllers\Login->authenticate()
 2 SYSTEMPATH\CodeIgniter.php(507): CodeIgniter\CodeIgniter->runController(Object(App\Controllers\Login))
 3 SYSTEMPATH\CodeIgniter.php(354): CodeIgniter\CodeIgniter->handleRequest(null, Object(Config\Cache), false)
 4 SYSTEMPATH\Boot.php(363): CodeIgniter\CodeIgniter->run()
 5 SYSTEMPATH\Boot.php(68): CodeIgniter\Boot::runCodeIgniter(Object(CodeIgniter\CodeIgniter))
 6 FCPATH\index.php(59): CodeIgniter\Boot::bootWeb(Object(Config\Paths))
 7 SYSTEMPATH\rewrite.php(44): require_once('D:\\RONAL\\KULIAH\\SEMESTER 5\\WEB 2\\TUGAS\\PRTIKUM KE 2\\public\\index.php')
DEBUG - 2025-12-02 09:03:35 --> Session: Class initialized using 'CodeIgniter\Session\Handlers\FileHandler' driver.
ERROR - 2025-12-02 09:03:35 --> mysqli_sql_exception: Unknown column 'nohp' in 'where clause' in D:\RONAL\KULIAH\SEMESTER 5\WEB 2\TUGAS\PRTIKUM KE 2\system\Database\MySQLi\Connection.php:327
Stack trace:
#0 D:\RONAL\KULIAH\SEMESTER 5\WEB 2\TUGAS\PRTIKUM KE 2\system\Database\MySQLi\Connection.php(327): mysqli->query('SELECT *\nFROM `...', 0)
#1 D:\RONAL\KULIAH\SEMESTER 5\WEB 2\TUGAS\PRTIKUM KE 2\system\Database\BaseConnection.php(729): CodeIgniter\Database\MySQLi\Connection->execute('SELECT *\nFROM `...')
#2 D:\RONAL\KULIAH\SEMESTER 5\WEB 2\TUGAS\PRTIKUM KE 2\system\Database\BaseConnection.php(646): CodeIgniter\Database\BaseConnection->simpleQuery('SELECT *\nFROM `...')
#3 D:\RONAL\KULIAH\SEMESTER 5\WEB 2\TUGAS\PRTIKUM KE 2\system\Database\BaseBuilder.php(1649): CodeIgniter\Database\BaseConnection->query('SELECT *\nFROM `...', Array, false)
#4 D:\RONAL\KULIAH\SEMESTER 5\WEB 2\TUGAS\PRTIKUM KE 2\app\Models\UserModel.php(39): CodeIgniter\Database\BaseBuilder->get()
#5 D:\RONAL\KULIAH\SEMESTER 5\WEB 2\TUGAS\PRTIKUM KE 2\app\Controllers\Login.php(30): App\Models\UserModel->findUserByCredential('mronal.afendi04...')
#6 D:\RONAL\KULIAH\SEMESTER 5\WEB 2\TUGAS\PRTIKUM KE 2\system\CodeIgniter.php(933): App\Controllers\Login->authenticate()
#7 D:\RONAL\KULIAH\SEMESTER 5\WEB 2\TUGAS\PRTIKUM KE 2\system\CodeIgniter.php(507): CodeIgniter\CodeIgniter->runController(Object(App\Controllers\Login))
#8 D:\RONAL\KULIAH\SEMESTER 5\WEB 2\TUGAS\PRTIKUM KE 2\system\CodeIgniter.php(354): CodeIgniter\CodeIgniter->handleRequest(NULL, Object(Config\Cache), false)
#9 D:\RONAL\KULIAH\SEMESTER 5\WEB 2\TUGAS\PRTIKUM KE 2\system\Boot.php(363): CodeIgniter\CodeIgniter->run()
#10 D:\RONAL\KULIAH\SEMESTER 5\WEB 2\TUGAS\PRTIKUM KE 2\system\Boot.php(68): CodeIgniter\Boot::runCodeIgniter(Object(CodeIgniter\CodeIgniter))
#11 D:\RONAL\KULIAH\SEMESTER 5\WEB 2\TUGAS\PRTIKUM KE 2\public\index.php(59): CodeIgniter\Boot::bootWeb(Object(Config\Paths))
#12 D:\RONAL\KULIAH\SEMESTER 5\WEB 2\TUGAS\PRTIKUM KE 2\system\rewrite.php(44): require_once('D:\\RONAL\\KULIAH...')
#13 {main}
CRITICAL - 2025-12-02 09:03:35 --> CodeIgniter\Database\Exceptions\DatabaseException: Unknown column 'nohp' in 'where clause'
[Method: POST, Route: login/authenticate]
in SYSTEMPATH\Database\BaseConnection.php on line 684.
 1 SYSTEMPATH\Database\BaseBuilder.php(1649): CodeIgniter\Database\BaseConnection->query('SELECT *
FROM `penyewa`
WHERE `email` = :email:
OR `nohp` = :nohp:
OR `nama_penyewa` = :nama_penyewa:', [...], false)
 2 APPPATH\Models\UserModel.php(39): CodeIgniter\Database\BaseBuilder->get()
 3 APPPATH\Controllers\Login.php(30): App\Models\UserModel->findUserByCredential('mronal.afendi04@gmail.com')
 4 SYSTEMPATH\CodeIgniter.php(933): App\Controllers\Login->authenticate()
 5 SYSTEMPATH\CodeIgniter.php(507): CodeIgniter\CodeIgniter->runController(Object(App\Controllers\Login))
 6 SYSTEMPATH\CodeIgniter.php(354): CodeIgniter\CodeIgniter->handleRequest(null, Object(Config\Cache), false)
 7 SYSTEMPATH\Boot.php(363): CodeIgniter\CodeIgniter->run()
 8 SYSTEMPATH\Boot.php(68): CodeIgniter\Boot::runCodeIgniter(Object(CodeIgniter\CodeIgniter))
 9 FCPATH\index.php(59): CodeIgniter\Boot::bootWeb(Object(Config\Paths))
10 SYSTEMPATH\rewrite.php(44): require_once('D:\\RONAL\\KULIAH\\SEMESTER 5\\WEB 2\\TUGAS\\PRTIKUM KE 2\\public\\index.php')
CRITICAL - 2025-12-02 09:03:35 --> [Caused by] CodeIgniter\Database\Exceptions\DatabaseException: Unknown column 'nohp' in 'where clause'
in SYSTEMPATH\Database\MySQLi\Connection.php on line 332.
 1 SYSTEMPATH\Database\BaseConnection.php(729): CodeIgniter\Database\MySQLi\Connection->execute('SELECT *
FROM `penyewa`
WHERE `email` = \'mronal.afendi04@gmail.com\'
OR `nohp` = \'mronal.afendi04@gmail.com\'
OR `nama_penyewa` = \'mronal.afendi04@gmail.com\'')
 2 SYSTEMPATH\Database\BaseConnection.php(646): CodeIgniter\Database\BaseConnection->simpleQuery('SELECT *
FROM `penyewa`
WHERE `email` = \'mronal.afendi04@gmail.com\'
OR `nohp` = \'mronal.afendi04@gmail.com\'
OR `nama_penyewa` = \'mronal.afendi04@gmail.com\'')
 3 SYSTEMPATH\Database\BaseBuilder.php(1649): CodeIgniter\Database\BaseConnection->query('SELECT *
FROM `penyewa`
WHERE `email` = :email:
OR `nohp` = :nohp:
OR `nama_penyewa` = :nama_penyewa:', [...], false)
 4 APPPATH\Models\UserModel.php(39): CodeIgniter\Database\BaseBuilder->get()
 5 APPPATH\Controllers\Login.php(30): App\Models\UserModel->findUserByCredential('mronal.afendi04@gmail.com')
 6 SYSTEMPATH\CodeIgniter.php(933): App\Controllers\Login->authenticate()
 7 SYSTEMPATH\CodeIgniter.php(507): CodeIgniter\CodeIgniter->runController(Object(App\Controllers\Login))
 8 SYSTEMPATH\CodeIgniter.php(354): CodeIgniter\CodeIgniter->handleRequest(null, Object(Config\Cache), false)
 9 SYSTEMPATH\Boot.php(363): CodeIgniter\CodeIgniter->run()
10 SYSTEMPATH\Boot.php(68): CodeIgniter\Boot::runCodeIgniter(Object(CodeIgniter\CodeIgniter))
11 FCPATH\index.php(59): CodeIgniter\Boot::bootWeb(Object(Config\Paths))
12 SYSTEMPATH\rewrite.php(44): require_once('D:\\RONAL\\KULIAH\\SEMESTER 5\\WEB 2\\TUGAS\\PRTIKUM KE 2\\public\\index.php')
CRITICAL - 2025-12-02 09:03:35 --> [Caused by] mysqli_sql_exception: Unknown column 'nohp' in 'where clause'
in SYSTEMPATH\Database\MySQLi\Connection.php on line 327.
 1 SYSTEMPATH\Database\MySQLi\Connection.php(327): mysqli->query('SELECT *
FROM `penyewa`
WHERE `email` = \'mronal.afendi04@gmail.com\'
OR `nohp` = \'mronal.afendi04@gmail.com\'
OR `nama_penyewa` = \'mronal.afendi04@gmail.com\'', 0)
 2 SYSTEMPATH\Database\BaseConnection.php(729): CodeIgniter\Database\MySQLi\Connection->execute('SELECT *
FROM `penyewa`
WHERE `email` = \'mronal.afendi04@gmail.com\'
OR `nohp` = \'mronal.afendi04@gmail.com\'
OR `nama_penyewa` = \'mronal.afendi04@gmail.com\'')
 3 SYSTEMPATH\Database\BaseConnection.php(646): CodeIgniter\Database\BaseConnection->simpleQuery('SELECT *
FROM `penyewa`
WHERE `email` = \'mronal.afendi04@gmail.com\'
OR `nohp` = \'mronal.afendi04@gmail.com\'
OR `nama_penyewa` = \'mronal.afendi04@gmail.com\'')
 4 SYSTEMPATH\Database\BaseBuilder.php(1649): CodeIgniter\Database\BaseConnection->query('SELECT *
FROM `penyewa`
WHERE `email` = :email:
OR `nohp` = :nohp:
OR `nama_penyewa` = :nama_penyewa:', [...], false)
 5 APPPATH\Models\UserModel.php(39): CodeIgniter\Database\BaseBuilder->get()
 6 APPPATH\Controllers\Login.php(30): App\Models\UserModel->findUserByCredential('mronal.afendi04@gmail.com')
 7 SYSTEMPATH\CodeIgniter.php(933): App\Controllers\Login->authenticate()
 8 SYSTEMPATH\CodeIgniter.php(507): CodeIgniter\CodeIgniter->runController(Object(App\Controllers\Login))
 9 SYSTEMPATH\CodeIgniter.php(354): CodeIgniter\CodeIgniter->handleRequest(null, Object(Config\Cache), false)
10 SYSTEMPATH\Boot.php(363): CodeIgniter\CodeIgniter->run()
11 SYSTEMPATH\Boot.php(68): CodeIgniter\Boot::runCodeIgniter(Object(CodeIgniter\CodeIgniter))
12 FCPATH\index.php(59): CodeIgniter\Boot::bootWeb(Object(Config\Paths))
13 SYSTEMPATH\rewrite.php(44): require_once('D:\\RONAL\\KULIAH\\SEMESTER 5\\WEB 2\\TUGAS\\PRTIKUM KE 2\\public\\index.php')
DEBUG - 2025-12-02 09:07:26 --> Session: Class initialized using 'CodeIgniter\Session\Handlers\FileHandler' driver.
ERROR - 2025-12-02 09:07:26 --> mysqli_sql_exception: Table 'db_projek.users' doesn't exist in D:\RONAL\KULIAH\SEMESTER 5\WEB 2\TUGAS\PRTIKUM KE 2\system\Database\MySQLi\Connection.php:327
Stack trace:
#0 D:\RONAL\KULIAH\SEMESTER 5\WEB 2\TUGAS\PRTIKUM KE 2\system\Database\MySQLi\Connection.php(327): mysqli->query('SELECT *\nFROM `...', 0)
#1 D:\RONAL\KULIAH\SEMESTER 5\WEB 2\TUGAS\PRTIKUM KE 2\system\Database\BaseConnection.php(729): CodeIgniter\Database\MySQLi\Connection->execute('SELECT *\nFROM `...')
#2 D:\RONAL\KULIAH\SEMESTER 5\WEB 2\TUGAS\PRTIKUM KE 2\system\Database\BaseConnection.php(646): CodeIgniter\Database\BaseConnection->simpleQuery('SELECT *\nFROM `...')
#3 D:\RONAL\KULIAH\SEMESTER 5\WEB 2\TUGAS\PRTIKUM KE 2\system\Database\BaseBuilder.php(1649): CodeIgniter\Database\BaseConnection->query('SELECT *\nFROM `...', Array, false)
#4 D:\RONAL\KULIAH\SEMESTER 5\WEB 2\TUGAS\PRTIKUM KE 2\app\Models\UserModel.php(19): CodeIgniter\Database\BaseBuilder->get()
#5 D:\RONAL\KULIAH\SEMESTER 5\WEB 2\TUGAS\PRTIKUM KE 2\app\Controllers\Login.php(30): App\Models\UserModel->findUserByCredential('mronal.afendi04...')
#6 D:\RONAL\KULIAH\SEMESTER 5\WEB 2\TUGAS\PRTIKUM KE 2\system\CodeIgniter.php(933): App\Controllers\Login->authenticate()
#7 D:\RONAL\KULIAH\SEMESTER 5\WEB 2\TUGAS\PRTIKUM KE 2\system\CodeIgniter.php(507): CodeIgniter\CodeIgniter->runController(Object(App\Controllers\Login))
#8 D:\RONAL\KULIAH\SEMESTER 5\WEB 2\TUGAS\PRTIKUM KE 2\system\CodeIgniter.php(354): CodeIgniter\CodeIgniter->handleRequest(NULL, Object(Config\Cache), false)
#9 D:\RONAL\KULIAH\SEMESTER 5\WEB 2\TUGAS\PRTIKUM KE 2\system\Boot.php(363): CodeIgniter\CodeIgniter->run()
#10 D:\RONAL\KULIAH\SEMESTER 5\WEB 2\TUGAS\PRTIKUM KE 2\system\Boot.php(68): CodeIgniter\Boot::runCodeIgniter(Object(CodeIgniter\CodeIgniter))
#11 D:\RONAL\KULIAH\SEMESTER 5\WEB 2\TUGAS\PRTIKUM KE 2\public\index.php(59): CodeIgniter\Boot::bootWeb(Object(Config\Paths))
#12 D:\RONAL\KULIAH\SEMESTER 5\WEB 2\TUGAS\PRTIKUM KE 2\system\rewrite.php(44): require_once('D:\\RONAL\\KULIAH...')
#13 {main}
CRITICAL - 2025-12-02 09:07:26 --> CodeIgniter\Database\Exceptions\DatabaseException: Table 'db_projek.users' doesn't exist
[Method: POST, Route: login/authenticate]
in SYSTEMPATH\Database\BaseConnection.php on line 684.
 1 SYSTEMPATH\Database\BaseBuilder.php(1649): CodeIgniter\Database\BaseConnection->query('SELECT *
FROM `users`
WHERE `email` = :email:
OR `username` = :username:', [...], false)
 2 APPPATH\Models\UserModel.php(19): CodeIgniter\Database\BaseBuilder->get()
 3 APPPATH\Controllers\Login.php(30): App\Models\UserModel->findUserByCredential('mronal.afendi04@gmail.com')
 4 SYSTEMPATH\CodeIgniter.php(933): App\Controllers\Login->authenticate()
 5 SYSTEMPATH\CodeIgniter.php(507): CodeIgniter\CodeIgniter->runController(Object(App\Controllers\Login))
 6 SYSTEMPATH\CodeIgniter.php(354): CodeIgniter\CodeIgniter->handleRequest(null, Object(Config\Cache), false)
 7 SYSTEMPATH\Boot.php(363): CodeIgniter\CodeIgniter->run()
 8 SYSTEMPATH\Boot.php(68): CodeIgniter\Boot::runCodeIgniter(Object(CodeIgniter\CodeIgniter))
 9 FCPATH\index.php(59): CodeIgniter\Boot::bootWeb(Object(Config\Paths))
10 SYSTEMPATH\rewrite.php(44): require_once('D:\\RONAL\\KULIAH\\SEMESTER 5\\WEB 2\\TUGAS\\PRTIKUM KE 2\\public\\index.php')
CRITICAL - 2025-12-02 09:07:26 --> [Caused by] CodeIgniter\Database\Exceptions\DatabaseException: Table 'db_projek.users' doesn't exist
in SYSTEMPATH\Database\MySQLi\Connection.php on line 332.
 1 SYSTEMPATH\Database\BaseConnection.php(729): CodeIgniter\Database\MySQLi\Connection->execute('SELECT *
FROM `users`
WHERE `email` = \'mronal.afendi04@gmail.com\'
OR `username` = \'mronal.afendi04@gmail.com\'')
 2 SYSTEMPATH\Database\BaseConnection.php(646): CodeIgniter\Database\BaseConnection->simpleQuery('SELECT *
FROM `users`
WHERE `email` = \'mronal.afendi04@gmail.com\'
OR `username` = \'mronal.afendi04@gmail.com\'')
 3 SYSTEMPATH\Database\BaseBuilder.php(1649): CodeIgniter\Database\BaseConnection->query('SELECT *
FROM `users`
WHERE `email` = :email:
OR `username` = :username:', [...], false)
 4 APPPATH\Models\UserModel.php(19): CodeIgniter\Database\BaseBuilder->get()
 5 APPPATH\Controllers\Login.php(30): App\Models\UserModel->findUserByCredential('mronal.afendi04@gmail.com')
 6 SYSTEMPATH\CodeIgniter.php(933): App\Controllers\Login->authenticate()
 7 SYSTEMPATH\CodeIgniter.php(507): CodeIgniter\CodeIgniter->runController(Object(App\Controllers\Login))
 8 SYSTEMPATH\CodeIgniter.php(354): CodeIgniter\CodeIgniter->handleRequest(null, Object(Config\Cache), false)
 9 SYSTEMPATH\Boot.php(363): CodeIgniter\CodeIgniter->run()
10 SYSTEMPATH\Boot.php(68): CodeIgniter\Boot::runCodeIgniter(Object(CodeIgniter\CodeIgniter))
11 FCPATH\index.php(59): CodeIgniter\Boot::bootWeb(Object(Config\Paths))
12 SYSTEMPATH\rewrite.php(44): require_once('D:\\RONAL\\KULIAH\\SEMESTER 5\\WEB 2\\TUGAS\\PRTIKUM KE 2\\public\\index.php')
CRITICAL - 2025-12-02 09:07:26 --> [Caused by] mysqli_sql_exception: Table 'db_projek.users' doesn't exist
in SYSTEMPATH\Database\MySQLi\Connection.php on line 327.
 1 SYSTEMPATH\Database\MySQLi\Connection.php(327): mysqli->query('SELECT *
FROM `users`
WHERE `email` = \'mronal.afendi04@gmail.com\'
OR `username` = \'mronal.afendi04@gmail.com\'', 0)
 2 SYSTEMPATH\Database\BaseConnection.php(729): CodeIgniter\Database\MySQLi\Connection->execute('SELECT *
FROM `users`
WHERE `email` = \'mronal.afendi04@gmail.com\'
OR `username` = \'mronal.afendi04@gmail.com\'')
 3 SYSTEMPATH\Database\BaseConnection.php(646): CodeIgniter\Database\BaseConnection->simpleQuery('SELECT *
FROM `users`
WHERE `email` = \'mronal.afendi04@gmail.com\'
OR `username` = \'mronal.afendi04@gmail.com\'')
 4 SYSTEMPATH\Database\BaseBuilder.php(1649): CodeIgniter\Database\BaseConnection->query('SELECT *
FROM `users`
WHERE `email` = :email:
OR `username` = :username:', [...], false)
 5 APPPATH\Models\UserModel.php(19): CodeIgniter\Database\BaseBuilder->get()
 6 APPPATH\Controllers\Login.php(30): App\Models\UserModel->findUserByCredential('mronal.afendi04@gmail.com')
 7 SYSTEMPATH\CodeIgniter.php(933): App\Controllers\Login->authenticate()
 8 SYSTEMPATH\CodeIgniter.php(507): CodeIgniter\CodeIgniter->runController(Object(App\Controllers\Login))
 9 SYSTEMPATH\CodeIgniter.php(354): CodeIgniter\CodeIgniter->handleRequest(null, Object(Config\Cache), false)
10 SYSTEMPATH\Boot.php(363): CodeIgniter\CodeIgniter->run()
11 SYSTEMPATH\Boot.php(68): CodeIgniter\Boot::runCodeIgniter(Object(CodeIgniter\CodeIgniter))
12 FCPATH\index.php(59): CodeIgniter\Boot::bootWeb(Object(Config\Paths))
13 SYSTEMPATH\rewrite.php(44): require_once('D:\\RONAL\\KULIAH\\SEMESTER 5\\WEB 2\\TUGAS\\PRTIKUM KE 2\\public\\index.php')
DEBUG - 2025-12-02 09:09:25 --> Session: Class initialized using 'CodeIgniter\Session\Handlers\FileHandler' driver.
ERROR - 2025-12-02 09:09:25 --> mysqli_sql_exception: Unknown column 'nohp' in 'where clause' in D:\RONAL\KULIAH\SEMESTER 5\WEB 2\TUGAS\PRTIKUM KE 2\system\Database\MySQLi\Connection.php:327
Stack trace:
#0 D:\RONAL\KULIAH\SEMESTER 5\WEB 2\TUGAS\PRTIKUM KE 2\system\Database\MySQLi\Connection.php(327): mysqli->query('SELECT *\nFROM `...', 0)
#1 D:\RONAL\KULIAH\SEMESTER 5\WEB 2\TUGAS\PRTIKUM KE 2\system\Database\BaseConnection.php(729): CodeIgniter\Database\MySQLi\Connection->execute('SELECT *\nFROM `...')
#2 D:\RONAL\KULIAH\SEMESTER 5\WEB 2\TUGAS\PRTIKUM KE 2\system\Database\BaseConnection.php(646): CodeIgniter\Database\BaseConnection->simpleQuery('SELECT *\nFROM `...')
#3 D:\RONAL\KULIAH\SEMESTER 5\WEB 2\TUGAS\PRTIKUM KE 2\system\Database\BaseBuilder.php(1649): CodeIgniter\Database\BaseConnection->query('SELECT *\nFROM `...', Array, false)
#4 D:\RONAL\KULIAH\SEMESTER 5\WEB 2\TUGAS\PRTIKUM KE 2\app\Models\UserModel.php(39): CodeIgniter\Database\BaseBuilder->get()
#5 D:\RONAL\KULIAH\SEMESTER 5\WEB 2\TUGAS\PRTIKUM KE 2\app\Controllers\Login.php(30): App\Models\UserModel->findUserByCredential('mronal.afendi04...')
#6 D:\RONAL\KULIAH\SEMESTER 5\WEB 2\TUGAS\PRTIKUM KE 2\system\CodeIgniter.php(933): App\Controllers\Login->authenticate()
#7 D:\RONAL\KULIAH\SEMESTER 5\WEB 2\TUGAS\PRTIKUM KE 2\system\CodeIgniter.php(507): CodeIgniter\CodeIgniter->runController(Object(App\Controllers\Login))
#8 D:\RONAL\KULIAH\SEMESTER 5\WEB 2\TUGAS\PRTIKUM KE 2\system\CodeIgniter.php(354): CodeIgniter\CodeIgniter->handleRequest(NULL, Object(Config\Cache), false)
#9 D:\RONAL\KULIAH\SEMESTER 5\WEB 2\TUGAS\PRTIKUM KE 2\system\Boot.php(363): CodeIgniter\CodeIgniter->run()
#10 D:\RONAL\KULIAH\SEMESTER 5\WEB 2\TUGAS\PRTIKUM KE 2\system\Boot.php(68): CodeIgniter\Boot::runCodeIgniter(Object(CodeIgniter\CodeIgniter))
#11 D:\RONAL\KULIAH\SEMESTER 5\WEB 2\TUGAS\PRTIKUM KE 2\public\index.php(59): CodeIgniter\Boot::bootWeb(Object(Config\Paths))
#12 D:\RONAL\KULIAH\SEMESTER 5\WEB 2\TUGAS\PRTIKUM KE 2\system\rewrite.php(44): require_once('D:\\RONAL\\KULIAH...')
#13 {main}
CRITICAL - 2025-12-02 09:09:25 --> CodeIgniter\Database\Exceptions\DatabaseException: Unknown column 'nohp' in 'where clause'
[Method: POST, Route: login/authenticate]
in SYSTEMPATH\Database\BaseConnection.php on line 684.
 1 SYSTEMPATH\Database\BaseBuilder.php(1649): CodeIgniter\Database\BaseConnection->query('SELECT *
FROM `penyewa`
WHERE `email` = :email:
OR `nohp` = :nohp:
OR `nama_penyewa` = :nama_penyewa:', [...], false)
 2 APPPATH\Models\UserModel.php(39): CodeIgniter\Database\BaseBuilder->get()
 3 APPPATH\Controllers\Login.php(30): App\Models\UserModel->findUserByCredential('mronal.afendi04@gmail.com')
 4 SYSTEMPATH\CodeIgniter.php(933): App\Controllers\Login->authenticate()
 5 SYSTEMPATH\CodeIgniter.php(507): CodeIgniter\CodeIgniter->runController(Object(App\Controllers\Login))
 6 SYSTEMPATH\CodeIgniter.php(354): CodeIgniter\CodeIgniter->handleRequest(null, Object(Config\Cache), false)
 7 SYSTEMPATH\Boot.php(363): CodeIgniter\CodeIgniter->run()
 8 SYSTEMPATH\Boot.php(68): CodeIgniter\Boot::runCodeIgniter(Object(CodeIgniter\CodeIgniter))
 9 FCPATH\index.php(59): CodeIgniter\Boot::bootWeb(Object(Config\Paths))
10 SYSTEMPATH\rewrite.php(44): require_once('D:\\RONAL\\KULIAH\\SEMESTER 5\\WEB 2\\TUGAS\\PRTIKUM KE 2\\public\\index.php')
CRITICAL - 2025-12-02 09:09:25 --> [Caused by] CodeIgniter\Database\Exceptions\DatabaseException: Unknown column 'nohp' in 'where clause'
in SYSTEMPATH\Database\MySQLi\Connection.php on line 332.
 1 SYSTEMPATH\Database\BaseConnection.php(729): CodeIgniter\Database\MySQLi\Connection->execute('SELECT *
FROM `penyewa`
WHERE `email` = \'mronal.afendi04@gmail.com\'
OR `nohp` = \'mronal.afendi04@gmail.com\'
OR `nama_penyewa` = \'mronal.afendi04@gmail.com\'')
 2 SYSTEMPATH\Database\BaseConnection.php(646): CodeIgniter\Database\BaseConnection->simpleQuery('SELECT *
FROM `penyewa`
WHERE `email` = \'mronal.afendi04@gmail.com\'
OR `nohp` = \'mronal.afendi04@gmail.com\'
OR `nama_penyewa` = \'mronal.afendi04@gmail.com\'')
 3 SYSTEMPATH\Database\BaseBuilder.php(1649): CodeIgniter\Database\BaseConnection->query('SELECT *
FROM `penyewa`
WHERE `email` = :email:
OR `nohp` = :nohp:
OR `nama_penyewa` = :nama_penyewa:', [...], false)
 4 APPPATH\Models\UserModel.php(39): CodeIgniter\Database\BaseBuilder->get()
 5 APPPATH\Controllers\Login.php(30): App\Models\UserModel->findUserByCredential('mronal.afendi04@gmail.com')
 6 SYSTEMPATH\CodeIgniter.php(933): App\Controllers\Login->authenticate()
 7 SYSTEMPATH\CodeIgniter.php(507): CodeIgniter\CodeIgniter->runController(Object(App\Controllers\Login))
 8 SYSTEMPATH\CodeIgniter.php(354): CodeIgniter\CodeIgniter->handleRequest(null, Object(Config\Cache), false)
 9 SYSTEMPATH\Boot.php(363): CodeIgniter\CodeIgniter->run()
10 SYSTEMPATH\Boot.php(68): CodeIgniter\Boot::runCodeIgniter(Object(CodeIgniter\CodeIgniter))
11 FCPATH\index.php(59): CodeIgniter\Boot::bootWeb(Object(Config\Paths))
12 SYSTEMPATH\rewrite.php(44): require_once('D:\\RONAL\\KULIAH\\SEMESTER 5\\WEB 2\\TUGAS\\PRTIKUM KE 2\\public\\index.php')
CRITICAL - 2025-12-02 09:09:25 --> [Caused by] mysqli_sql_exception: Unknown column 'nohp' in 'where clause'
in SYSTEMPATH\Database\MySQLi\Connection.php on line 327.
 1 SYSTEMPATH\Database\MySQLi\Connection.php(327): mysqli->query('SELECT *
FROM `penyewa`
WHERE `email` = \'mronal.afendi04@gmail.com\'
OR `nohp` = \'mronal.afendi04@gmail.com\'
OR `nama_penyewa` = \'mronal.afendi04@gmail.com\'', 0)
 2 SYSTEMPATH\Database\BaseConnection.php(729): CodeIgniter\Database\MySQLi\Connection->execute('SELECT *
FROM `penyewa`
WHERE `email` = \'mronal.afendi04@gmail.com\'
OR `nohp` = \'mronal.afendi04@gmail.com\'
OR `nama_penyewa` = \'mronal.afendi04@gmail.com\'')
 3 SYSTEMPATH\Database\BaseConnection.php(646): CodeIgniter\Database\BaseConnection->simpleQuery('SELECT *
FROM `penyewa`
WHERE `email` = \'mronal.afendi04@gmail.com\'
OR `nohp` = \'mronal.afendi04@gmail.com\'
OR `nama_penyewa` = \'mronal.afendi04@gmail.com\'')
 4 SYSTEMPATH\Database\BaseBuilder.php(1649): CodeIgniter\Database\BaseConnection->query('SELECT *
FROM `penyewa`
WHERE `email` = :email:
OR `nohp` = :nohp:
OR `nama_penyewa` = :nama_penyewa:', [...], false)
 5 APPPATH\Models\UserModel.php(39): CodeIgniter\Database\BaseBuilder->get()
 6 APPPATH\Controllers\Login.php(30): App\Models\UserModel->findUserByCredential('mronal.afendi04@gmail.com')
 7 SYSTEMPATH\CodeIgniter.php(933): App\Controllers\Login->authenticate()
 8 SYSTEMPATH\CodeIgniter.php(507): CodeIgniter\CodeIgniter->runController(Object(App\Controllers\Login))
 9 SYSTEMPATH\CodeIgniter.php(354): CodeIgniter\CodeIgniter->handleRequest(null, Object(Config\Cache), false)
10 SYSTEMPATH\Boot.php(363): CodeIgniter\CodeIgniter->run()
11 SYSTEMPATH\Boot.php(68): CodeIgniter\Boot::runCodeIgniter(Object(CodeIgniter\CodeIgniter))
12 FCPATH\index.php(59): CodeIgniter\Boot::bootWeb(Object(Config\Paths))
13 SYSTEMPATH\rewrite.php(44): require_once('D:\\RONAL\\KULIAH\\SEMESTER 5\\WEB 2\\TUGAS\\PRTIKUM KE 2\\public\\index.php')
DEBUG - 2025-12-02 09:10:25 --> Session: Class initialized using 'CodeIgniter\Session\Handlers\FileHandler' driver.
ERROR - 2025-12-02 09:10:25 --> mysqli_sql_exception: Unknown column 'nohp' in 'where clause' in D:\RONAL\KULIAH\SEMESTER 5\WEB 2\TUGAS\PRTIKUM KE 2\system\Database\MySQLi\Connection.php:327
Stack trace:
#0 D:\RONAL\KULIAH\SEMESTER 5\WEB 2\TUGAS\PRTIKUM KE 2\system\Database\MySQLi\Connection.php(327): mysqli->query('SELECT *\nFROM `...', 0)
#1 D:\RONAL\KULIAH\SEMESTER 5\WEB 2\TUGAS\PRTIKUM KE 2\system\Database\BaseConnection.php(729): CodeIgniter\Database\MySQLi\Connection->execute('SELECT *\nFROM `...')
#2 D:\RONAL\KULIAH\SEMESTER 5\WEB 2\TUGAS\PRTIKUM KE 2\system\Database\BaseConnection.php(646): CodeIgniter\Database\BaseConnection->simpleQuery('SELECT *\nFROM `...')
#3 D:\RONAL\KULIAH\SEMESTER 5\WEB 2\TUGAS\PRTIKUM KE 2\system\Database\BaseBuilder.php(1649): CodeIgniter\Database\BaseConnection->query('SELECT *\nFROM `...', Array, false)
#4 D:\RONAL\KULIAH\SEMESTER 5\WEB 2\TUGAS\PRTIKUM KE 2\app\Models\UserModel.php(39): CodeIgniter\Database\BaseBuilder->get()
#5 D:\RONAL\KULIAH\SEMESTER 5\WEB 2\TUGAS\PRTIKUM KE 2\app\Controllers\Login.php(30): App\Models\UserModel->findUserByCredential('mronal.afendi04...')
#6 D:\RONAL\KULIAH\SEMESTER 5\WEB 2\TUGAS\PRTIKUM KE 2\system\CodeIgniter.php(933): App\Controllers\Login->authenticate()
#7 D:\RONAL\KULIAH\SEMESTER 5\WEB 2\TUGAS\PRTIKUM KE 2\system\CodeIgniter.php(507): CodeIgniter\CodeIgniter->runController(Object(App\Controllers\Login))
#8 D:\RONAL\KULIAH\SEMESTER 5\WEB 2\TUGAS\PRTIKUM KE 2\system\CodeIgniter.php(354): CodeIgniter\CodeIgniter->handleRequest(NULL, Object(Config\Cache), false)
#9 D:\RONAL\KULIAH\SEMESTER 5\WEB 2\TUGAS\PRTIKUM KE 2\system\Boot.php(363): CodeIgniter\CodeIgniter->run()
#10 D:\RONAL\KULIAH\SEMESTER 5\WEB 2\TUGAS\PRTIKUM KE 2\system\Boot.php(68): CodeIgniter\Boot::runCodeIgniter(Object(CodeIgniter\CodeIgniter))
#11 D:\RONAL\KULIAH\SEMESTER 5\WEB 2\TUGAS\PRTIKUM KE 2\public\index.php(59): CodeIgniter\Boot::bootWeb(Object(Config\Paths))
#12 D:\RONAL\KULIAH\SEMESTER 5\WEB 2\TUGAS\PRTIKUM KE 2\system\rewrite.php(44): require_once('D:\\RONAL\\KULIAH...')
#13 {main}
CRITICAL - 2025-12-02 09:10:25 --> CodeIgniter\Database\Exceptions\DatabaseException: Unknown column 'nohp' in 'where clause'
[Method: POST, Route: login/authenticate]
in SYSTEMPATH\Database\BaseConnection.php on line 684.
 1 SYSTEMPATH\Database\BaseBuilder.php(1649): CodeIgniter\Database\BaseConnection->query('SELECT *
FROM `penyewa`
WHERE `email` = :email:
OR `nohp` = :nohp:
OR `nama_penyewa` = :nama_penyewa:', [...], false)
 2 APPPATH\Models\UserModel.php(39): CodeIgniter\Database\BaseBuilder->get()
 3 APPPATH\Controllers\Login.php(30): App\Models\UserModel->findUserByCredential('mronal.afendi04@gmail.com')
 4 SYSTEMPATH\CodeIgniter.php(933): App\Controllers\Login->authenticate()
 5 SYSTEMPATH\CodeIgniter.php(507): CodeIgniter\CodeIgniter->runController(Object(App\Controllers\Login))
 6 SYSTEMPATH\CodeIgniter.php(354): CodeIgniter\CodeIgniter->handleRequest(null, Object(Config\Cache), false)
 7 SYSTEMPATH\Boot.php(363): CodeIgniter\CodeIgniter->run()
 8 SYSTEMPATH\Boot.php(68): CodeIgniter\Boot::runCodeIgniter(Object(CodeIgniter\CodeIgniter))
 9 FCPATH\index.php(59): CodeIgniter\Boot::bootWeb(Object(Config\Paths))
10 SYSTEMPATH\rewrite.php(44): require_once('D:\\RONAL\\KULIAH\\SEMESTER 5\\WEB 2\\TUGAS\\PRTIKUM KE 2\\public\\index.php')
CRITICAL - 2025-12-02 09:10:25 --> [Caused by] CodeIgniter\Database\Exceptions\DatabaseException: Unknown column 'nohp' in 'where clause'
in SYSTEMPATH\Database\MySQLi\Connection.php on line 332.
 1 SYSTEMPATH\Database\BaseConnection.php(729): CodeIgniter\Database\MySQLi\Connection->execute('SELECT *
FROM `penyewa`
WHERE `email` = \'mronal.afendi04@gmail.com\'
OR `nohp` = \'mronal.afendi04@gmail.com\'
OR `nama_penyewa` = \'mronal.afendi04@gmail.com\'')
 2 SYSTEMPATH\Database\BaseConnection.php(646): CodeIgniter\Database\BaseConnection->simpleQuery('SELECT *
FROM `penyewa`
WHERE `email` = \'mronal.afendi04@gmail.com\'
OR `nohp` = \'mronal.afendi04@gmail.com\'
OR `nama_penyewa` = \'mronal.afendi04@gmail.com\'')
 3 SYSTEMPATH\Database\BaseBuilder.php(1649): CodeIgniter\Database\BaseConnection->query('SELECT *
FROM `penyewa`
WHERE `email` = :email:
OR `nohp` = :nohp:
OR `nama_penyewa` = :nama_penyewa:', [...], false)
 4 APPPATH\Models\UserModel.php(39): CodeIgniter\Database\BaseBuilder->get()
 5 APPPATH\Controllers\Login.php(30): App\Models\UserModel->findUserByCredential('mronal.afendi04@gmail.com')
 6 SYSTEMPATH\CodeIgniter.php(933): App\Controllers\Login->authenticate()
 7 SYSTEMPATH\CodeIgniter.php(507): CodeIgniter\CodeIgniter->runController(Object(App\Controllers\Login))
 8 SYSTEMPATH\CodeIgniter.php(354): CodeIgniter\CodeIgniter->handleRequest(null, Object(Config\Cache), false)
 9 SYSTEMPATH\Boot.php(363): CodeIgniter\CodeIgniter->run()
10 SYSTEMPATH\Boot.php(68): CodeIgniter\Boot::runCodeIgniter(Object(CodeIgniter\CodeIgniter))
11 FCPATH\index.php(59): CodeIgniter\Boot::bootWeb(Object(Config\Paths))
12 SYSTEMPATH\rewrite.php(44): require_once('D:\\RONAL\\KULIAH\\SEMESTER 5\\WEB 2\\TUGAS\\PRTIKUM KE 2\\public\\index.php')
CRITICAL - 2025-12-02 09:10:25 --> [Caused by] mysqli_sql_exception: Unknown column 'nohp' in 'where clause'
in SYSTEMPATH\Database\MySQLi\Connection.php on line 327.
 1 SYSTEMPATH\Database\MySQLi\Connection.php(327): mysqli->query('SELECT *
FROM `penyewa`
WHERE `email` = \'mronal.afendi04@gmail.com\'
OR `nohp` = \'mronal.afendi04@gmail.com\'
OR `nama_penyewa` = \'mronal.afendi04@gmail.com\'', 0)
 2 SYSTEMPATH\Database\BaseConnection.php(729): CodeIgniter\Database\MySQLi\Connection->execute('SELECT *
FROM `penyewa`
WHERE `email` = \'mronal.afendi04@gmail.com\'
OR `nohp` = \'mronal.afendi04@gmail.com\'
OR `nama_penyewa` = \'mronal.afendi04@gmail.com\'')
 3 SYSTEMPATH\Database\BaseConnection.php(646): CodeIgniter\Database\BaseConnection->simpleQuery('SELECT *
FROM `penyewa`
WHERE `email` = \'mronal.afendi04@gmail.com\'
OR `nohp` = \'mronal.afendi04@gmail.com\'
OR `nama_penyewa` = \'mronal.afendi04@gmail.com\'')
 4 SYSTEMPATH\Database\BaseBuilder.php(1649): CodeIgniter\Database\BaseConnection->query('SELECT *
FROM `penyewa`
WHERE `email` = :email:
OR `nohp` = :nohp:
OR `nama_penyewa` = :nama_penyewa:', [...], false)
 5 APPPATH\Models\UserModel.php(39): CodeIgniter\Database\BaseBuilder->get()
 6 APPPATH\Controllers\Login.php(30): App\Models\UserModel->findUserByCredential('mronal.afendi04@gmail.com')
 7 SYSTEMPATH\CodeIgniter.php(933): App\Controllers\Login->authenticate()
 8 SYSTEMPATH\CodeIgniter.php(507): CodeIgniter\CodeIgniter->runController(Object(App\Controllers\Login))
 9 SYSTEMPATH\CodeIgniter.php(354): CodeIgniter\CodeIgniter->handleRequest(null, Object(Config\Cache), false)
10 SYSTEMPATH\Boot.php(363): CodeIgniter\CodeIgniter->run()
11 SYSTEMPATH\Boot.php(68): CodeIgniter\Boot::runCodeIgniter(Object(CodeIgniter\CodeIgniter))
12 FCPATH\index.php(59): CodeIgniter\Boot::bootWeb(Object(Config\Paths))
13 SYSTEMPATH\rewrite.php(44): require_once('D:\\RONAL\\KULIAH\\SEMESTER 5\\WEB 2\\TUGAS\\PRTIKUM KE 2\\public\\index.php')
DEBUG - 2025-12-02 09:10:46 --> Session: Class initialized using 'CodeIgniter\Session\Handlers\FileHandler' driver.
ERROR - 2025-12-02 09:10:46 --> mysqli_sql_exception: Unknown column 'no_hp' in 'where clause' in D:\RONAL\KULIAH\SEMESTER 5\WEB 2\TUGAS\PRTIKUM KE 2\system\Database\MySQLi\Connection.php:327
Stack trace:
#0 D:\RONAL\KULIAH\SEMESTER 5\WEB 2\TUGAS\PRTIKUM KE 2\system\Database\MySQLi\Connection.php(327): mysqli->query('SELECT *\nFROM `...', 0)
#1 D:\RONAL\KULIAH\SEMESTER 5\WEB 2\TUGAS\PRTIKUM KE 2\system\Database\BaseConnection.php(729): CodeIgniter\Database\MySQLi\Connection->execute('SELECT *\nFROM `...')
#2 D:\RONAL\KULIAH\SEMESTER 5\WEB 2\TUGAS\PRTIKUM KE 2\system\Database\BaseConnection.php(646): CodeIgniter\Database\BaseConnection->simpleQuery('SELECT *\nFROM `...')
#3 D:\RONAL\KULIAH\SEMESTER 5\WEB 2\TUGAS\PRTIKUM KE 2\system\Database\BaseBuilder.php(1649): CodeIgniter\Database\BaseConnection->query('SELECT *\nFROM `...', Array, false)
#4 D:\RONAL\KULIAH\SEMESTER 5\WEB 2\TUGAS\PRTIKUM KE 2\app\Models\UserModel.php(21): CodeIgniter\Database\BaseBuilder->get()
#5 D:\RONAL\KULIAH\SEMESTER 5\WEB 2\TUGAS\PRTIKUM KE 2\app\Controllers\Login.php(30): App\Models\UserModel->findUserByCredential('mronal.afendi04...')
#6 D:\RONAL\KULIAH\SEMESTER 5\WEB 2\TUGAS\PRTIKUM KE 2\system\CodeIgniter.php(933): App\Controllers\Login->authenticate()
#7 D:\RONAL\KULIAH\SEMESTER 5\WEB 2\TUGAS\PRTIKUM KE 2\system\CodeIgniter.php(507): CodeIgniter\CodeIgniter->runController(Object(App\Controllers\Login))
#8 D:\RONAL\KULIAH\SEMESTER 5\WEB 2\TUGAS\PRTIKUM KE 2\system\CodeIgniter.php(354): CodeIgniter\CodeIgniter->handleRequest(NULL, Object(Config\Cache), false)
#9 D:\RONAL\KULIAH\SEMESTER 5\WEB 2\TUGAS\PRTIKUM KE 2\system\Boot.php(363): CodeIgniter\CodeIgniter->run()
#10 D:\RONAL\KULIAH\SEMESTER 5\WEB 2\TUGAS\PRTIKUM KE 2\system\Boot.php(68): CodeIgniter\Boot::runCodeIgniter(Object(CodeIgniter\CodeIgniter))
#11 D:\RONAL\KULIAH\SEMESTER 5\WEB 2\TUGAS\PRTIKUM KE 2\public\index.php(59): CodeIgniter\Boot::bootWeb(Object(Config\Paths))
#12 D:\RONAL\KULIAH\SEMESTER 5\WEB 2\TUGAS\PRTIKUM KE 2\system\rewrite.php(44): require_once('D:\\RONAL\\KULIAH...')
#13 {main}
CRITICAL - 2025-12-02 09:10:46 --> CodeIgniter\Database\Exceptions\DatabaseException: Unknown column 'no_hp' in 'where clause'
[Method: POST, Route: login/authenticate]
in SYSTEMPATH\Database\BaseConnection.php on line 684.
 1 SYSTEMPATH\Database\BaseBuilder.php(1649): CodeIgniter\Database\BaseConnection->query('SELECT *
FROM `karyawan`
WHERE `email` = :email:
OR `no_hp` = :no_hp:
OR `nama_karyawan` = :nama_karyawan:', [...], false)
 2 APPPATH\Models\UserModel.php(21): CodeIgniter\Database\BaseBuilder->get()
 3 APPPATH\Controllers\Login.php(30): App\Models\UserModel->findUserByCredential('mronal.afendi04@gmail.com')
 4 SYSTEMPATH\CodeIgniter.php(933): App\Controllers\Login->authenticate()
 5 SYSTEMPATH\CodeIgniter.php(507): CodeIgniter\CodeIgniter->runController(Object(App\Controllers\Login))
 6 SYSTEMPATH\CodeIgniter.php(354): CodeIgniter\CodeIgniter->handleRequest(null, Object(Config\Cache), false)
 7 SYSTEMPATH\Boot.php(363): CodeIgniter\CodeIgniter->run()
 8 SYSTEMPATH\Boot.php(68): CodeIgniter\Boot::runCodeIgniter(Object(CodeIgniter\CodeIgniter))
 9 FCPATH\index.php(59): CodeIgniter\Boot::bootWeb(Object(Config\Paths))
10 SYSTEMPATH\rewrite.php(44): require_once('D:\\RONAL\\KULIAH\\SEMESTER 5\\WEB 2\\TUGAS\\PRTIKUM KE 2\\public\\index.php')
CRITICAL - 2025-12-02 09:10:46 --> [Caused by] CodeIgniter\Database\Exceptions\DatabaseException: Unknown column 'no_hp' in 'where clause'
in SYSTEMPATH\Database\MySQLi\Connection.php on line 332.
 1 SYSTEMPATH\Database\BaseConnection.php(729): CodeIgniter\Database\MySQLi\Connection->execute('SELECT *
FROM `karyawan`
WHERE `email` = \'mronal.afendi04@gmail.com\'
OR `no_hp` = \'mronal.afendi04@gmail.com\'
OR `nama_karyawan` = \'mronal.afendi04@gmail.com\'')
 2 SYSTEMPATH\Database\BaseConnection.php(646): CodeIgniter\Database\BaseConnection->simpleQuery('SELECT *
FROM `karyawan`
WHERE `email` = \'mronal.afendi04@gmail.com\'
OR `no_hp` = \'mronal.afendi04@gmail.com\'
OR `nama_karyawan` = \'mronal.afendi04@gmail.com\'')
 3 SYSTEMPATH\Database\BaseBuilder.php(1649): CodeIgniter\Database\BaseConnection->query('SELECT *
FROM `karyawan`
WHERE `email` = :email:
OR `no_hp` = :no_hp:
OR `nama_karyawan` = :nama_karyawan:', [...], false)
 4 APPPATH\Models\UserModel.php(21): CodeIgniter\Database\BaseBuilder->get()
 5 APPPATH\Controllers\Login.php(30): App\Models\UserModel->findUserByCredential('mronal.afendi04@gmail.com')
 6 SYSTEMPATH\CodeIgniter.php(933): App\Controllers\Login->authenticate()
 7 SYSTEMPATH\CodeIgniter.php(507): CodeIgniter\CodeIgniter->runController(Object(App\Controllers\Login))
 8 SYSTEMPATH\CodeIgniter.php(354): CodeIgniter\CodeIgniter->handleRequest(null, Object(Config\Cache), false)
 9 SYSTEMPATH\Boot.php(363): CodeIgniter\CodeIgniter->run()
10 SYSTEMPATH\Boot.php(68): CodeIgniter\Boot::runCodeIgniter(Object(CodeIgniter\CodeIgniter))
11 FCPATH\index.php(59): CodeIgniter\Boot::bootWeb(Object(Config\Paths))
12 SYSTEMPATH\rewrite.php(44): require_once('D:\\RONAL\\KULIAH\\SEMESTER 5\\WEB 2\\TUGAS\\PRTIKUM KE 2\\public\\index.php')
CRITICAL - 2025-12-02 09:10:46 --> [Caused by] mysqli_sql_exception: Unknown column 'no_hp' in 'where clause'
in SYSTEMPATH\Database\MySQLi\Connection.php on line 327.
 1 SYSTEMPATH\Database\MySQLi\Connection.php(327): mysqli->query('SELECT *
FROM `karyawan`
WHERE `email` = \'mronal.afendi04@gmail.com\'
OR `no_hp` = \'mronal.afendi04@gmail.com\'
OR `nama_karyawan` = \'mronal.afendi04@gmail.com\'', 0)
 2 SYSTEMPATH\Database\BaseConnection.php(729): CodeIgniter\Database\MySQLi\Connection->execute('SELECT *
FROM `karyawan`
WHERE `email` = \'mronal.afendi04@gmail.com\'
OR `no_hp` = \'mronal.afendi04@gmail.com\'
OR `nama_karyawan` = \'mronal.afendi04@gmail.com\'')
 3 SYSTEMPATH\Database\BaseConnection.php(646): CodeIgniter\Database\BaseConnection->simpleQuery('SELECT *
FROM `karyawan`
WHERE `email` = \'mronal.afendi04@gmail.com\'
OR `no_hp` = \'mronal.afendi04@gmail.com\'
OR `nama_karyawan` = \'mronal.afendi04@gmail.com\'')
 4 SYSTEMPATH\Database\BaseBuilder.php(1649): CodeIgniter\Database\BaseConnection->query('SELECT *
FROM `karyawan`
WHERE `email` = :email:
OR `no_hp` = :no_hp:
OR `nama_karyawan` = :nama_karyawan:', [...], false)
 5 APPPATH\Models\UserModel.php(21): CodeIgniter\Database\BaseBuilder->get()
 6 APPPATH\Controllers\Login.php(30): App\Models\UserModel->findUserByCredential('mronal.afendi04@gmail.com')
 7 SYSTEMPATH\CodeIgniter.php(933): App\Controllers\Login->authenticate()
 8 SYSTEMPATH\CodeIgniter.php(507): CodeIgniter\CodeIgniter->runController(Object(App\Controllers\Login))
 9 SYSTEMPATH\CodeIgniter.php(354): CodeIgniter\CodeIgniter->handleRequest(null, Object(Config\Cache), false)
10 SYSTEMPATH\Boot.php(363): CodeIgniter\CodeIgniter->run()
11 SYSTEMPATH\Boot.php(68): CodeIgniter\Boot::runCodeIgniter(Object(CodeIgniter\CodeIgniter))
12 FCPATH\index.php(59): CodeIgniter\Boot::bootWeb(Object(Config\Paths))
13 SYSTEMPATH\rewrite.php(44): require_once('D:\\RONAL\\KULIAH\\SEMESTER 5\\WEB 2\\TUGAS\\PRTIKUM KE 2\\public\\index.php')
DEBUG - 2025-12-02 09:10:57 --> Session: Class initialized using 'CodeIgniter\Session\Handlers\FileHandler' driver.
ERROR - 2025-12-02 09:10:57 --> mysqli_sql_exception: Unknown column 'nohp' in 'where clause' in D:\RONAL\KULIAH\SEMESTER 5\WEB 2\TUGAS\PRTIKUM KE 2\system\Database\MySQLi\Connection.php:327
Stack trace:
#0 D:\RONAL\KULIAH\SEMESTER 5\WEB 2\TUGAS\PRTIKUM KE 2\system\Database\MySQLi\Connection.php(327): mysqli->query('SELECT *\nFROM `...', 0)
#1 D:\RONAL\KULIAH\SEMESTER 5\WEB 2\TUGAS\PRTIKUM KE 2\system\Database\BaseConnection.php(729): CodeIgniter\Database\MySQLi\Connection->execute('SELECT *\nFROM `...')
#2 D:\RONAL\KULIAH\SEMESTER 5\WEB 2\TUGAS\PRTIKUM KE 2\system\Database\BaseConnection.php(646): CodeIgniter\Database\BaseConnection->simpleQuery('SELECT *\nFROM `...')
#3 D:\RONAL\KULIAH\SEMESTER 5\WEB 2\TUGAS\PRTIKUM KE 2\system\Database\BaseBuilder.php(1649): CodeIgniter\Database\BaseConnection->query('SELECT *\nFROM `...', Array, false)
#4 D:\RONAL\KULIAH\SEMESTER 5\WEB 2\TUGAS\PRTIKUM KE 2\app\Models\UserModel.php(39): CodeIgniter\Database\BaseBuilder->get()
#5 D:\RONAL\KULIAH\SEMESTER 5\WEB 2\TUGAS\PRTIKUM KE 2\app\Controllers\Login.php(30): App\Models\UserModel->findUserByCredential('mronal.afendi04...')
#6 D:\RONAL\KULIAH\SEMESTER 5\WEB 2\TUGAS\PRTIKUM KE 2\system\CodeIgniter.php(933): App\Controllers\Login->authenticate()
#7 D:\RONAL\KULIAH\SEMESTER 5\WEB 2\TUGAS\PRTIKUM KE 2\system\CodeIgniter.php(507): CodeIgniter\CodeIgniter->runController(Object(App\Controllers\Login))
#8 D:\RONAL\KULIAH\SEMESTER 5\WEB 2\TUGAS\PRTIKUM KE 2\system\CodeIgniter.php(354): CodeIgniter\CodeIgniter->handleRequest(NULL, Object(Config\Cache), false)
#9 D:\RONAL\KULIAH\SEMESTER 5\WEB 2\TUGAS\PRTIKUM KE 2\system\Boot.php(363): CodeIgniter\CodeIgniter->run()
#10 D:\RONAL\KULIAH\SEMESTER 5\WEB 2\TUGAS\PRTIKUM KE 2\system\Boot.php(68): CodeIgniter\Boot::runCodeIgniter(Object(CodeIgniter\CodeIgniter))
#11 D:\RONAL\KULIAH\SEMESTER 5\WEB 2\TUGAS\PRTIKUM KE 2\public\index.php(59): CodeIgniter\Boot::bootWeb(Object(Config\Paths))
#12 D:\RONAL\KULIAH\SEMESTER 5\WEB 2\TUGAS\PRTIKUM KE 2\system\rewrite.php(44): require_once('D:\\RONAL\\KULIAH...')
#13 {main}
CRITICAL - 2025-12-02 09:10:57 --> CodeIgniter\Database\Exceptions\DatabaseException: Unknown column 'nohp' in 'where clause'
[Method: POST, Route: login/authenticate]
in SYSTEMPATH\Database\BaseConnection.php on line 684.
 1 SYSTEMPATH\Database\BaseBuilder.php(1649): CodeIgniter\Database\BaseConnection->query('SELECT *
FROM `penyewa`
WHERE `email` = :email:
OR `nohp` = :nohp:
OR `nama_penyewa` = :nama_penyewa:', [...], false)
 2 APPPATH\Models\UserModel.php(39): CodeIgniter\Database\BaseBuilder->get()
 3 APPPATH\Controllers\Login.php(30): App\Models\UserModel->findUserByCredential('mronal.afendi04@gmail.com')
 4 SYSTEMPATH\CodeIgniter.php(933): App\Controllers\Login->authenticate()
 5 SYSTEMPATH\CodeIgniter.php(507): CodeIgniter\CodeIgniter->runController(Object(App\Controllers\Login))
 6 SYSTEMPATH\CodeIgniter.php(354): CodeIgniter\CodeIgniter->handleRequest(null, Object(Config\Cache), false)
 7 SYSTEMPATH\Boot.php(363): CodeIgniter\CodeIgniter->run()
 8 SYSTEMPATH\Boot.php(68): CodeIgniter\Boot::runCodeIgniter(Object(CodeIgniter\CodeIgniter))
 9 FCPATH\index.php(59): CodeIgniter\Boot::bootWeb(Object(Config\Paths))
10 SYSTEMPATH\rewrite.php(44): require_once('D:\\RONAL\\KULIAH\\SEMESTER 5\\WEB 2\\TUGAS\\PRTIKUM KE 2\\public\\index.php')
CRITICAL - 2025-12-02 09:10:57 --> [Caused by] CodeIgniter\Database\Exceptions\DatabaseException: Unknown column 'nohp' in 'where clause'
in SYSTEMPATH\Database\MySQLi\Connection.php on line 332.
 1 SYSTEMPATH\Database\BaseConnection.php(729): CodeIgniter\Database\MySQLi\Connection->execute('SELECT *
FROM `penyewa`
WHERE `email` = \'mronal.afendi04@gmail.com\'
OR `nohp` = \'mronal.afendi04@gmail.com\'
OR `nama_penyewa` = \'mronal.afendi04@gmail.com\'')
 2 SYSTEMPATH\Database\BaseConnection.php(646): CodeIgniter\Database\BaseConnection->simpleQuery('SELECT *
FROM `penyewa`
WHERE `email` = \'mronal.afendi04@gmail.com\'
OR `nohp` = \'mronal.afendi04@gmail.com\'
OR `nama_penyewa` = \'mronal.afendi04@gmail.com\'')
 3 SYSTEMPATH\Database\BaseBuilder.php(1649): CodeIgniter\Database\BaseConnection->query('SELECT *
FROM `penyewa`
WHERE `email` = :email:
OR `nohp` = :nohp:
OR `nama_penyewa` = :nama_penyewa:', [...], false)
 4 APPPATH\Models\UserModel.php(39): CodeIgniter\Database\BaseBuilder->get()
 5 APPPATH\Controllers\Login.php(30): App\Models\UserModel->findUserByCredential('mronal.afendi04@gmail.com')
 6 SYSTEMPATH\CodeIgniter.php(933): App\Controllers\Login->authenticate()
 7 SYSTEMPATH\CodeIgniter.php(507): CodeIgniter\CodeIgniter->runController(Object(App\Controllers\Login))
 8 SYSTEMPATH\CodeIgniter.php(354): CodeIgniter\CodeIgniter->handleRequest(null, Object(Config\Cache), false)
 9 SYSTEMPATH\Boot.php(363): CodeIgniter\CodeIgniter->run()
10 SYSTEMPATH\Boot.php(68): CodeIgniter\Boot::runCodeIgniter(Object(CodeIgniter\CodeIgniter))
11 FCPATH\index.php(59): CodeIgniter\Boot::bootWeb(Object(Config\Paths))
12 SYSTEMPATH\rewrite.php(44): require_once('D:\\RONAL\\KULIAH\\SEMESTER 5\\WEB 2\\TUGAS\\PRTIKUM KE 2\\public\\index.php')
CRITICAL - 2025-12-02 09:10:57 --> [Caused by] mysqli_sql_exception: Unknown column 'nohp' in 'where clause'
in SYSTEMPATH\Database\MySQLi\Connection.php on line 327.
 1 SYSTEMPATH\Database\MySQLi\Connection.php(327): mysqli->query('SELECT *
FROM `penyewa`
WHERE `email` = \'mronal.afendi04@gmail.com\'
OR `nohp` = \'mronal.afendi04@gmail.com\'
OR `nama_penyewa` = \'mronal.afendi04@gmail.com\'', 0)
 2 SYSTEMPATH\Database\BaseConnection.php(729): CodeIgniter\Database\MySQLi\Connection->execute('SELECT *
FROM `penyewa`
WHERE `email` = \'mronal.afendi04@gmail.com\'
OR `nohp` = \'mronal.afendi04@gmail.com\'
OR `nama_penyewa` = \'mronal.afendi04@gmail.com\'')
 3 SYSTEMPATH\Database\BaseConnection.php(646): CodeIgniter\Database\BaseConnection->simpleQuery('SELECT *
FROM `penyewa`
WHERE `email` = \'mronal.afendi04@gmail.com\'
OR `nohp` = \'mronal.afendi04@gmail.com\'
OR `nama_penyewa` = \'mronal.afendi04@gmail.com\'')
 4 SYSTEMPATH\Database\BaseBuilder.php(1649): CodeIgniter\Database\BaseConnection->query('SELECT *
FROM `penyewa`
WHERE `email` = :email:
OR `nohp` = :nohp:
OR `nama_penyewa` = :nama_penyewa:', [...], false)
 5 APPPATH\Models\UserModel.php(39): CodeIgniter\Database\BaseBuilder->get()
 6 APPPATH\Controllers\Login.php(30): App\Models\UserModel->findUserByCredential('mronal.afendi04@gmail.com')
 7 SYSTEMPATH\CodeIgniter.php(933): App\Controllers\Login->authenticate()
 8 SYSTEMPATH\CodeIgniter.php(507): CodeIgniter\CodeIgniter->runController(Object(App\Controllers\Login))
 9 SYSTEMPATH\CodeIgniter.php(354): CodeIgniter\CodeIgniter->handleRequest(null, Object(Config\Cache), false)
10 SYSTEMPATH\Boot.php(363): CodeIgniter\CodeIgniter->run()
11 SYSTEMPATH\Boot.php(68): CodeIgniter\Boot::runCodeIgniter(Object(CodeIgniter\CodeIgniter))
12 FCPATH\index.php(59): CodeIgniter\Boot::bootWeb(Object(Config\Paths))
13 SYSTEMPATH\rewrite.php(44): require_once('D:\\RONAL\\KULIAH\\SEMESTER 5\\WEB 2\\TUGAS\\PRTIKUM KE 2\\public\\index.php')
ERROR - 2025-12-02 10:39:57 --> mysqli_sql_exception: Unknown column 'jabatan.nama_jabatan' in 'field list' in D:\RONAL\KULIAH\SEMESTER 5\WEB 2\TUGAS\PRTIKUM KE 2\system\Database\MySQLi\Connection.php:327
Stack trace:
#0 D:\RONAL\KULIAH\SEMESTER 5\WEB 2\TUGAS\PRTIKUM KE 2\system\Database\MySQLi\Connection.php(327): mysqli->query('SELECT `karyawa...', 0)
#1 D:\RONAL\KULIAH\SEMESTER 5\WEB 2\TUGAS\PRTIKUM KE 2\system\Database\BaseConnection.php(729): CodeIgniter\Database\MySQLi\Connection->execute('SELECT `karyawa...')
#2 D:\RONAL\KULIAH\SEMESTER 5\WEB 2\TUGAS\PRTIKUM KE 2\system\Database\BaseConnection.php(646): CodeIgniter\Database\BaseConnection->simpleQuery('SELECT `karyawa...')
#3 D:\RONAL\KULIAH\SEMESTER 5\WEB 2\TUGAS\PRTIKUM KE 2\system\Database\BaseBuilder.php(1649): CodeIgniter\Database\BaseConnection->query('SELECT `karyawa...', Array, false)
#4 D:\RONAL\KULIAH\SEMESTER 5\WEB 2\TUGAS\PRTIKUM KE 2\app\Models\KaryawanModel.php(19): CodeIgniter\Database\BaseBuilder->get()
#5 D:\RONAL\KULIAH\SEMESTER 5\WEB 2\TUGAS\PRTIKUM KE 2\app\Controllers\Karyawan.php(23): App\Models\KaryawanModel->getWithJabatan()
#6 D:\RONAL\KULIAH\SEMESTER 5\WEB 2\TUGAS\PRTIKUM KE 2\system\CodeIgniter.php(933): App\Controllers\Karyawan->index()
#7 D:\RONAL\KULIAH\SEMESTER 5\WEB 2\TUGAS\PRTIKUM KE 2\system\CodeIgniter.php(507): CodeIgniter\CodeIgniter->runController(Object(App\Controllers\Karyawan))
#8 D:\RONAL\KULIAH\SEMESTER 5\WEB 2\TUGAS\PRTIKUM KE 2\system\CodeIgniter.php(354): CodeIgniter\CodeIgniter->handleRequest(NULL, Object(Config\Cache), false)
#9 D:\RONAL\KULIAH\SEMESTER 5\WEB 2\TUGAS\PRTIKUM KE 2\system\Boot.php(363): CodeIgniter\CodeIgniter->run()
#10 D:\RONAL\KULIAH\SEMESTER 5\WEB 2\TUGAS\PRTIKUM KE 2\system\Boot.php(68): CodeIgniter\Boot::runCodeIgniter(Object(CodeIgniter\CodeIgniter))
#11 D:\RONAL\KULIAH\SEMESTER 5\WEB 2\TUGAS\PRTIKUM KE 2\public\index.php(59): CodeIgniter\Boot::bootWeb(Object(Config\Paths))
#12 D:\RONAL\KULIAH\SEMESTER 5\WEB 2\TUGAS\PRTIKUM KE 2\system\rewrite.php(44): require_once('D:\\RONAL\\KULIAH...')
#13 {main}
CRITICAL - 2025-12-02 10:39:57 --> CodeIgniter\Database\Exceptions\DatabaseException: Unknown column 'jabatan.nama_jabatan' in 'field list'
[Method: GET, Route: karyawan]
in SYSTEMPATH\Database\BaseConnection.php on line 684.
 1 SYSTEMPATH\Database\BaseBuilder.php(1649): CodeIgniter\Database\BaseConnection->query('SELECT `karyawan`.*, `jabatan`.`nama_jabatan`
FROM `karyawan`
JOIN `jabatan` ON `karyawan`.`idjabatan` = `jabatan`.`idjabatan`', [], false)
 2 APPPATH\Models\KaryawanModel.php(19): CodeIgniter\Database\BaseBuilder->get()
 3 APPPATH\Controllers\Karyawan.php(23): App\Models\KaryawanModel->getWithJabatan()
 4 SYSTEMPATH\CodeIgniter.php(933): App\Controllers\Karyawan->index()
 5 SYSTEMPATH\CodeIgniter.php(507): CodeIgniter\CodeIgniter->runController(Object(App\Controllers\Karyawan))
 6 SYSTEMPATH\CodeIgniter.php(354): CodeIgniter\CodeIgniter->handleRequest(null, Object(Config\Cache), false)
 7 SYSTEMPATH\Boot.php(363): CodeIgniter\CodeIgniter->run()
 8 SYSTEMPATH\Boot.php(68): CodeIgniter\Boot::runCodeIgniter(Object(CodeIgniter\CodeIgniter))
 9 FCPATH\index.php(59): CodeIgniter\Boot::bootWeb(Object(Config\Paths))
10 SYSTEMPATH\rewrite.php(44): require_once('D:\\RONAL\\KULIAH\\SEMESTER 5\\WEB 2\\TUGAS\\PRTIKUM KE 2\\public\\index.php')
CRITICAL - 2025-12-02 10:39:57 --> [Caused by] CodeIgniter\Database\Exceptions\DatabaseException: Unknown column 'jabatan.nama_jabatan' in 'field list'
in SYSTEMPATH\Database\MySQLi\Connection.php on line 332.
 1 SYSTEMPATH\Database\BaseConnection.php(729): CodeIgniter\Database\MySQLi\Connection->execute('SELECT `karyawan`.*, `jabatan`.`nama_jabatan`
FROM `karyawan`
JOIN `jabatan` ON `karyawan`.`idjabatan` = `jabatan`.`idjabatan`')
 2 SYSTEMPATH\Database\BaseConnection.php(646): CodeIgniter\Database\BaseConnection->simpleQuery('SELECT `karyawan`.*, `jabatan`.`nama_jabatan`
FROM `karyawan`
JOIN `jabatan` ON `karyawan`.`idjabatan` = `jabatan`.`idjabatan`')
 3 SYSTEMPATH\Database\BaseBuilder.php(1649): CodeIgniter\Database\BaseConnection->query('SELECT `karyawan`.*, `jabatan`.`nama_jabatan`
FROM `karyawan`
JOIN `jabatan` ON `karyawan`.`idjabatan` = `jabatan`.`idjabatan`', [], false)
 4 APPPATH\Models\KaryawanModel.php(19): CodeIgniter\Database\BaseBuilder->get()
 5 APPPATH\Controllers\Karyawan.php(23): App\Models\KaryawanModel->getWithJabatan()
 6 SYSTEMPATH\CodeIgniter.php(933): App\Controllers\Karyawan->index()
 7 SYSTEMPATH\CodeIgniter.php(507): CodeIgniter\CodeIgniter->runController(Object(App\Controllers\Karyawan))
 8 SYSTEMPATH\CodeIgniter.php(354): CodeIgniter\CodeIgniter->handleRequest(null, Object(Config\Cache), false)
 9 SYSTEMPATH\Boot.php(363): CodeIgniter\CodeIgniter->run()
10 SYSTEMPATH\Boot.php(68): CodeIgniter\Boot::runCodeIgniter(Object(CodeIgniter\CodeIgniter))
11 FCPATH\index.php(59): CodeIgniter\Boot::bootWeb(Object(Config\Paths))
12 SYSTEMPATH\rewrite.php(44): require_once('D:\\RONAL\\KULIAH\\SEMESTER 5\\WEB 2\\TUGAS\\PRTIKUM KE 2\\public\\index.php')
CRITICAL - 2025-12-02 10:39:57 --> [Caused by] mysqli_sql_exception: Unknown column 'jabatan.nama_jabatan' in 'field list'
in SYSTEMPATH\Database\MySQLi\Connection.php on line 327.
 1 SYSTEMPATH\Database\MySQLi\Connection.php(327): mysqli->query('SELECT `karyawan`.*, `jabatan`.`nama_jabatan`
FROM `karyawan`
JOIN `jabatan` ON `karyawan`.`idjabatan` = `jabatan`.`idjabatan`', 0)
 2 SYSTEMPATH\Database\BaseConnection.php(729): CodeIgniter\Database\MySQLi\Connection->execute('SELECT `karyawan`.*, `jabatan`.`nama_jabatan`
FROM `karyawan`
JOIN `jabatan` ON `karyawan`.`idjabatan` = `jabatan`.`idjabatan`')
 3 SYSTEMPATH\Database\BaseConnection.php(646): CodeIgniter\Database\BaseConnection->simpleQuery('SELECT `karyawan`.*, `jabatan`.`nama_jabatan`
FROM `karyawan`
JOIN `jabatan` ON `karyawan`.`idjabatan` = `jabatan`.`idjabatan`')
 4 SYSTEMPATH\Database\BaseBuilder.php(1649): CodeIgniter\Database\BaseConnection->query('SELECT `karyawan`.*, `jabatan`.`nama_jabatan`
FROM `karyawan`
JOIN `jabatan` ON `karyawan`.`idjabatan` = `jabatan`.`idjabatan`', [], false)
 5 APPPATH\Models\KaryawanModel.php(19): CodeIgniter\Database\BaseBuilder->get()
 6 APPPATH\Controllers\Karyawan.php(23): App\Models\KaryawanModel->getWithJabatan()
 7 SYSTEMPATH\CodeIgniter.php(933): App\Controllers\Karyawan->index()
 8 SYSTEMPATH\CodeIgniter.php(507): CodeIgniter\CodeIgniter->runController(Object(App\Controllers\Karyawan))
 9 SYSTEMPATH\CodeIgniter.php(354): CodeIgniter\CodeIgniter->handleRequest(null, Object(Config\Cache), false)
10 SYSTEMPATH\Boot.php(363): CodeIgniter\CodeIgniter->run()
11 SYSTEMPATH\Boot.php(68): CodeIgniter\Boot::runCodeIgniter(Object(CodeIgniter\CodeIgniter))
12 FCPATH\index.php(59): CodeIgniter\Boot::bootWeb(Object(Config\Paths))
13 SYSTEMPATH\rewrite.php(44): require_once('D:\\RONAL\\KULIAH\\SEMESTER 5\\WEB 2\\TUGAS\\PRTIKUM KE 2\\public\\index.php')
DEBUG - 2025-12-02 10:40:32 --> Session: Class initialized using 'CodeIgniter\Session\Handlers\FileHandler' driver.
DEBUG - 2025-12-02 10:42:06 --> Session: Class initialized using 'CodeIgniter\Session\Handlers\FileHandler' driver.
DEBUG - 2025-12-02 10:42:35 --> Session: Class initialized using 'CodeIgniter\Session\Handlers\FileHandler' driver.
DEBUG - 2025-12-02 10:43:26 --> Session: Class initialized using 'CodeIgniter\Session\Handlers\FileHandler' driver.
DEBUG - 2025-12-02 10:43:52 --> Session: Class initialized using 'CodeIgniter\Session\Handlers\FileHandler' driver.
DEBUG - 2025-12-02 10:43:52 --> Session: Class initialized using 'CodeIgniter\Session\Handlers\FileHandler' driver.
DEBUG - 2025-12-02 10:45:34 --> Session: Class initialized using 'CodeIgniter\Session\Handlers\FileHandler' driver.
DEBUG - 2025-12-02 10:45:45 --> Session: Class initialized using 'CodeIgniter\Session\Handlers\FileHandler' driver.
DEBUG - 2025-12-02 10:45:46 --> Session: Class initialized using 'CodeIgniter\Session\Handlers\FileHandler' driver.
DEBUG - 2025-12-02 10:48:02 --> Session: Class initialized using 'CodeIgniter\Session\Handlers\FileHandler' driver.
DEBUG - 2025-12-02 10:49:19 --> Session: Class initialized using 'CodeIgniter\Session\Handlers\FileHandler' driver.
CRITICAL - 2025-12-02 10:49:19 --> CodeIgniter\Database\Exceptions\DatabaseException: You must set the database table to be used with your query.
[Method: POST, Route: login/authenticate]
in SYSTEMPATH\Database\BaseConnection.php on line 944.
 1 SYSTEMPATH\Model.php(713): CodeIgniter\Database\BaseConnection->table(null)
 2 SYSTEMPATH\Model.php(917): CodeIgniter\Model->builder()
 3 APPPATH\Controllers\Login.php(30): CodeIgniter\Model->__call('findUserByCredential', [...])
 4 SYSTEMPATH\CodeIgniter.php(933): App\Controllers\Login->authenticate()
 5 SYSTEMPATH\CodeIgniter.php(507): CodeIgniter\CodeIgniter->runController(Object(App\Controllers\Login))
 6 SYSTEMPATH\CodeIgniter.php(354): CodeIgniter\CodeIgniter->handleRequest(null, Object(Config\Cache), false)
 7 SYSTEMPATH\Boot.php(363): CodeIgniter\CodeIgniter->run()
 8 SYSTEMPATH\Boot.php(68): CodeIgniter\Boot::runCodeIgniter(Object(CodeIgniter\CodeIgniter))
 9 FCPATH\index.php(59): CodeIgniter\Boot::bootWeb(Object(Config\Paths))
10 SYSTEMPATH\rewrite.php(44): require_once('D:\\RONAL\\KULIAH\\SEMESTER 5\\WEB 2\\TUGAS\\PRTIKUM KE 2\\public\\index.php')
DEBUG - 2025-12-02 10:49:49 --> Session: Class initialized using 'CodeIgniter\Session\Handlers\FileHandler' driver.
CRITICAL - 2025-12-02 10:49:49 --> CodeIgniter\Database\Exceptions\DatabaseException: You must set the database table to be used with your query.
[Method: POST, Route: login/authenticate]
in SYSTEMPATH\Database\BaseConnection.php on line 944.
 1 SYSTEMPATH\Model.php(713): CodeIgniter\Database\BaseConnection->table(null)
 2 SYSTEMPATH\Model.php(917): CodeIgniter\Model->builder()
 3 APPPATH\Controllers\Login.php(30): CodeIgniter\Model->__call('findUserByCredential', [...])
 4 SYSTEMPATH\CodeIgniter.php(933): App\Controllers\Login->authenticate()
 5 SYSTEMPATH\CodeIgniter.php(507): CodeIgniter\CodeIgniter->runController(Object(App\Controllers\Login))
 6 SYSTEMPATH\CodeIgniter.php(354): CodeIgniter\CodeIgniter->handleRequest(null, Object(Config\Cache), false)
 7 SYSTEMPATH\Boot.php(363): CodeIgniter\CodeIgniter->run()
 8 SYSTEMPATH\Boot.php(68): CodeIgniter\Boot::runCodeIgniter(Object(CodeIgniter\CodeIgniter))
 9 FCPATH\index.php(59): CodeIgniter\Boot::bootWeb(Object(Config\Paths))
10 SYSTEMPATH\rewrite.php(44): require_once('D:\\RONAL\\KULIAH\\SEMESTER 5\\WEB 2\\TUGAS\\PRTIKUM KE 2\\public\\index.php')
DEBUG - 2025-12-02 10:52:40 --> Session: Class initialized using 'CodeIgniter\Session\Handlers\FileHandler' driver.
CRITICAL - 2025-12-02 10:52:40 --> CodeIgniter\Database\Exceptions\DatabaseException: You must set the database table to be used with your query.
[Method: POST, Route: login/authenticate]
in SYSTEMPATH\Database\BaseConnection.php on line 944.
 1 SYSTEMPATH\Model.php(713): CodeIgniter\Database\BaseConnection->table(null)
 2 SYSTEMPATH\Model.php(917): CodeIgniter\Model->builder()
 3 APPPATH\Controllers\Login.php(30): CodeIgniter\Model->__call('findUserByCredential', [...])
 4 SYSTEMPATH\CodeIgniter.php(933): App\Controllers\Login->authenticate()
 5 SYSTEMPATH\CodeIgniter.php(507): CodeIgniter\CodeIgniter->runController(Object(App\Controllers\Login))
 6 SYSTEMPATH\CodeIgniter.php(354): CodeIgniter\CodeIgniter->handleRequest(null, Object(Config\Cache), false)
 7 SYSTEMPATH\Boot.php(363): CodeIgniter\CodeIgniter->run()
 8 SYSTEMPATH\Boot.php(68): CodeIgniter\Boot::runCodeIgniter(Object(CodeIgniter\CodeIgniter))
 9 FCPATH\index.php(59): CodeIgniter\Boot::bootWeb(Object(Config\Paths))
10 SYSTEMPATH\rewrite.php(44): require_once('D:\\RONAL\\KULIAH\\SEMESTER 5\\WEB 2\\TUGAS\\PRTIKUM KE 2\\public\\index.php')
DEBUG - 2025-12-02 10:53:05 --> Session: Class initialized using 'CodeIgniter\Session\Handlers\FileHandler' driver.
DEBUG - 2025-12-02 10:53:14 --> Session: Class initialized using 'CodeIgniter\Session\Handlers\FileHandler' driver.
CRITICAL - 2025-12-02 10:53:14 --> CodeIgniter\Database\Exceptions\DatabaseException: You must set the database table to be used with your query.
[Method: POST, Route: login/authenticate]
in SYSTEMPATH\Database\BaseConnection.php on line 944.
 1 SYSTEMPATH\Model.php(713): CodeIgniter\Database\BaseConnection->table(null)
 2 SYSTEMPATH\Model.php(917): CodeIgniter\Model->builder()
 3 APPPATH\Controllers\Login.php(30): CodeIgniter\Model->__call('findUserByCredential', [...])
 4 SYSTEMPATH\CodeIgniter.php(933): App\Controllers\Login->authenticate()
 5 SYSTEMPATH\CodeIgniter.php(507): CodeIgniter\CodeIgniter->runController(Object(App\Controllers\Login))
 6 SYSTEMPATH\CodeIgniter.php(354): CodeIgniter\CodeIgniter->handleRequest(null, Object(Config\Cache), false)
 7 SYSTEMPATH\Boot.php(363): CodeIgniter\CodeIgniter->run()
 8 SYSTEMPATH\Boot.php(68): CodeIgniter\Boot::runCodeIgniter(Object(CodeIgniter\CodeIgniter))
 9 FCPATH\index.php(59): CodeIgniter\Boot::bootWeb(Object(Config\Paths))
10 SYSTEMPATH\rewrite.php(44): require_once('D:\\RONAL\\KULIAH\\SEMESTER 5\\WEB 2\\TUGAS\\PRTIKUM KE 2\\public\\index.php')
DEBUG - 2025-12-02 10:59:32 --> Session: Class initialized using 'CodeIgniter\Session\Handlers\FileHandler' driver.
CRITICAL - 2025-12-02 10:59:32 --> CodeIgniter\Database\Exceptions\DatabaseException: You must set the database table to be used with your query.
[Method: POST, Route: login/authenticate]
in SYSTEMPATH\Database\BaseConnection.php on line 944.
 1 SYSTEMPATH\Model.php(713): CodeIgniter\Database\BaseConnection->table('')
 2 SYSTEMPATH\Model.php(917): CodeIgniter\Model->builder()
 3 APPPATH\Controllers\Login.php(39): CodeIgniter\Model->__call('verifyPassword', [...])
 4 SYSTEMPATH\CodeIgniter.php(933): App\Controllers\Login->authenticate()
 5 SYSTEMPATH\CodeIgniter.php(507): CodeIgniter\CodeIgniter->runController(Object(App\Controllers\Login))
 6 SYSTEMPATH\CodeIgniter.php(354): CodeIgniter\CodeIgniter->handleRequest(null, Object(Config\Cache), false)
 7 SYSTEMPATH\Boot.php(363): CodeIgniter\CodeIgniter->run()
 8 SYSTEMPATH\Boot.php(68): CodeIgniter\Boot::runCodeIgniter(Object(CodeIgniter\CodeIgniter))
 9 FCPATH\index.php(59): CodeIgniter\Boot::bootWeb(Object(Config\Paths))
10 SYSTEMPATH\rewrite.php(44): require_once('D:\\RONAL\\KULIAH\\SEMESTER 5\\WEB 2\\TUGAS\\PRTIKUM KE 2\\public\\index.php')
DEBUG - 2025-12-02 10:59:34 --> Session: Class initialized using 'CodeIgniter\Session\Handlers\FileHandler' driver.
DEBUG - 2025-12-02 10:59:39 --> Session: Class initialized using 'CodeIgniter\Session\Handlers\FileHandler' driver.
CRITICAL - 2025-12-02 10:59:39 --> CodeIgniter\Database\Exceptions\DatabaseException: You must set the database table to be used with your query.
[Method: POST, Route: login/authenticate]
in SYSTEMPATH\Database\BaseConnection.php on line 944.
 1 SYSTEMPATH\Model.php(713): CodeIgniter\Database\BaseConnection->table('')
 2 SYSTEMPATH\Model.php(917): CodeIgniter\Model->builder()
 3 APPPATH\Controllers\Login.php(39): CodeIgniter\Model->__call('verifyPassword', [...])
 4 SYSTEMPATH\CodeIgniter.php(933): App\Controllers\Login->authenticate()
 5 SYSTEMPATH\CodeIgniter.php(507): CodeIgniter\CodeIgniter->runController(Object(App\Controllers\Login))
 6 SYSTEMPATH\CodeIgniter.php(354): CodeIgniter\CodeIgniter->handleRequest(null, Object(Config\Cache), false)
 7 SYSTEMPATH\Boot.php(363): CodeIgniter\CodeIgniter->run()
 8 SYSTEMPATH\Boot.php(68): CodeIgniter\Boot::runCodeIgniter(Object(CodeIgniter\CodeIgniter))
 9 FCPATH\index.php(59): CodeIgniter\Boot::bootWeb(Object(Config\Paths))
10 SYSTEMPATH\rewrite.php(44): require_once('D:\\RONAL\\KULIAH\\SEMESTER 5\\WEB 2\\TUGAS\\PRTIKUM KE 2\\public\\index.php')
CRITICAL - 2025-12-02 11:03:15 --> CodeIgniter\View\Exceptions\ViewException: Invalid file: "login.php"
[Method: GET, Route: login]
in SYSTEMPATH\Exceptions\FrameworkException.php on line 39.
 1 SYSTEMPATH\View\View.php(214): CodeIgniter\Exceptions\FrameworkException::forInvalidFile('login.php')
 2 SYSTEMPATH\Common.php(1167): CodeIgniter\View\View->render('login', [], true)
 3 APPPATH\Controllers\Login.php(13): view('login')
 4 SYSTEMPATH\CodeIgniter.php(933): App\Controllers\Login->index()
 5 SYSTEMPATH\CodeIgniter.php(507): CodeIgniter\CodeIgniter->runController(Object(App\Controllers\Login))
 6 SYSTEMPATH\CodeIgniter.php(354): CodeIgniter\CodeIgniter->handleRequest(null, Object(Config\Cache), false)
 7 SYSTEMPATH\Boot.php(363): CodeIgniter\CodeIgniter->run()
 8 SYSTEMPATH\Boot.php(68): CodeIgniter\Boot::runCodeIgniter(Object(CodeIgniter\CodeIgniter))
 9 FCPATH\index.php(59): CodeIgniter\Boot::bootWeb(Object(Config\Paths))
10 SYSTEMPATH\rewrite.php(44): require_once('D:\\RONAL\\KULIAH\\SEMESTER 5\\WEB 2\\TUGAS\\PRTIKUM KE 2\\public\\index.php')
CRITICAL - 2025-12-02 11:03:29 --> CodeIgniter\View\Exceptions\ViewException: Invalid file: "login.php"
[Method: GET, Route: login]
in SYSTEMPATH\Exceptions\FrameworkException.php on line 39.
 1 SYSTEMPATH\View\View.php(214): CodeIgniter\Exceptions\FrameworkException::forInvalidFile('login.php')
 2 SYSTEMPATH\Common.php(1167): CodeIgniter\View\View->render('login', [], true)
 3 APPPATH\Controllers\Login.php(13): view('login')
 4 SYSTEMPATH\CodeIgniter.php(933): App\Controllers\Login->index()
 5 SYSTEMPATH\CodeIgniter.php(507): CodeIgniter\CodeIgniter->runController(Object(App\Controllers\Login))
 6 SYSTEMPATH\CodeIgniter.php(354): CodeIgniter\CodeIgniter->handleRequest(null, Object(Config\Cache), false)
 7 SYSTEMPATH\Boot.php(363): CodeIgniter\CodeIgniter->run()
 8 SYSTEMPATH\Boot.php(68): CodeIgniter\Boot::runCodeIgniter(Object(CodeIgniter\CodeIgniter))
 9 FCPATH\index.php(59): CodeIgniter\Boot::bootWeb(Object(Config\Paths))
10 SYSTEMPATH\rewrite.php(44): require_once('D:\\RONAL\\KULIAH\\SEMESTER 5\\WEB 2\\TUGAS\\PRTIKUM KE 2\\public\\index.php')
DEBUG - 2025-12-02 11:04:04 --> Session: Class initialized using 'CodeIgniter\Session\Handlers\FileHandler' driver.
DEBUG - 2025-12-02 11:04:10 --> Session: Class initialized using 'CodeIgniter\Session\Handlers\FileHandler' driver.
CRITICAL - 2025-12-02 11:04:10 --> CodeIgniter\Database\Exceptions\DatabaseException: You must set the database table to be used with your query.
[Method: POST, Route: login/authenticate]
in SYSTEMPATH\Database\BaseConnection.php on line 944.
 1 SYSTEMPATH\Model.php(713): CodeIgniter\Database\BaseConnection->table(null)
 2 SYSTEMPATH\Model.php(917): CodeIgniter\Model->builder()
 3 APPPATH\Controllers\Login.php(30): CodeIgniter\Model->__call('findUserByCredential', [...])
 4 SYSTEMPATH\CodeIgniter.php(933): App\Controllers\Login->authenticate()
 5 SYSTEMPATH\CodeIgniter.php(507): CodeIgniter\CodeIgniter->runController(Object(App\Controllers\Login))
 6 SYSTEMPATH\CodeIgniter.php(354): CodeIgniter\CodeIgniter->handleRequest(null, Object(Config\Cache), false)
 7 SYSTEMPATH\Boot.php(363): CodeIgniter\CodeIgniter->run()
 8 SYSTEMPATH\Boot.php(68): CodeIgniter\Boot::runCodeIgniter(Object(CodeIgniter\CodeIgniter))
 9 FCPATH\index.php(59): CodeIgniter\Boot::bootWeb(Object(Config\Paths))
10 SYSTEMPATH\rewrite.php(44): require_once('D:\\RONAL\\KULIAH\\SEMESTER 5\\WEB 2\\TUGAS\\PRTIKUM KE 2\\public\\index.php')
DEBUG - 2025-12-02 11:07:42 --> Session: Class initialized using 'CodeIgniter\Session\Handlers\FileHandler' driver.
DEBUG - 2025-12-02 11:08:06 --> Session: Class initialized using 'CodeIgniter\Session\Handlers\FileHandler' driver.
DEBUG - 2025-12-02 11:08:07 --> Session: Class initialized using 'CodeIgniter\Session\Handlers\FileHandler' driver.
DEBUG - 2025-12-02 11:08:15 --> Session: Class initialized using 'CodeIgniter\Session\Handlers\FileHandler' driver.
DEBUG - 2025-12-02 11:08:31 --> Session: Class initialized using 'CodeIgniter\Session\Handlers\FileHandler' driver.
CRITICAL - 2025-12-02 11:08:31 --> CodeIgniter\Database\Exceptions\DatabaseException: You must set the database table to be used with your query.
[Method: POST, Route: login/authenticate]
in SYSTEMPATH\Database\BaseConnection.php on line 944.
 1 SYSTEMPATH\Model.php(713): CodeIgniter\Database\BaseConnection->table(null)
 2 SYSTEMPATH\Model.php(917): CodeIgniter\Model->builder()
 3 APPPATH\Controllers\Login.php(30): CodeIgniter\Model->__call('findUserByCredential', [...])
 4 SYSTEMPATH\CodeIgniter.php(933): App\Controllers\Login->authenticate()
 5 SYSTEMPATH\CodeIgniter.php(507): CodeIgniter\CodeIgniter->runController(Object(App\Controllers\Login))
 6 SYSTEMPATH\CodeIgniter.php(354): CodeIgniter\CodeIgniter->handleRequest(null, Object(Config\Cache), false)
 7 SYSTEMPATH\Boot.php(363): CodeIgniter\CodeIgniter->run()
 8 SYSTEMPATH\Boot.php(68): CodeIgniter\Boot::runCodeIgniter(Object(CodeIgniter\CodeIgniter))
 9 FCPATH\index.php(59): CodeIgniter\Boot::bootWeb(Object(Config\Paths))
10 SYSTEMPATH\rewrite.php(44): require_once('D:\\RONAL\\KULIAH\\SEMESTER 5\\WEB 2\\TUGAS\\PRTIKUM KE 2\\public\\index.php')
DEBUG - 2025-12-02 11:10:37 --> Session: Class initialized using 'CodeIgniter\Session\Handlers\FileHandler' driver.
DEBUG - 2025-12-02 11:10:37 --> Session: Class initialized using 'CodeIgniter\Session\Handlers\FileHandler' driver.
CRITICAL - 2025-12-02 11:10:37 --> CodeIgniter\View\Exceptions\ViewException: Invalid file: "dashboard.php"
[Method: GET, Route: login/dashboard]
in SYSTEMPATH\Exceptions\FrameworkException.php on line 39.
 1 SYSTEMPATH\View\View.php(214): CodeIgniter\Exceptions\FrameworkException::forInvalidFile('dashboard.php')
 2 SYSTEMPATH\Common.php(1167): CodeIgniter\View\View->render('dashboard', [], true)
 3 APPPATH\Controllers\Login.php(62): view('dashboard', [...])
 4 SYSTEMPATH\CodeIgniter.php(933): App\Controllers\Login->dashboard()
 5 SYSTEMPATH\CodeIgniter.php(507): CodeIgniter\CodeIgniter->runController(Object(App\Controllers\Login))
 6 SYSTEMPATH\CodeIgniter.php(354): CodeIgniter\CodeIgniter->handleRequest(null, Object(Config\Cache), false)
 7 SYSTEMPATH\Boot.php(363): CodeIgniter\CodeIgniter->run()
 8 SYSTEMPATH\Boot.php(68): CodeIgniter\Boot::runCodeIgniter(Object(CodeIgniter\CodeIgniter))
 9 FCPATH\index.php(59): CodeIgniter\Boot::bootWeb(Object(Config\Paths))
10 SYSTEMPATH\rewrite.php(44): require_once('D:\\RONAL\\KULIAH\\SEMESTER 5\\WEB 2\\TUGAS\\PRTIKUM KE 2\\public\\index.php')
DEBUG - 2025-12-02 11:11:24 --> Session: Class initialized using 'CodeIgniter\Session\Handlers\FileHandler' driver.
CRITICAL - 2025-12-02 11:11:24 --> CodeIgniter\View\Exceptions\ViewException: Invalid file: "dashboard.php"
[Method: GET, Route: login/dashboard]
in SYSTEMPATH\Exceptions\FrameworkException.php on line 39.
 1 SYSTEMPATH\View\View.php(214): CodeIgniter\Exceptions\FrameworkException::forInvalidFile('dashboard.php')
 2 SYSTEMPATH\Common.php(1167): CodeIgniter\View\View->render('dashboard', [], true)
 3 APPPATH\Controllers\Login.php(62): view('dashboard', [...])
 4 SYSTEMPATH\CodeIgniter.php(933): App\Controllers\Login->dashboard()
 5 SYSTEMPATH\CodeIgniter.php(507): CodeIgniter\CodeIgniter->runController(Object(App\Controllers\Login))
 6 SYSTEMPATH\CodeIgniter.php(354): CodeIgniter\CodeIgniter->handleRequest(null, Object(Config\Cache), false)
 7 SYSTEMPATH\Boot.php(363): CodeIgniter\CodeIgniter->run()
 8 SYSTEMPATH\Boot.php(68): CodeIgniter\Boot::runCodeIgniter(Object(CodeIgniter\CodeIgniter))
 9 FCPATH\index.php(59): CodeIgniter\Boot::bootWeb(Object(Config\Paths))
10 SYSTEMPATH\rewrite.php(44): require_once('D:\\RONAL\\KULIAH\\SEMESTER 5\\WEB 2\\TUGAS\\PRTIKUM KE 2\\public\\index.php')
DEBUG - 2025-12-02 11:11:26 --> Session: Class initialized using 'CodeIgniter\Session\Handlers\FileHandler' driver.
CRITICAL - 2025-12-02 11:11:26 --> CodeIgniter\View\Exceptions\ViewException: Invalid file: "dashboard.php"
[Method: GET, Route: login/dashboard]
in SYSTEMPATH\Exceptions\FrameworkException.php on line 39.
 1 SYSTEMPATH\View\View.php(214): CodeIgniter\Exceptions\FrameworkException::forInvalidFile('dashboard.php')
 2 SYSTEMPATH\Common.php(1167): CodeIgniter\View\View->render('dashboard', [], true)
 3 APPPATH\Controllers\Login.php(62): view('dashboard', [...])
 4 SYSTEMPATH\CodeIgniter.php(933): App\Controllers\Login->dashboard()
 5 SYSTEMPATH\CodeIgniter.php(507): CodeIgniter\CodeIgniter->runController(Object(App\Controllers\Login))
 6 SYSTEMPATH\CodeIgniter.php(354): CodeIgniter\CodeIgniter->handleRequest(null, Object(Config\Cache), false)
 7 SYSTEMPATH\Boot.php(363): CodeIgniter\CodeIgniter->run()
 8 SYSTEMPATH\Boot.php(68): CodeIgniter\Boot::runCodeIgniter(Object(CodeIgniter\CodeIgniter))
 9 FCPATH\index.php(59): CodeIgniter\Boot::bootWeb(Object(Config\Paths))
10 SYSTEMPATH\rewrite.php(44): require_once('D:\\RONAL\\KULIAH\\SEMESTER 5\\WEB 2\\TUGAS\\PRTIKUM KE 2\\public\\index.php')
DEBUG - 2025-12-02 11:11:54 --> Session: Class initialized using 'CodeIgniter\Session\Handlers\FileHandler' driver.
DEBUG - 2025-12-02 11:12:11 --> Session: Class initialized using 'CodeIgniter\Session\Handlers\FileHandler' driver.
DEBUG - 2025-12-02 11:12:18 --> Session: Class initialized using 'CodeIgniter\Session\Handlers\FileHandler' driver.
DEBUG - 2025-12-02 11:12:18 --> Session: Class initialized using 'CodeIgniter\Session\Handlers\FileHandler' driver.
DEBUG - 2025-12-02 11:12:32 --> Session: Class initialized using 'CodeIgniter\Session\Handlers\FileHandler' driver.
DEBUG - 2025-12-02 11:12:32 --> Session: Class initialized using 'CodeIgniter\Session\Handlers\FileHandler' driver.
DEBUG - 2025-12-02 11:12:40 --> Session: Class initialized using 'CodeIgniter\Session\Handlers\FileHandler' driver.
DEBUG - 2025-12-02 11:12:43 --> Session: Class initialized using 'CodeIgniter\Session\Handlers\FileHandler' driver.
DEBUG - 2025-12-02 11:13:12 --> Session: Class initialized using 'CodeIgniter\Session\Handlers\FileHandler' driver.
DEBUG - 2025-12-02 11:13:12 --> Session: Class initialized using 'CodeIgniter\Session\Handlers\FileHandler' driver.
DEBUG - 2025-12-02 11:13:28 --> Session: Class initialized using 'CodeIgniter\Session\Handlers\FileHandler' driver.
DEBUG - 2025-12-02 11:13:28 --> Session: Class initialized using 'CodeIgniter\Session\Handlers\FileHandler' driver.
DEBUG - 2025-12-02 11:14:41 --> Session: Class initialized using 'CodeIgniter\Session\Handlers\FileHandler' driver.
DEBUG - 2025-12-02 11:14:41 --> Session: Class initialized using 'CodeIgniter\Session\Handlers\FileHandler' driver.
DEBUG - 2025-12-02 11:14:48 --> Session: Class initialized using 'CodeIgniter\Session\Handlers\FileHandler' driver.
DEBUG - 2025-12-02 11:15:03 --> Session: Class initialized using 'CodeIgniter\Session\Handlers\FileHandler' driver.
DEBUG - 2025-12-02 11:15:03 --> Session: Class initialized using 'CodeIgniter\Session\Handlers\FileHandler' driver.
